CGAL
Inserting
10000 0.00382719 0.00382728
20000 0.00697197 0.0107992
30000 0.0103232 0.0211224
40000 0.0140312 0.0351536
50000 0.0173726 0.0525262
60000 0.0197009 0.0722271
70000 0.022895 0.0951221
80000 0.0264143 0.121536
90000 0.029605 0.151141
100000 0.0338712 0.185013
110000 0.0418726 0.226885
120000 0.0397933 0.266678
130000 0.0449193 0.311598
140000 0.0466419 0.35824
150000 0.0505751 0.408815
160000 0.0539545 0.462769
170000 0.063093 0.525862
180000 0.0650584 0.590921
190000 0.0672871 0.658208
200000 0.0714098 0.729617
210000 0.0792013 0.808819
220000 0.0824277 0.891246
230000 0.0955714 0.986818
240000 0.0895132 1.07633
250000 0.109231 1.18556
260000 0.103627 1.28919
270000 0.107303 1.39649
280000 0.113622 1.51011
290000 0.120067 1.63018
300000 0.137464 1.76764
310000 0.132583 1.90023
320000 0.142893 2.04312
330000 0.150187 2.19331
340000 0.156994 2.3503
350000 0.161666 2.51197
360000 0.170398 2.68236
370000 0.174548 2.85691
380000 0.180899 3.03781
390000 0.194127 3.23194
400000 0.202939 3.43488
410000 0.206362 3.64124
420000 0.220782 3.86202
430000 0.221525 4.08355
440000 0.238003 4.32155
450000 0.247224 4.56877
460000 0.264109 4.83288
470000 0.276556 5.10944
480000 0.274815 5.38425
490000 0.280533 5.66479
500000 0.293934 5.95872
510000 0.301383 6.2601
520000 0.311608 6.57171
530000 0.321471 6.89318
540000 0.330105 7.22329
550000 0.338687 7.56197
560000 0.382413 7.94439
570000 0.186157 8.13054
580000 0.231612 8.36215
590000 0.232445 8.5946
600000 0.245898 8.8405
610000 0.278916 9.11941
620000 0.283522 9.40294
630000 0.288935 9.69187
640000 0.309431 10.0013
650000 0.325001 10.3263
660000 0.33072 10.657
670000 0.347336 11.0044
680000 0.368709 11.3731
690000 0.375244 11.7483
700000 0.389744 12.1381
710000 0.413081 12.5511
720000 0.426582 12.9777
730000 0.437917 13.4156
740000 0.460645 13.8763
750000 0.471342 14.3476
760000 0.494032 14.8417
770000 0.50675 15.3484
780000 0.52258 15.871
790000 0.546566 16.4176
800000 0.550158 16.9677
810000 0.561985 17.5297
820000 0.576312 18.106
830000 0.60193 18.7079
840000 0.604307 19.3122
850000 0.633302 19.9455
860000 0.648117 20.5937
870000 0.665554 21.2592
880000 0.677974 21.9372
890000 0.700382 22.6376
900000 0.707846 23.3454
910000 0.727648 24.0731
920000 0.748515 24.8216
930000 0.762631 25.5842
940000 0.787903 26.3721
950000 0.793671 27.1658
960000 0.81227 27.9781
970000 0.833565 28.8116
980000 0.840335 29.652
990000 0.859138 30.5111
1000000 0.883701 31.3948
1010000 0.89713 32.2919
1020000 0.907977 33.1999
1030000 0.930962 34.1309
1040000 0.943839 35.0747
1050000 0.956293 36.031
1060000 0.983917 37.0149
1070000 0.999177 38.0141
1080000 1.01544 39.0295
1090000 1.02082 40.0504
1100000 1.04763 41.098
1110000 1.06182 42.1598
1120000 1.07086 43.2307
1130000 1.09066 44.3213
1140000 1.11335 45.4347
1150000 1.14841 46.5831
1160000 1.13993 47.723
1170000 1.15711 48.8801
1180000 1.17676 50.0569
1190000 1.19201 51.2489
1200000 1.20785 52.4567
1210000 1.21939 53.6761
1220000 1.23192 54.908
1230000 1.24777 56.1558
1240000 1.2754 57.4312
1250000 1.28773 58.719
1260000 1.31361 60.0326
1270000 1.32637 61.3589
1280000 1.34275 62.7017
1290000 1.36367 64.0653
1300000 1.38191 65.4473
1310000 1.39472 66.842
1320000 1.40432 68.2463
1330000 1.4348 69.6811
1340000 1.45496 71.1361
1350000 1.46951 72.6056
1360000 1.48196 74.0875
1370000 1.50273 75.5903
1380000 1.51416 77.1044
1390000 1.53414 78.6386
1400000 1.55226 80.1908
1410000 1.58766 81.7785
1420000 1.58006 83.3585
1430000 1.6097 84.9682
1440000 1.62013 86.5884
1450000 1.63537 88.2237
1460000 1.65771 89.8814
1470000 1.67935 91.5608
1480000 1.69476 93.2555
1490000 1.72228 94.9778
1500000 1.72891 96.7067
1510000 1.73648 98.4432
1520000 1.7474 100.191
1530000 1.7808 101.971
1540000 1.79511 103.767
1550000 1.80133 105.568
1560000 1.83564 107.403
1570000 1.84912 109.253
1580000 1.85342 111.106
1590000 1.88713 112.993
1600000 1.9085 114.902
1610000 1.92303 116.825
1620000 1.93441 118.759
1630000 1.95731 120.716
1640000 1.97219 122.689
1650000 1.99583 124.684
1660000 2.00888 126.693
1670000 2.02128 128.715
1680000 2.05621 130.771
1690000 2.0771 132.848
1700000 2.09431 134.942
1710000 2.11114 137.053
1720000 2.1235 139.177
1730000 2.15732 141.334
1740000 2.15947 143.494
1750000 2.18688 145.68
1760000 2.20549 147.886
1770000 2.22312 150.109
1780000 2.28216 152.391
1790000 2.31756 154.709
1800000 2.28954 156.998
1810000 2.31151 159.31
1820000 2.32576 161.636
1830000 2.33295 163.969
1840000 2.41955 166.388
1850000 3.64877 170.037
1860000 3.67743 173.714
1870000 3.00947 176.724
1880000 2.46229 179.186
1890000 2.48528 181.671
1900000 2.5616 184.233
1910000 2.59053 186.824
1920000 2.81096 189.634
1930000 2.69458 192.329
1940000 3.00236 195.331
1950000 2.80194 198.133
1960000 2.59845 200.732
1970000 2.61259 203.344
1980000 2.61666 205.961
1990000 2.64128 208.602
2000000 2.65953 211.262
2010000 2.68505 213.947
2020000 2.68824 216.635
2030000 2.72756 219.363
2040000 2.73962 222.102
2050000 2.76941 224.872
2060000 2.79744 227.669
2070000 2.79182 230.461
2080000 2.81863 233.28
2090000 2.82697 236.107
Inserting
10000 0.00387178 0.00387185
20000 0.00687629 0.0107481
30000 0.0102605 0.0210087
40000 0.0141176 0.0351262
50000 0.0166327 0.0517589
60000 0.0210142 0.0727732
70000 0.0230928 0.095866
80000 0.0300176 0.125884
90000 0.0296518 0.155535
100000 0.0331173 0.188653
110000 0.0367459 0.225399
120000 0.0398512 0.26525
130000 0.0431665 0.308416
140000 0.0474988 0.355915
150000 0.0537177 0.409633
160000 0.0539278 0.463561
170000 0.0579092 0.52147
180000 0.0615933 0.583063
190000 0.0668325 0.649896
200000 0.0707354 0.720631
210000 0.0760801 0.796711
220000 0.0790635 0.875775
230000 0.0859987 0.961773
240000 0.0903587 1.05213
250000 0.103542 1.15567
260000 0.101564 1.25724
270000 0.105662 1.3629
280000 0.117431 1.48033
290000 0.117538 1.59787
300000 0.130905 1.72877
310000 0.134285 1.86306
320000 0.137119 2.00018
330000 0.14415 2.14433
340000 0.155532 2.29986
350000 0.165973 2.46583
360000 0.163832 2.62966
370000 0.174529 2.80419
380000 0.179563 2.98376
390000 0.191071 3.17483
400000 0.197875 3.3727
410000 0.206708 3.57941
420000 0.213553 3.79296
430000 0.227977 4.02094
440000 0.23287 4.25381
450000 0.240394 4.49421
460000 0.253031 4.74724
470000 0.267317 5.01455
480000 0.279323 5.29388
490000 0.299778 5.59366
500000 0.32254 5.9162
510000 0.312603 6.2288
520000 0.321042 6.54984
530000 0.324759 6.8746
540000 0.339584 7.21418
550000 0.350007 7.56419
560000 0.407874 7.97206
570000 0.188468 8.16053
580000 0.221099 8.38163
590000 0.222777 8.60441
600000 0.247659 8.85207
610000 0.271286 9.12335
620000 0.281052 9.40441
630000 0.286855 9.69126
640000 0.301586 9.99285
650000 0.329379 10.3222
660000 0.334013 10.6562
670000 0.364175 11.0204
680000 0.365214 11.3856
690000 0.379838 11.7655
700000 0.406933 12.1724
710000 0.414207 12.5866
720000 0.424571 13.0112
730000 0.444942 13.4561
740000 0.459384 13.9155
750000 0.507775 14.4233
760000 0.486298 14.9096
770000 0.509687 15.4193
780000 0.525634 15.9449
790000 0.536038 16.4809
800000 0.547643 17.0286
810000 0.567501 17.5961
820000 0.583414 18.1795
830000 0.595152 18.7746
840000 0.620262 19.3949
850000 0.636911 20.0318
860000 0.649738 20.6816
870000 0.661224 21.3428
880000 0.681481 22.0243
890000 0.701798 22.7261
900000 0.727191 23.4533
910000 0.733373 24.1866
920000 0.754332 24.941
930000 0.759993 25.7009
940000 0.780331 26.4813
950000 0.805373 27.2867
960000 0.812273 28.0989
970000 0.831891 28.9308
980000 0.848044 29.7789
990000 0.867788 30.6466
1000000 0.884392 31.531
1010000 0.894584 32.4256
1020000 0.915673 33.3413
1030000 0.926124 34.2674
1040000 0.944364 35.2118
1050000 0.965892 36.1777
1060000 0.971788 37.1495
1070000 1.1899 38.3394
1080000 1.02812 39.3675
1090000 1.04555 40.413
1100000 1.05377 41.4668
1110000 1.08529 42.5521
1120000 1.09345 43.6455
1130000 1.11135 44.7569
1140000 1.11829 45.8752
1150000 1.14704 47.0222
1160000 1.15804 48.1803
1170000 1.18035 49.3606
1180000 1.18902 50.5496
1190000 1.20685 51.7565
1200000 1.23022 52.9867
1210000 1.231 54.2177
1220000 1.2621 55.4798
1230000 1.2736 56.7534
1240000 1.2951 58.0485
1250000 1.31125 59.3598
1260000 1.33225 60.692
1270000 1.33776 62.0298
1280000 1.36113 63.3909
1290000 1.37704 64.768
1300000 1.39278 66.1607
1310000 1.4267 67.5874
1320000 1.4322 69.0196
1330000 1.44103 70.4607
1340000 1.46263 71.9233
1350000 1.472 73.3953
1360000 1.49377 74.8891
1370000 1.50502 76.3941
1380000 1.52507 77.9192
1390000 1.54342 79.4626
1400000 1.56247 81.025
1410000 1.57908 82.6041
1420000 1.5896 84.1937
1430000 1.61495 85.8087
1440000 1.63061 87.4393
1450000 1.65451 89.0938
1460000 1.67307 90.7669
1470000 1.68452 92.4514
1480000 1.70556 94.1569
1490000 1.7171 95.874
1500000 1.72969 97.6037
1510000 1.74152 99.3453
1520000 1.77194 101.117
1530000 1.80692 102.924
1540000 1.80807 104.732
1550000 1.82418 106.556
1560000 1.84929 108.406
1570000 1.86267 110.268
1580000 1.88086 112.149
1590000 1.9007 114.05
1600000 1.92559 115.975
1610000 1.94082 117.916
1620000 1.94735 119.864
1630000 1.96401 121.828
1640000 1.98419 123.812
1650000 2.01576 125.828
1660000 2.03411 127.862
1670000 2.05502 129.917
1680000 2.06305 131.98
1690000 2.09065 134.07
1700000 2.10665 136.177
1710000 2.11967 138.297
1720000 2.13456 140.431
1730000 2.14738 142.579
1740000 2.17117 144.75
1750000 2.19257 146.942
1760000 2.21483 149.157
1770000 2.22629 151.384
1780000 2.24993 153.633
1790000 2.27939 155.913
1800000 2.30089 158.214
1810000 2.32462 160.538
1820000 2.34361 162.882
1830000 2.35618 165.238
1840000 2.38473 167.623
1850000 2.38581 170.009
1860000 2.40733 172.416
1870000 2.4197 174.836
1880000 2.45487 177.291
1890000 2.47293 179.764
1900000 2.49729 182.261
1910000 2.50471 184.766
1920000 2.51616 187.282
1930000 2.55479 189.836
1940000 2.55633 192.393
1950000 2.58684 194.98
1960000 2.6158 197.595
1970000 3.03919 200.635
1980000 3.40699 204.042
1990000 2.8954 206.937
2000000 3.15279 210.09
2010000 3.06197 213.152
2020000 3.03945 216.191
2030000 3.00046 219.192
2040000 3.06583 222.258
2050000 3.03122 225.289
2060000 3.52823 228.817
2070000 3.77812 232.595
2080000 3.66944 236.265
2090000 3.83978 240.104
Inserting
10000 0.00573548 0.00573558
20000 0.00996185 0.0156974
30000 0.014162 0.0298595
40000 0.0201657 0.0500252
50000 0.0246804 0.0747056
60000 0.0341993 0.108905
70000 0.0515932 0.160498
80000 0.0415802 0.202078
90000 0.042369 0.244447
100000 0.0404965 0.284944
110000 0.0437453 0.328689
120000 0.0458909 0.37458
130000 0.0507116 0.425292
140000 0.0533786 0.47867
150000 0.055641 0.534311
160000 0.0582333 0.592545
170000 0.0614353 0.65398
180000 0.0654628 0.719443
190000 0.0694231 0.788866
200000 0.0810549 0.869921
210000 0.0782299 0.948151
220000 0.0825335 1.03068
230000 0.0881236 1.11881
240000 0.101868 1.22068
250000 0.100648 1.32132
260000 0.110747 1.43207
270000 0.11256 1.54463
280000 0.115943 1.66057
290000 0.122814 1.78339
300000 0.138742 1.92213
310000 0.135869 2.058
320000 0.150949 2.20895
330000 0.151846 2.36079
340000 0.176748 2.53754
350000 0.166165 2.70371
360000 0.191554 2.89526
370000 0.21071 3.10597
380000 0.194921 3.30089
390000 0.207346 3.50824
400000 0.232497 3.74073
410000 0.249263 3.99
420000 0.248653 4.23865
430000 0.243163 4.48181
440000 0.25642 4.73823
450000 0.276998 5.01523
460000 0.400938 5.41617
470000 0.354834 5.771
480000 0.307791 6.07879
490000 0.297683 6.37648
500000 0.347327 6.7238
510000 0.358104 7.08191
520000 0.407175 7.48908
530000 0.648291 8.13737
540000 0.521379 8.65875
550000 0.696677 9.35543
560000 0.567534 9.92296
570000 0.217369 10.1403
580000 0.289634 10.43
590000 0.277387 10.7074
600000 0.322423 11.0298
610000 0.331175 11.361
620000 0.359061 11.72
630000 0.378596 12.0986
640000 0.341982 12.4406
650000 0.354182 12.7948
660000 0.564412 13.3592
670000 0.537621 13.8968
680000 0.545836 14.4426
690000 0.389836 14.8325
700000 0.396126 15.2286
710000 0.416694 15.6453
720000 0.425502 16.0708
730000 0.440584 16.5114
740000 0.478742 16.9901
750000 0.472618 17.4627
760000 0.494638 17.9574
770000 0.508548 18.4659
780000 0.517907 18.9838
790000 0.531497 19.5153
800000 0.543532 20.0589
810000 0.562667 20.6215
820000 0.579637 21.2012
830000 0.588788 21.79
840000 0.614449 22.4044
850000 0.628881 23.0333
860000 0.650259 23.6835
870000 0.66411 24.3477
880000 0.682271 25.0299
890000 0.705161 25.7351
900000 0.714637 26.4497
910000 0.735494 27.1852
920000 0.741138 27.9264
930000 0.783355 28.7097
940000 0.786832 29.4965
950000 0.800395 30.2969
960000 0.807527 31.1045
970000 0.825872 31.9303
980000 0.835486 32.7658
990000 0.867 33.6328
1000000 0.881975 34.5148
1010000 0.89633 35.4111
1020000 0.915826 36.327
1030000 0.925134 37.2521
1040000 0.943966 38.1961
1050000 0.965137 39.1612
1060000 0.984227 40.1454
1070000 1.0049 41.1503
1080000 1.016 42.1663
1090000 1.02618 43.1925
1100000 1.04894 44.2414
1110000 1.06861 45.31
1120000 1.08165 46.3917
1130000 1.10352 47.4952
1140000 1.11062 48.6058
1150000 1.13626 49.7421
1160000 1.15428 50.8964
1170000 1.16971 52.0661
1180000 1.1793 53.2454
1190000 1.22366 54.469
1200000 1.2252 55.6942
1210000 1.23292 56.9271
1220000 1.25788 58.185
1230000 1.29094 59.476
1240000 1.32357 60.7995
1250000 1.3781 62.1776
1260000 1.47425 63.6519
1270000 1.41464 65.0665
1280000 1.37986 66.4464
1290000 1.50851 67.9549
1300000 1.37678 69.3317
1310000 1.41411 70.7458
1320000 1.62307 72.3688
1330000 1.76594 74.1348
1340000 1.73654 75.8713
1350000 1.65723 77.5286
1360000 1.57426 79.1028
1370000 1.55732 80.6601
1380000 1.57249 82.2326
1390000 1.59895 83.8316
1400000 1.73042 85.562
1410000 1.78963 87.3516
1420000 1.70348 89.0551
1430000 1.69571 90.7508
1440000 1.71496 92.4658
1450000 1.71981 94.1856
1460000 1.73573 95.9213
1470000 1.75212 97.6734
1480000 1.78065 99.4541
1490000 1.78374 101.238
1500000 1.79721 103.035
1510000 1.82608 104.861
1520000 1.84717 106.708
1530000 1.86355 108.572
1540000 1.87354 110.445
1550000 1.88912 112.335
1560000 1.91306 114.248
1570000 1.93549 116.183
1580000 1.95449 118.138
1590000 1.96891 120.106
1600000 1.98932 122.096
1610000 1.99585 124.092
1620000 2.03788 126.13
1630000 2.04647 128.176
1640000 2.063 130.239
1650000 2.08967 132.329
1660000 2.15141 134.48
1670000 2.37882 136.859
1680000 2.28191 139.141
1690000 2.18102 141.322
1700000 2.2018 143.524
1710000 2.20889 145.732
1720000 2.22233 147.955
1730000 2.24911 150.204
1740000 2.25817 152.462
1750000 2.27198 154.734
1760000 2.28397 157.018
1770000 2.31225 159.33
1780000 2.33444 161.665
1790000 2.34612 164.011
1800000 2.37568 166.387
1810000 2.38449 168.771
1820000 2.40931 171.18
1830000 2.43696 173.617
1840000 2.45188 176.069
1850000 2.46478 178.534
1860000 2.48469 181.019
1870000 2.5026 183.521
1880000 2.52269 186.044
1890000 2.54522 188.589
1900000 2.56755 191.157
1910000 2.59359 193.75
1920000 2.60928 196.36
1930000 2.63183 198.991
1940000 2.64928 201.641
1950000 2.68264 204.323
1960000 2.68529 207.009
1970000 2.71423 209.723
1980000 2.72436 212.447
1990000 2.75334 215.201
2000000 2.75866 217.959
2010000 2.78417 220.743
2020000 2.79325 223.537
2030000 2.83549 226.372
2040000 2.84707 229.219
2050000 2.86098 232.08
2060000 2.88887 234.969
2070000 2.91466 237.884
2080000 2.92844 240.812
2090000 2.93863 243.751
