CGAL
Inserting
10000 0.000757843 0.000757918
20000 0.0012569 0.00201482
30000 0.00180718 0.003822
40000 0.00221097 0.00603297
50000 0.00269988 0.00873285
60000 0.00325767 0.0119905
70000 0.0034358 0.0154263
80000 0.00406292 0.0194892
90000 0.00445666 0.0239459
100000 0.00497869 0.0289246
110000 0.00546353 0.0343881
120000 0.00603062 0.0404188
130000 0.00658399 0.0470027
140000 0.00710378 0.0541065
150000 0.00898021 0.0630867
160000 0.0147462 0.0778329
170000 0.00833312 0.086166
180000 0.00924114 0.0954072
190000 0.00982149 0.105229
200000 0.0105553 0.115784
210000 0.0113764 0.12716
220000 0.0119209 0.139081
230000 0.0128854 0.151967
240000 0.0135932 0.16556
250000 0.0140423 0.179602
260000 0.0145656 0.194168
270000 0.0157313 0.209899
280000 0.0162431 0.226142
290000 0.0170239 0.243166
300000 0.0180187 0.261185
310000 0.0193368 0.280522
320000 0.0191026 0.299624
330000 0.0199133 0.319537
340000 0.0205646 0.340102
350000 0.0212359 0.361338
360000 0.02184 0.383178
370000 0.0222496 0.405428
380000 0.023774 0.429202
390000 0.0278482 0.45705
400000 0.0256295 0.482679
410000 0.0272594 0.509939
420000 0.027388 0.537327
430000 0.0323607 0.569687
440000 0.0331209 0.602808
450000 0.0305238 0.633332
460000 0.0306346 0.663967
470000 0.0324341 0.696401
480000 0.033552 0.729953
490000 0.0367951 0.766748
500000 0.0347819 0.80153
510000 0.0352484 0.836778
520000 0.039195 0.875973
530000 0.0371265 0.9131
540000 0.0406746 0.953774
550000 0.0396613 0.993436
560000 0.0380343 1.03147
570000 0.040866 1.07234
580000 0.0416838 1.11402
590000 0.0420012 1.15602
600000 0.0429747 1.199
610000 0.0466713 1.24567
620000 0.0451764 1.29084
630000 0.0450249 1.33587
640000 0.0460698 1.38194
650000 0.0467833 1.42872
660000 0.0521093 1.48083
670000 0.0486776 1.52951
680000 0.0511714 1.58068
690000 0.051986 1.63267
700000 0.052262 1.68493
710000 0.0618431 1.74677
720000 0.0536727 1.80044
730000 0.0589686 1.85941
740000 0.0554018 1.91481
750000 0.0580665 1.97288
760000 0.0565837 2.02946
770000 0.0575346 2.087
780000 0.0590935 2.14609
790000 0.0593232 2.20542
800000 0.0608384 2.26625
810000 0.0612405 2.32749
820000 0.0615 2.38899
830000 0.0644399 2.45343
840000 0.0624075 2.51584
850000 0.0634463 2.57929
860000 0.0657747 2.64506
870000 0.0659431 2.71101
880000 0.0673685 2.77837
890000 0.071494 2.84987
900000 0.068799 2.91867
910000 0.0694201 2.98809
920000 0.0697269 3.05781
930000 0.0712638 3.12908
940000 0.0716453 3.20072
950000 0.074517 3.27524
960000 0.0743237 3.34956
970000 0.0764168 3.42598
980000 0.0791662 3.50515
990000 0.0766065 3.58175
1000000 0.0782219 3.65998
1010000 0.0799194 3.73989
1020000 0.0787981 3.81869
1030000 0.0843306 3.90302
1040000 0.0834535 3.98648
Inserting
10000 0.000611472 0.000611568
20000 0.00110213 0.0017137
30000 0.00163976 0.00335346
40000 0.00211928 0.00547274
50000 0.00251057 0.00798332
60000 0.00304967 0.011033
70000 0.00338575 0.0144187
80000 0.00376705 0.0181858
90000 0.00422631 0.0224121
100000 0.00479148 0.0272036
110000 0.00530301 0.0325066
120000 0.00579282 0.0382994
130000 0.0063001 0.0445995
140000 0.00693678 0.0515363
150000 0.00758579 0.0591221
160000 0.00811915 0.0672412
170000 0.0112185 0.0784597
180000 0.00953417 0.0879939
190000 0.00958648 0.0975804
200000 0.0103232 0.107904
210000 0.0110021 0.118906
220000 0.0118924 0.130798
230000 0.0133726 0.144171
240000 0.0132089 0.15738
250000 0.0148525 0.172232
260000 0.015878 0.18811
270000 0.0153828 0.203493
280000 0.0159437 0.219437
290000 0.0196241 0.239061
300000 0.0178948 0.256956
310000 0.018532 0.275487
320000 0.0186171 0.294105
330000 0.0198003 0.313905
340000 0.019833 0.333738
350000 0.0211323 0.35487
360000 0.0219148 0.376785
370000 0.0221494 0.398934
380000 0.0233333 0.422268
390000 0.0244129 0.446681
400000 0.0255874 0.472268
410000 0.0269333 0.499201
420000 0.0277246 0.526926
430000 0.0289846 0.555911
440000 0.030074 0.585984
450000 0.0307266 0.616711
460000 0.0417661 0.658477
470000 0.0351462 0.693623
480000 0.032549 0.726172
490000 0.0329748 0.759147
500000 0.0339391 0.793086
510000 0.0349233 0.82801
520000 0.0352647 0.863274
530000 0.0359983 0.899273
540000 0.0370529 0.936325
550000 0.038434 0.974759
560000 0.0385441 1.0133
570000 0.0409677 1.05427
580000 0.044278 1.09855
590000 0.0426833 1.14123
600000 0.0424893 1.18372
610000 0.0438795 1.2276
620000 0.0450827 1.27268
630000 0.0444376 1.31712
640000 0.045519 1.36264
650000 0.0469633 1.4096
660000 0.0492993 1.4589
670000 0.0484151 1.50732
680000 0.0514016 1.55872
690000 0.0513518 1.61007
700000 0.0534554 1.66353
710000 0.0567432 1.72027
720000 0.0536863 1.77396
730000 0.055106 1.82906
740000 0.0553886 1.88445
750000 0.0567834 1.94123
760000 0.0573863 1.99862
770000 0.0585049 2.05713
780000 0.0615722 2.1187
790000 0.0598349 2.17853
800000 0.0601002 2.23863
810000 0.061376 2.30001
820000 0.0622486 2.36226
830000 0.0618224 2.42408
840000 0.0631608 2.48724
850000 0.064548 2.55179
860000 0.0663876 2.61818
870000 0.070431 2.68861
880000 0.0678158 2.75642
890000 0.0684577 2.82488
900000 0.068426 2.89331
910000 0.0718352 2.96514
920000 0.0707922 3.03593
930000 0.0750054 3.11094
940000 0.0717322 3.18267
950000 0.0734924 3.25616
960000 0.074149 3.33031
970000 0.0759005 3.40621
980000 0.0758303 3.48204
990000 0.0771312 3.55918
1000000 0.078474 3.63765
1010000 0.0823135 3.71996
1020000 0.0787457 3.79871
1030000 0.0802989 3.87901
1040000 0.0903876 3.96939
Inserting
10000 0.00065518 0.000655267
20000 0.00120537 0.00186064
30000 0.00169222 0.00355286
40000 0.00213562 0.00568848
50000 0.0026214 0.00830988
60000 0.00306493 0.0113748
70000 0.00348023 0.014855
80000 0.00403553 0.0188906
90000 0.00441135 0.0233019
100000 0.00492922 0.0282311
110000 0.00555753 0.0337887
120000 0.00638205 0.0401707
130000 0.00664803 0.0468187
140000 0.00729202 0.0541108
150000 0.0077739 0.0618847
160000 0.00843818 0.0703228
170000 0.00866469 0.0789875
180000 0.00965259 0.0886401
190000 0.00992205 0.0985622
200000 0.0114828 0.110045
210000 0.011676 0.121721
220000 0.0123007 0.134022
230000 0.0132092 0.147231
240000 0.0139384 0.161169
250000 0.0144201 0.175589
260000 0.0153193 0.190909
270000 0.0163126 0.207221
280000 0.0167626 0.223984
290000 0.0175415 0.241525
300000 0.0181971 0.259723
310000 0.0193179 0.27904
320000 0.0198981 0.298938
330000 0.023455 0.322393
340000 0.0210245 0.343418
350000 0.0217407 0.365159
360000 0.0228067 0.387965
370000 0.0236181 0.411584
380000 0.0242262 0.43581
390000 0.0252107 0.46102
400000 0.0261166 0.487137
410000 0.0275309 0.514668
420000 0.0283169 0.542985
430000 0.0309646 0.573949
440000 0.0299601 0.60391
450000 0.031985 0.635895
460000 0.031475 0.667369
470000 0.0331622 0.700532
480000 0.0334144 0.733946
490000 0.0343827 0.768329
500000 0.035463 0.803792
510000 0.0359561 0.839748
520000 0.0363778 0.876126
530000 0.0410498 0.917175
540000 0.0377968 0.954972
550000 0.0388082 0.99378
560000 0.0397923 1.03357
570000 0.0419243 1.0755
580000 0.0432469 1.11874
590000 0.043316 1.16206
600000 0.0430192 1.20508
610000 0.0537408 1.25882
620000 0.0470621 1.30588
630000 0.046727 1.35261
640000 0.0464005 1.39901
650000 0.0477219 1.44673
660000 0.0492625 1.49599
670000 0.0491325 1.54513
680000 0.0518294 1.59696
690000 0.0526714 1.64963
700000 0.0574062 1.70703
710000 0.0540684 1.7611
720000 0.0575762 1.81868
730000 0.0548215 1.8735
740000 0.0584428 1.93194
750000 0.0573673 1.98931
760000 0.0573335 2.04664
770000 0.0590711 2.10571
780000 0.0592799 2.16499
790000 0.0600735 2.22507
800000 0.0647007 2.28977
810000 0.0655386 2.35531
820000 0.0623277 2.41763
830000 0.0618987 2.47953
840000 0.0635964 2.54313
850000 0.0722979 2.61543
860000 0.0696709 2.6851
870000 0.0667253 2.75182
880000 0.0684079 2.82023
890000 0.0714582 2.89169
900000 0.0741384 2.96583
910000 0.0713875 3.03722
920000 0.0707365 3.10795
930000 0.0732805 3.18123
940000 0.0739774 3.25521
950000 0.0814305 3.33664
960000 0.0750866 3.41173
970000 0.0771797 3.48891
980000 0.0778722 3.56678
990000 0.0785843 3.64536
1000000 0.0793583 3.72472
1010000 0.0811333 3.80586
1020000 0.0805129 3.88637
1030000 0.0859671 3.97234
1040000 0.0847603 4.0571
