CGAL
Inserting
10000 0.000916419 0.000916488
20000 0.00147742 0.00239391
30000 0.00218581 0.00457972
40000 0.00287373 0.00745345
50000 0.00387753 0.011331
60000 0.00437275 0.0157037
70000 0.00493498 0.0206387
80000 0.00562731 0.026266
90000 0.0064412 0.0327072
100000 0.00716542 0.0398726
110000 0.00798933 0.047862
120000 0.00863506 0.056497
130000 0.00935588 0.0658529
140000 0.0101504 0.0760033
150000 0.0110561 0.0870594
160000 0.0115642 0.0986236
170000 0.0125217 0.111145
180000 0.013252 0.124397
190000 0.0144732 0.13887
200000 0.0147607 0.153631
210000 0.0159641 0.169595
220000 0.0168735 0.186469
230000 0.0185368 0.205006
240000 0.0212393 0.226245
250000 0.019547 0.245792
260000 0.0204962 0.266288
270000 0.0225561 0.288844
280000 0.0222679 0.311112
290000 0.0276864 0.338799
300000 0.0265758 0.365374
310000 0.0256296 0.391004
320000 0.0261743 0.417178
330000 0.0277078 0.444886
340000 0.0279209 0.472807
350000 0.0322642 0.505071
360000 0.0302498 0.535321
370000 0.0317747 0.567096
380000 0.0323832 0.599479
390000 0.0347074 0.634186
400000 0.0360764 0.670263
410000 0.0364342 0.706697
420000 0.0382029 0.7449
430000 0.0383864 0.783286
440000 0.0395235 0.82281
450000 0.0466431 0.869453
460000 0.0379132 0.907366
470000 0.0372053 0.944571
480000 0.0379897 0.982561
490000 0.0413093 1.02387
500000 0.0411808 1.06505
510000 0.0431195 1.10817
520000 0.0419917 1.15016
530000 0.0454579 1.19562
540000 0.0448622 1.24048
550000 0.0466473 1.28713
560000 0.0490876 1.33622
570000 0.0499347 1.38615
580000 0.0506026 1.43675
590000 0.0648325 1.50159
600000 0.0574033 1.55899
610000 0.0591832 1.61817
620000 0.059288 1.67746
630000 0.0608869 1.73835
640000 0.0581226 1.79647
650000 0.0613402 1.85781
660000 0.06298 1.92079
670000 0.0647257 1.98552
680000 0.0625656 2.04808
690000 0.0669169 2.115
700000 0.0659273 2.18093
710000 0.0702641 2.25119
720000 0.0693966 2.32059
730000 0.073671 2.39426
740000 0.0713563 2.46561
750000 0.0785743 2.54419
760000 0.0751722 2.61936
770000 0.0803811 2.69974
780000 0.077817 2.77756
790000 0.0817662 2.85933
800000 0.0866008 2.94593
810000 0.0845956 3.03052
820000 0.0833994 3.11392
830000 0.0861229 3.20004
840000 0.0849019 3.28495
850000 0.0893646 3.37431
860000 0.0868343 3.46115
870000 0.0940541 3.5552
880000 0.0892005 3.6444
890000 0.094639 3.73904
900000 0.0940386 3.83308
910000 0.100097 3.93317
920000 0.0951942 4.02837
930000 0.0994838 4.12785
940000 0.0977948 4.22565
950000 0.104096 4.32974
960000 0.0992696 4.42901
970000 0.106991 4.536
980000 0.102794 4.6388
990000 0.105131 4.74393
1000000 0.103831 4.84776
1010000 0.112959 4.96072
1020000 0.109902 5.07062
1030000 0.116005 5.18663
1040000 0.113898 5.30052
1050000 0.115447 5.41597
1060000 0.11741 5.53338
1070000 0.117437 5.65082
1080000 0.11474 5.76556
1090000 0.120823 5.88638
1100000 0.121472 6.00785
1110000 0.123284 6.13114
1120000 0.120697 6.25183
1130000 0.130674 6.38251
1140000 0.129043 6.51155
1150000 0.130661 6.64221
1160000 0.127486 6.7697
1170000 0.142022 6.91172
1180000 0.132784 7.0445
1190000 0.134311 7.17882
1200000 0.135427 7.31424
1210000 0.138612 7.45285
1220000 0.141441 7.59429
1230000 0.141973 7.73627
1240000 0.14094 7.87721
1250000 0.146417 8.02362
1260000 0.143555 8.16718
1270000 0.146142 8.31332
1280000 0.145841 8.45916
1290000 0.155888 8.61505
1300000 0.150073 8.76512
1310000 0.158884 8.92401
1320000 0.152045 9.07605
1330000 0.157456 9.23351
1340000 0.154181 9.38769
1350000 0.166693 9.55438
1360000 0.158056 9.71244
1370000 0.162741 9.87518
1380000 0.164071 10.0392
1390000 0.166494 10.2057
1400000 0.163844 10.3696
1410000 0.167836 10.5374
1420000 0.166707 10.7041
1430000 0.171831 10.876
1440000 0.172227 11.0482
1450000 0.173448 11.2216
1460000 0.172147 11.3938
1470000 0.182087 11.5759
1480000 0.17517 11.751
1490000 0.184368 11.9354
1500000 0.180283 12.1157
1510000 0.18218 12.2979
1520000 0.180678 12.4785
1530000 0.190144 12.6687
1540000 0.184943 12.8536
1550000 0.193093 13.0467
1560000 0.191358 13.2381
1570000 0.190955 13.429
1580000 0.194756 13.6238
1590000 0.194378 13.8182
1600000 0.199456 14.0176
1610000 0.197712 14.2153
1620000 0.198007 14.4133
1630000 0.208965 14.6223
1640000 0.201044 14.8234
1650000 0.209694 15.0331
1660000 0.201742 15.2348
1670000 0.207682 15.4425
1680000 0.212449 15.6549
1690000 0.217351 15.8723
1700000 0.223455 16.0957
1710000 0.220488 16.3162
1720000 0.219725 16.5359
1730000 0.221039 16.757
1740000 0.231661 16.9886
1750000 0.224263 17.2129
1760000 0.220884 17.4338
1770000 0.232876 17.6667
1780000 0.230272 17.8969
1790000 0.234555 18.1315
1800000 0.232826 18.3643
1810000 0.238955 18.6033
1820000 0.237885 18.8412
1830000 0.242633 19.0838
1840000 0.235974 19.3198
1850000 0.244311 19.5641
1860000 0.244969 19.809
1870000 0.246133 20.0552
1880000 0.246392 20.3016
1890000 0.25254 20.5541
1900000 0.249045 20.8032
1910000 0.256914 21.0601
1920000 0.262377 21.3224
1930000 0.260893 21.5833
1940000 0.25649 21.8398
1950000 0.266194 22.106
1960000 0.263083 22.3691
1970000 0.26743 22.6365
1980000 0.268275 22.9048
1990000 0.267844 23.1727
2000000 0.266971 23.4396
2010000 0.276271 23.7159
2020000 0.274674 23.9906
2030000 0.276961 24.2675
2040000 0.284356 24.5519
2050000 0.278627 24.8305
2060000 0.279928 25.1104
2070000 0.283031 25.3935
2080000 0.282448 25.6759
2090000 0.288177 25.9641
Inserting
10000 0.000841206 0.000841268
20000 0.00162158 0.00246284
30000 0.00222608 0.00468892
40000 0.00306238 0.0077513
50000 0.0038928 0.0116441
60000 0.00464136 0.0162855
70000 0.00535755 0.021643
80000 0.00596745 0.0276105
90000 0.00670449 0.034315
100000 0.011701 0.046016
110000 0.0112424 0.0572583
120000 0.00863766 0.065896
130000 0.00946657 0.0753626
140000 0.0104829 0.0858454
150000 0.0113368 0.0971822
160000 0.0122588 0.109441
170000 0.0129408 0.122382
180000 0.0141436 0.136525
190000 0.0185388 0.155064
200000 0.0152792 0.170343
210000 0.0164974 0.186841
220000 0.0173681 0.204209
230000 0.0186466 0.222856
240000 0.019084 0.241939
250000 0.0204609 0.2624
260000 0.0210555 0.283456
270000 0.0221426 0.305598
280000 0.0230078 0.328606
290000 0.0238568 0.352463
300000 0.0246015 0.377065
310000 0.0263367 0.403401
320000 0.0263531 0.429754
330000 0.0279405 0.457695
340000 0.0283111 0.486006
350000 0.0302375 0.516243
360000 0.0340517 0.550295
370000 0.0332133 0.583508
380000 0.033979 0.617487
390000 0.0347232 0.652211
400000 0.0365518 0.688762
410000 0.0369274 0.72569
420000 0.0397163 0.765406
430000 0.041789 0.807195
440000 0.0404023 0.847598
450000 0.0460964 0.893694
460000 0.0382919 0.931986
470000 0.03813 0.970116
480000 0.0372722 1.00739
490000 0.041348 1.04874
500000 0.040189 1.08893
510000 0.0431679 1.13209
520000 0.0463275 1.17842
530000 0.0464413 1.22486
540000 0.0464278 1.27129
550000 0.0476252 1.31891
560000 0.0496665 1.36858
570000 0.0507969 1.41938
580000 0.0517786 1.47116
590000 0.0575812 1.52874
600000 0.0582409 1.58698
610000 0.06219 1.64917
620000 0.0569426 1.70611
630000 0.0610145 1.76713
640000 0.0584046 1.82553
650000 0.0674538 1.89298
660000 0.0645603 1.95754
670000 0.0640127 2.02156
680000 0.0637039 2.08526
690000 0.0700575 2.15532
700000 0.068123 2.22344
710000 0.0712947 2.29474
720000 0.070673 2.36541
730000 0.0740193 2.43943
740000 0.0723409 2.51177
750000 0.0812732 2.59304
760000 0.075054 2.6681
770000 0.0884179 2.75651
780000 0.0821988 2.83871
790000 0.0821472 2.92086
800000 0.0806574 3.00152
810000 0.08595 3.08747
820000 0.0869637 3.17443
830000 0.091523 3.26595
840000 0.091718 3.35767
850000 0.0964034 3.45408
860000 0.0937832 3.54786
870000 0.0962938 3.64415
880000 0.0928549 3.73701
890000 0.0971951 3.8342
900000 0.0957597 3.92996
910000 0.0978531 4.02782
920000 0.0959587 4.12377
930000 0.103921 4.2277
940000 0.0985174 4.32621
950000 0.103623 4.42984
960000 0.100211 4.53005
970000 0.110024 4.64007
980000 0.105636 4.74571
990000 0.106424 4.85213
1000000 0.106789 4.95892
1010000 0.11112 5.07004
1020000 0.12996 5.2
1030000 0.143258 5.34326
1040000 0.11826 5.46152
1050000 0.157026 5.61854
1060000 0.118038 5.73658
1070000 0.163884 5.90047
1080000 0.154522 6.05499
1090000 0.144887 6.19988
1100000 0.144687 6.34456
1110000 0.176844 6.52141
1120000 0.241814 6.76322
1130000 0.254971 7.01819
1140000 0.195951 7.21414
1150000 0.200972 7.41512
1160000 0.190027 7.60514
1170000 0.186909 7.79205
1180000 0.181022 7.97307
1190000 0.187307 8.16038
1200000 0.188219 8.3486
1210000 0.192028 8.54063
1220000 0.190302 8.73093
1230000 0.193971 8.9249
1240000 0.191306 9.11621
1250000 0.194681 9.31089
1260000 0.194072 9.50496
1270000 0.202452 9.70741
1280000 0.20475 9.91216
1290000 0.210825 10.123
1300000 0.208652 10.3316
1310000 0.21859 10.5502
1320000 0.209389 10.7596
1330000 0.221546 10.9812
1340000 0.211971 11.1931
1350000 0.229435 11.4226
1360000 0.218429 11.641
1370000 0.228977 11.87
1380000 0.223842 12.0938
1390000 0.221591 12.3154
1400000 0.218123 12.5335
1410000 0.217069 12.7506
1420000 0.189253 12.9399
1430000 0.180338 13.1202
1440000 0.173844 13.294
1450000 0.174869 13.4689
1460000 0.172818 13.6417
1470000 0.178101 13.8198
1480000 0.172979 13.9928
1490000 0.183607 14.1764
1500000 0.178105 14.3545
1510000 0.18255 14.5371
1520000 0.18481 14.7219
1530000 0.185691 14.9076
1540000 0.189409 15.097
1550000 0.186853 15.2838
1560000 0.191754 15.4756
1570000 0.190848 15.6664
1580000 0.191092 15.8575
1590000 0.209432 16.067
1600000 0.198443 16.2654
1610000 0.198004 16.4634
1620000 0.204419 16.6678
1630000 0.20555 16.8734
1640000 0.205902 17.0793
1650000 0.206597 17.2859
1660000 0.202505 17.4884
1670000 0.207933 17.6963
1680000 0.20544 17.9017
1690000 0.211598 18.1133
1700000 0.226517 18.3399
1710000 0.214417 18.5543
1720000 0.212181 18.7665
1730000 0.22166 18.9881
1740000 0.215789 19.2039
1750000 0.219062 19.423
1760000 0.217834 19.6408
1770000 0.22502 19.8658
1780000 0.231332 20.0972
1790000 0.228132 20.3253
1800000 0.230712 20.556
1810000 0.23156 20.7876
1820000 0.229124 21.0167
1830000 0.232902 21.2496
1840000 0.235139 21.4847
1850000 0.238634 21.7234
1860000 0.239889 21.9632
1870000 0.240226 22.2035
1880000 0.246375 22.4498
1890000 0.247931 22.6978
1900000 0.242261 22.94
1910000 0.245963 23.186
1920000 0.246359 23.4324
1930000 0.2506 23.683
1940000 0.252233 23.9352
1950000 0.259478 24.1947
1960000 0.253475 24.4481
1970000 0.259781 24.7079
1980000 0.260546 24.9685
1990000 0.265016 25.2335
2000000 0.261215 25.4947
2010000 0.268104 25.7628
2020000 0.274759 26.0376
2030000 0.276014 26.3136
2040000 0.271843 26.5854
2050000 0.27737 26.8628
2060000 0.28065 27.1434
2070000 0.278569 27.422
2080000 0.278056 27.7001
2090000 0.279557 27.9796
Inserting
10000 0.000884267 0.000884336
20000 0.00153155 0.00241588
30000 0.00215036 0.00456625
40000 0.00328315 0.0078494
50000 0.00417201 0.0120214
60000 0.00476908 0.0167905
70000 0.005213 0.0220035
80000 0.010202 0.0322055
90000 0.0070234 0.0392289
100000 0.00704482 0.0462737
110000 0.00778741 0.0540611
120000 0.00861976 0.0626809
130000 0.00939145 0.0720723
140000 0.0105585 0.0826308
150000 0.0133906 0.0960214
160000 0.0124686 0.10849
170000 0.0126297 0.12112
180000 0.0136685 0.134788
190000 0.0181726 0.152961
200000 0.0145837 0.167544
210000 0.0161279 0.183672
220000 0.0166387 0.200311
230000 0.017989 0.2183
240000 0.0186872 0.236987
250000 0.019607 0.256594
260000 0.0201546 0.276749
270000 0.0222469 0.298996
280000 0.0266779 0.325674
290000 0.0230652 0.348739
300000 0.0244523 0.373191
310000 0.0250412 0.398232
320000 0.0258968 0.424129
330000 0.0279205 0.45205
340000 0.0278316 0.479881
350000 0.0291544 0.509036
360000 0.0293025 0.538338
370000 0.0315548 0.569893
380000 0.0317887 0.601682
390000 0.033285 0.634967
400000 0.0347134 0.66968
410000 0.0360851 0.705765
420000 0.0379957 0.743761
430000 0.0380503 0.781811
440000 0.0430579 0.824869
450000 0.0460516 0.870921
460000 0.0373212 0.908242
470000 0.0370415 0.945284
480000 0.0364208 0.981704
490000 0.040715 1.02242
500000 0.0392783 1.0617
510000 0.0433465 1.10504
520000 0.0416442 1.14669
530000 0.0452922 1.19198
540000 0.0442763 1.23626
550000 0.0468845 1.28314
560000 0.0503833 1.33352
570000 0.0504977 1.38402
580000 0.0502085 1.43423
590000 0.0539323 1.48816
600000 0.0530937 1.54126
610000 0.0569312 1.59819
620000 0.0555752 1.65376
630000 0.0596441 1.71341
640000 0.0575832 1.77099
650000 0.0632578 1.83425
660000 0.0608898 1.89514
670000 0.0631596 1.9583
680000 0.0622709 2.02057
690000 0.0665178 2.08709
700000 0.0652068 2.15229
710000 0.071583 2.22388
720000 0.0701179 2.29399
730000 0.0757036 2.3697
740000 0.0703535 2.44005
750000 0.0755368 2.51559
760000 0.0741383 2.58973
770000 0.0798931 2.66962
780000 0.0790624 2.74868
790000 0.0824247 2.83111
800000 0.0845893 2.9157
810000 0.0887322 3.00443
820000 0.0829199 3.08735
830000 0.0855871 3.17294
840000 0.0841608 3.2571
850000 0.0900154 3.34711
860000 0.0887529 3.43586
870000 0.090607 3.52647
880000 0.0900295 3.6165
890000 0.0935376 3.71004
900000 0.0913458 3.80138
910000 0.0975701 3.89895
920000 0.101867 4.00082
930000 0.098254 4.09908
940000 0.0974737 4.19655
950000 0.102761 4.29931
960000 0.0989845 4.39829
970000 0.101988 4.50028
980000 0.102616 4.6029
990000 0.104483 4.70738
1000000 0.103994 4.81138
1010000 0.109522 4.9209
1020000 0.106306 5.0272
1030000 0.11192 5.13912
1040000 0.10978 5.2489
1050000 0.116061 5.36497
1060000 0.118029 5.48299
1070000 0.117057 5.60005
1080000 0.116283 5.71633
1090000 0.131452 5.84779
1100000 0.116524 5.96431
1110000 0.122238 6.08655
1120000 0.118931 6.20548
1130000 0.126993 6.33247
1140000 0.125323 6.4578
1150000 0.129465 6.58726
1160000 0.141135 6.7284
1170000 0.133201 6.8616
1180000 0.130916 6.99251
1190000 0.135188 7.1277
1200000 0.133146 7.26085
1210000 0.135804 7.39665
1220000 0.136642 7.53329
1230000 0.139405 7.6727
1240000 0.139826 7.81252
1250000 0.140929 7.95345
1260000 0.141188 8.09464
1270000 0.144387 8.23903
1280000 0.145892 8.38492
1290000 0.149055 8.53397
1300000 0.147474 8.68145
1310000 0.15517 8.83662
1320000 0.151764 8.98838
1330000 0.153914 9.1423
1340000 0.151606 9.2939
1350000 0.160717 9.45462
1360000 0.155454 9.61007
1370000 0.164227 9.7743
1380000 0.159282 9.93358
1390000 0.163614 10.0972
1400000 0.163299 10.2605
1410000 0.16758 10.4281
1420000 0.162264 10.5903
1430000 0.170502 10.7608
1440000 0.16852 10.9294
1450000 0.173198 11.1026
1460000 0.170488 11.273
1470000 0.176315 11.4494
1480000 0.178995 11.6284
1490000 0.190477 11.8188
1500000 0.178252 11.9971
1510000 0.179814 12.1769
1520000 0.177835 12.3547
1530000 0.186179 12.5409
1540000 0.189967 12.7309
1550000 0.204705 12.9356
1560000 0.186985 13.1226
1570000 0.190299 13.3129
1580000 0.192506 13.5054
1590000 0.19145 13.6968
1600000 0.197507 13.8943
1610000 0.194163 14.0885
1620000 0.205951 14.2944
1630000 0.205111 14.4996
1640000 0.204649 14.7042
1650000 0.205918 14.9101
1660000 0.205839 15.116
1670000 0.215871 15.3318
1680000 0.22333 15.5552
1690000 0.213974 15.7691
1700000 0.208986 15.9781
1710000 0.222384 16.2005
1720000 0.212116 16.4126
1730000 0.215718 16.6283
1740000 0.215914 16.8443
1750000 0.2218 17.0661
1760000 0.216448 17.2825
1770000 0.229957 17.5125
1780000 0.226661 17.7391
1790000 0.238552 17.9777
1800000 0.225978 18.2037
1810000 0.228661 18.4323
1820000 0.229608 18.6619
1830000 0.234315 18.8962
1840000 0.230229 19.1265
1850000 0.236117 19.3626
1860000 0.233909 19.5965
1870000 0.238002 19.8345
1880000 0.238219 20.0727
1890000 0.247058 20.3198
1900000 0.244933 20.5647
1910000 0.247349 20.8121
1920000 0.247366 21.0594
1930000 0.253208 21.3126
1940000 0.24684 21.5595
1950000 0.2602 21.8197
1960000 0.250226 22.0699
1970000 0.260776 22.3307
1980000 0.261028 22.5917
1990000 0.259971 22.8517
2000000 0.260637 23.1123
2010000 0.266318 23.3786
2020000 0.265736 23.6444
2030000 0.271725 23.9161
2040000 0.270825 24.1869
2050000 0.276894 24.4638
2060000 0.269297 24.7331
2070000 0.27492 25.008
2080000 0.269468 25.2775
2090000 0.27866 25.5561
