CGAL
Inserting
10000 0.000721697 0.000721761
20000 0.00131819 0.00203995
30000 0.00181574 0.00385569
40000 0.00230785 0.00616354
50000 0.0031252 0.00928875
60000 0.00371811 0.0130069
70000 0.004834 0.0178409
80000 0.00550222 0.0233431
90000 0.00557129 0.0289144
100000 0.00622672 0.0351411
110000 0.00684308 0.0419842
120000 0.00752344 0.0495076
130000 0.00801752 0.0575251
140000 0.00868178 0.0662069
150000 0.00934563 0.0755525
160000 0.010111 0.0856635
170000 0.0106579 0.0963214
180000 0.0114516 0.107773
190000 0.0120794 0.119852
200000 0.012962 0.132814
210000 0.0136287 0.146443
220000 0.0141939 0.160637
230000 0.0151077 0.175745
240000 0.0161375 0.191882
250000 0.016916 0.208798
260000 0.0177472 0.226545
270000 0.0186941 0.245239
280000 0.0196031 0.264843
290000 0.0203173 0.28516
300000 0.0212425 0.306402
310000 0.0223975 0.3288
320000 0.0236632 0.352463
330000 0.0256397 0.378103
340000 0.0245993 0.402702
350000 0.0254363 0.428138
360000 0.0263123 0.454451
370000 0.0273504 0.481801
380000 0.0280846 0.509886
390000 0.0290343 0.53892
400000 0.0306493 0.569569
410000 0.033295 0.602864
420000 0.033161 0.636025
430000 0.0329362 0.668961
440000 0.0342048 0.703166
450000 0.0341279 0.737294
460000 0.0356388 0.772933
470000 0.036431 0.809364
480000 0.0384918 0.847856
490000 0.0391775 0.887033
500000 0.0395641 0.926597
510000 0.0410871 0.967684
520000 0.0414468 1.00913
530000 0.0473929 1.05652
540000 0.0439075 1.10043
550000 0.045234 1.14567
560000 0.0469017 1.19257
570000 0.0458505 1.23842
580000 0.046942 1.28536
590000 0.0518128 1.33717
600000 0.048957 1.38613
610000 0.049596 1.43573
620000 0.0530266 1.48875
630000 0.0537327 1.54248
640000 0.0628637 1.60535
650000 0.0534061 1.65875
660000 0.0542959 1.71305
670000 0.0576379 1.77069
680000 0.0564698 1.82716
690000 0.058232 1.88539
700000 0.0591094 1.9445
710000 0.064167 2.00867
720000 0.0593418 2.06801
730000 0.0623239 2.13033
740000 0.063339 2.19367
750000 0.0645489 2.25822
760000 0.064449 2.32267
770000 0.0650178 2.38769
780000 0.0690224 2.45671
790000 0.0661832 2.52289
800000 0.0684859 2.59138
810000 0.0685675 2.65995
820000 0.0718118 2.73176
830000 0.0702181 2.80198
840000 0.0726023 2.87458
850000 0.0743926 2.94897
860000 0.0743633 3.02333
870000 0.0775045 3.10084
880000 0.0810016 3.18184
890000 0.0793896 3.26123
900000 0.081345 3.34258
910000 0.0817051 3.42428
920000 0.0852867 3.50957
930000 0.0823284 3.5919
940000 0.086332 3.67823
950000 0.0901644 3.76839
960000 0.0881789 3.85657
970000 0.0887932 3.94536
980000 0.0891887 4.03455
990000 0.0966576 4.13121
1000000 0.101042 4.23225
1010000 0.0917902 4.32404
1020000 0.0930236 4.41707
1030000 0.095913 4.51298
1040000 0.0967465 4.60973
1050000 0.0991453 4.70887
1060000 0.0985175 4.80739
1070000 0.102012 4.9094
1080000 0.0993004 5.0087
1090000 0.0984723 5.10717
1100000 0.10566 5.21283
1110000 0.101915 5.31475
1120000 0.103215 5.41796
1130000 0.105961 5.52392
1140000 0.110274 5.6342
1150000 0.11333 5.74753
1160000 0.107691 5.85522
1170000 0.119987 5.97521
1180000 0.116292 6.0915
1190000 0.114271 6.20577
1200000 0.114823 6.32059
1210000 0.11334 6.43393
1220000 0.122859 6.55679
1230000 0.121452 6.67824
1240000 0.122734 6.80098
1250000 0.123236 6.92421
1260000 0.123756 7.04797
1270000 0.122594 7.17056
1280000 0.126929 7.29749
1290000 0.12608 7.42357
1300000 0.135468 7.55904
1310000 0.126412 7.68545
1320000 0.131205 7.81666
1330000 0.139496 7.95615
1340000 0.137814 8.09397
1350000 0.132218 8.22619
1360000 0.147781 8.37397
1370000 0.141132 8.5151
1380000 0.13591 8.65101
1390000 0.145554 8.79656
1400000 0.143639 8.9402
1410000 0.15733 9.09753
1420000 0.147873 9.2454
1430000 0.158932 9.40434
1440000 0.148434 9.55277
1450000 0.14367 9.69644
1460000 0.146105 9.84254
1470000 0.143897 9.98644
1480000 0.145648 10.1321
1490000 0.157054 10.2891
1500000 0.149482 10.4386
1510000 0.157046 10.5957
1520000 0.150943 10.7466
1530000 0.160776 10.9074
1540000 0.171048 11.0784
1550000 0.153868 11.2323
1560000 0.156744 11.3891
1570000 0.161982 11.551
1580000 0.158172 11.7092
1590000 0.160696 11.8699
1600000 0.160622 12.0305
1610000 0.172662 12.2032
1620000 0.164814 12.368
1630000 0.174334 12.5423
1640000 0.166622 12.709
1650000 0.170312 12.8793
1660000 0.173893 13.0532
1670000 0.169949 13.2231
1680000 0.171983 13.3951
1690000 0.18431 13.5794
1700000 0.172384 13.7518
1710000 0.175529 13.9273
1720000 0.184205 14.1115
1730000 0.172999 14.2845
1740000 0.180759 14.4653
1750000 0.176319 14.6416
1760000 0.179278 14.8209
1770000 0.187579 15.0085
1780000 0.178661 15.1871
1790000 0.191602 15.3787
1800000 0.196266 15.575
1810000 0.18979 15.7648
1820000 0.194397 15.9592
1830000 0.19657 16.1557
1840000 0.194358 16.3501
1850000 0.200553 16.5507
1860000 0.208202 16.7589
1870000 0.198192 16.957
1880000 0.197417 17.1545
1890000 0.200202 17.3547
1900000 0.204979 17.5596
1910000 0.216242 17.7759
1920000 0.209617 17.9855
1930000 0.208243 18.1937
1940000 0.208773 18.4025
1950000 0.206285 18.6088
1960000 0.210987 18.8198
1970000 0.22417 19.044
1980000 0.214679 19.2586
1990000 0.213107 19.4717
2000000 0.21271 19.6845
2010000 0.215957 19.9004
2020000 0.217765 20.1182
2030000 0.219327 20.3375
2040000 0.219838 20.5573
2050000 0.218974 20.7763
2060000 0.224183 21.0005
2070000 0.222283 21.2228
2080000 0.225703 21.4485
2090000 0.224306 21.6728
Inserting
10000 0.000732887 0.000732974
20000 0.0012835 0.00201648
30000 0.00192975 0.00394623
40000 0.0022962 0.00624243
50000 0.00287744 0.00911986
60000 0.00362625 0.0127461
70000 0.00469501 0.0174411
80000 0.00533449 0.0227756
90000 0.00538147 0.0281571
100000 0.00615751 0.0343146
110000 0.00669834 0.0410129
120000 0.00731543 0.0483284
130000 0.00807534 0.0564037
140000 0.00853334 0.064937
150000 0.00910238 0.0740394
160000 0.00979501 0.0838344
170000 0.0105703 0.0944047
180000 0.0111773 0.105582
190000 0.0119105 0.117493
200000 0.012709 0.130202
210000 0.013357 0.143559
220000 0.0143148 0.157873
230000 0.0148129 0.172686
240000 0.0159453 0.188631
250000 0.0188329 0.207464
260000 0.0172386 0.224703
270000 0.0194468 0.24415
280000 0.019267 0.263417
290000 0.0200062 0.283423
300000 0.0207572 0.30418
310000 0.0217493 0.32593
320000 0.0228226 0.348752
330000 0.0235534 0.372305
340000 0.0243272 0.396633
350000 0.0263313 0.422964
360000 0.025964 0.448928
370000 0.0271733 0.476101
380000 0.0275778 0.503679
390000 0.0292023 0.532881
400000 0.0299616 0.562843
410000 0.0307154 0.593558
420000 0.0317715 0.62533
430000 0.0334148 0.658745
440000 0.0334054 0.69215
450000 0.0349862 0.727136
460000 0.036079 0.763215
470000 0.0366578 0.799873
480000 0.0374678 0.837341
490000 0.0391706 0.876512
500000 0.038822 0.915334
510000 0.0405123 0.955846
520000 0.0410387 0.996884
530000 0.0435179 1.0404
540000 0.0439413 1.08434
550000 0.0440887 1.12843
560000 0.0450374 1.17347
570000 0.0457221 1.21919
580000 0.047365 1.26656
590000 0.0474649 1.31402
600000 0.0475439 1.36157
610000 0.0485583 1.41012
620000 0.0501617 1.46029
630000 0.0538093 1.51409
640000 0.0560011 1.5701
650000 0.0548747 1.62497
660000 0.0595418 1.68451
670000 0.0536343 1.73815
680000 0.0639961 1.80214
690000 0.0560718 1.85821
700000 0.066053 1.92427
710000 0.0580543 1.98232
720000 0.0714861 2.05381
730000 0.0601929 2.114
740000 0.0626471 2.17665
750000 0.062135 2.23878
760000 0.0632193 2.302
770000 0.0648655 2.36687
780000 0.0665601 2.43343
790000 0.0660782 2.49951
800000 0.0677668 2.56727
810000 0.0694532 2.63673
820000 0.0708388 2.70756
830000 0.0702553 2.77782
840000 0.0762972 2.85412
850000 0.0719151 2.92603
860000 0.0731577 2.99919
870000 0.0748761 3.07407
880000 0.0765352 3.1506
890000 0.078424 3.22903
900000 0.0788384 3.30786
910000 0.0819293 3.38979
920000 0.0814905 3.47128
930000 0.0816642 3.55295
940000 0.0829755 3.63592
950000 0.0832011 3.71912
960000 0.0903351 3.80946
970000 0.0893925 3.89885
980000 0.0881827 3.98703
990000 0.0883295 4.07536
1000000 0.0939394 4.1693
1010000 0.0900789 4.25938
1020000 0.0921385 4.35152
1030000 0.091205 4.44273
1040000 0.0949928 4.53772
1050000 0.097897 4.63562
1060000 0.096215 4.73183
1070000 0.0953962 4.82723
1080000 0.0977008 4.92493
1090000 0.0966463 5.02157
1100000 0.100075 5.12165
1110000 0.100337 5.22199
1120000 0.102135 5.32412
1130000 0.104506 5.42863
1140000 0.11083 5.53946
1150000 0.104446 5.6439
1160000 0.10572 5.74962
1170000 0.115363 5.86499
1180000 0.114327 5.97931
1190000 0.120575 6.09989
1200000 0.109949 6.20984
1210000 0.116823 6.32666
1220000 0.117454 6.44411
1230000 0.117346 6.56146
1240000 0.122236 6.6837
1250000 0.119263 6.80296
1260000 0.128922 6.93188
1270000 0.124802 7.05668
1280000 0.122714 7.1794
1290000 0.124765 7.30416
1300000 0.125756 7.42992
1310000 0.125947 7.55587
1320000 0.127988 7.68385
1330000 0.128013 7.81187
1340000 0.131272 7.94314
1350000 0.131042 8.07418
1360000 0.132158 8.20634
1370000 0.133967 8.34031
1380000 0.138874 8.47918
1390000 0.135986 8.61516
1400000 0.136965 8.75213
1410000 0.143892 8.89602
1420000 0.146871 9.04289
1430000 0.147345 9.19024
1440000 0.141594 9.33183
1450000 0.144057 9.47589
1460000 0.140767 9.61665
1470000 0.143416 9.76007
1480000 0.14466 9.90473
1490000 0.153597 10.0583
1500000 0.15033 10.2087
1510000 0.150792 10.3594
1520000 0.148955 10.5084
1530000 0.149355 10.6578
1540000 0.151847 10.8096
1550000 0.166239 10.9758
1560000 0.158011 11.1339
1570000 0.16165 11.2955
1580000 0.156215 11.4517
1590000 0.156068 11.6078
1600000 0.160158 11.7679
1610000 0.157555 11.9255
1620000 0.160972 12.0865
1630000 0.160312 12.2468
1640000 0.165526 12.4123
1650000 0.163594 12.5759
1660000 0.16764 12.7435
1670000 0.169332 12.9129
1680000 0.168099 13.081
1690000 0.167567 13.2485
1700000 0.175022 13.4236
1710000 0.17007 13.5936
1720000 0.175316 13.769
1730000 0.174794 13.9437
1740000 0.187762 14.1315
1750000 0.177417 14.3089
1760000 0.17591 14.4848
1770000 0.206166 14.691
1780000 0.18405 14.875
1790000 0.190522 15.0656
1800000 0.187592 15.2532
1810000 0.188062 15.4412
1820000 0.191783 15.633
1830000 0.190847 15.8239
1840000 0.197982 16.0218
1850000 0.195564 16.2174
1860000 0.195126 16.4125
1870000 0.195486 16.608
1880000 0.198641 16.8067
1890000 0.197367 17.004
1900000 0.20087 17.2049
1910000 0.203429 17.4083
1920000 0.207735 17.6161
1930000 0.210144 17.8262
1940000 0.204867 18.0311
1950000 0.204387 18.2355
1960000 0.207524 18.443
1970000 0.208191 18.6512
1980000 0.207984 18.8591
1990000 0.21025 19.0694
2000000 0.214542 19.2839
2010000 0.214978 19.4989
2020000 0.228374 19.7273
2030000 0.222157 19.9494
2040000 0.223095 20.1725
2050000 0.217614 20.3902
2060000 0.222625 20.6128
2070000 0.223518 20.8363
2080000 0.224933 21.0612
2090000 0.224864 21.2861
Inserting
10000 0.000733162 0.000733237
20000 0.00122397 0.00195721
30000 0.00193009 0.0038873
40000 0.00236142 0.00624873
50000 0.0029014 0.00915012
60000 0.00358403 0.0127342
70000 0.00452672 0.0172609
80000 0.00517814 0.022439
90000 0.00532869 0.0277677
100000 0.00606392 0.0338316
110000 0.00645391 0.0402855
120000 0.0071059 0.0473914
130000 0.00788091 0.0552723
140000 0.00845301 0.0637253
150000 0.00960987 0.0733352
160000 0.00983772 0.0831729
170000 0.0103805 0.0935534
180000 0.0111706 0.104724
190000 0.0116456 0.11637
200000 0.0125675 0.128937
210000 0.0130508 0.141988
220000 0.0139267 0.155915
230000 0.0182978 0.174212
240000 0.0156315 0.189844
250000 0.0217448 0.211589
260000 0.0219127 0.233501
270000 0.0184306 0.251932
280000 0.0190303 0.270962
290000 0.0196571 0.290619
300000 0.0259523 0.316572
310000 0.0227032 0.339275
320000 0.0223462 0.361621
330000 0.0230763 0.384697
340000 0.0240646 0.408762
350000 0.0249625 0.433724
360000 0.0255777 0.459302
370000 0.0276285 0.486931
380000 0.0286398 0.515571
390000 0.0281504 0.543721
400000 0.0299601 0.573681
410000 0.0332488 0.60693
420000 0.0310349 0.637965
430000 0.0325965 0.670561
440000 0.033268 0.703829
450000 0.0336575 0.737487
460000 0.0348206 0.772307
470000 0.0356309 0.807938
480000 0.0368256 0.844764
490000 0.038293 0.883057
500000 0.0387617 0.921818
510000 0.0392817 0.9611
520000 0.0407034 1.0018
530000 0.0418636 1.04367
540000 0.0443024 1.08797
550000 0.0428842 1.13085
560000 0.0452097 1.17606
570000 0.0464793 1.22254
580000 0.0469125 1.26946
590000 0.0466947 1.31615
600000 0.0473988 1.36355
610000 0.0481396 1.41169
620000 0.0498495 1.46154
630000 0.0499047 1.51144
640000 0.0517628 1.56321
650000 0.0527947 1.616
660000 0.0530959 1.6691
670000 0.0539548 1.72305
680000 0.0552437 1.77829
690000 0.0553814 1.83368
700000 0.057226 1.8909
710000 0.0583216 1.94922
720000 0.0592123 2.00844
730000 0.0610471 2.06948
740000 0.0622431 2.13173
750000 0.0621432 2.19387
760000 0.0638473 2.25772
770000 0.0639071 2.32162
780000 0.0663749 2.388
790000 0.06522 2.45322
800000 0.0671529 2.52037
810000 0.0665201 2.58689
820000 0.0703583 2.65725
830000 0.0694798 2.72673
840000 0.0701039 2.79683
850000 0.0717237 2.86856
860000 0.0730923 2.94165
870000 0.0743634 3.01601
880000 0.0766107 3.09262
890000 0.0774712 3.17009
900000 0.0792578 3.24935
910000 0.0817478 3.3311
920000 0.0810657 3.41217
930000 0.0817004 3.49387
940000 0.0844295 3.5783
950000 0.0839328 3.66223
960000 0.0856305 3.74786
970000 0.0863038 3.83416
980000 0.088737 3.9229
990000 0.0874492 4.01035
1000000 0.0904395 4.10079
1010000 0.0914742 4.19226
1020000 0.0914301 4.28369
1030000 0.0902551 4.37395
1040000 0.095503 4.46945
1050000 0.0930946 4.56255
1060000 0.0977838 4.66033
1070000 0.0964223 4.75675
1080000 0.0973486 4.8541
1090000 0.0966209 4.95072
1100000 0.101176 5.0519
1110000 0.100273 5.15217
1120000 0.101813 5.25398
1130000 0.102802 5.35679
1140000 0.103425 5.46021
1150000 0.108751 5.56896
1160000 0.106013 5.67497
1170000 0.108417 5.78339
1180000 0.10767 5.89106
1190000 0.109729 6.00079
1200000 0.11082 6.11161
1210000 0.110872 6.22248
1220000 0.115603 6.33809
1230000 0.115654 6.45374
1240000 0.119555 6.57329
1250000 0.117721 6.69102
1260000 0.121078 6.81209
1270000 0.120779 6.93287
1280000 0.123713 7.05658
1290000 0.123789 7.18037
1300000 0.125098 7.30547
1310000 0.12369 7.42916
1320000 0.128479 7.55764
1330000 0.129132 7.68677
1340000 0.132335 7.81911
1350000 0.128358 7.94747
1360000 0.136805 8.08427
1370000 0.129833 8.2141
1380000 0.13301 8.34712
1390000 0.143482 8.4906
1400000 0.138087 8.62868
1410000 0.136191 8.76488
1420000 0.140182 8.90506
1430000 0.140578 9.04564
1440000 0.14155 9.18719
1450000 0.140459 9.32765
1460000 0.141591 9.46924
1470000 0.143274 9.61251
1480000 0.142963 9.75547
1490000 0.144082 9.89956
1500000 0.152558 10.0521
1510000 0.154679 10.2068
1520000 0.148971 10.3558
1530000 0.155959 10.5117
1540000 0.168955 10.6807
1550000 0.152747 10.8334
1560000 0.154058 10.9875
1570000 0.155773 11.1433
1580000 0.157329 11.3006
1590000 0.158401 11.459
1600000 0.157886 11.6169
1610000 0.157523 11.7744
1620000 0.161102 11.9355
1630000 0.158969 12.0945
1640000 0.163966 12.2584
1650000 0.16141 12.4198
1660000 0.169397 12.5892
1670000 0.164528 12.7538
1680000 0.172081 12.9258
1690000 0.167479 13.0933
1700000 0.175385 13.2687
1710000 0.168372 13.4371
1720000 0.175054 13.6121
1730000 0.170918 13.7831
1740000 0.172622 13.9557
1750000 0.175053 14.1307
1760000 0.174829 14.3056
1770000 0.178401 14.484
1780000 0.176674 14.6606
1790000 0.186838 14.8475
1800000 0.184149 15.0316
1810000 0.19317 15.2248
1820000 0.190137 15.4149
1830000 0.189633 15.6046
1840000 0.191388 15.796
1850000 0.191083 15.987
1860000 0.195781 16.1828
1870000 0.194757 16.3776
1880000 0.19674 16.5743
1890000 0.198337 16.7726
1900000 0.197024 16.9697
1910000 0.211043 17.1807
1920000 0.207834 17.3886
1930000 0.202157 17.5907
1940000 0.211971 17.8027
1950000 0.202723 18.0054
1960000 0.205119 18.2105
1970000 0.206332 18.4169
1980000 0.207611 18.6245
1990000 0.208902 18.8334
2000000 0.207769 19.0411
2010000 0.21286 19.254
2020000 0.213253 19.4672
2030000 0.211961 19.6792
2040000 0.217306 19.8965
2050000 0.215988 20.1125
2060000 0.216329 20.3288
2070000 0.218178 20.547
2080000 0.222393 20.7694
2090000 0.219114 20.9885
