CH
Inserting
1000 0.00155245 0.00155254
2000 0.00203339 0.00358593
3000 0.00235537 0.0059413
4000 0.0026041 0.0085454
5000 0.00280973 0.0113551
6000 0.00309213 0.0144473
7000 0.00319827 0.0176455
8000 0.00339541 0.0210409
9000 0.00357901 0.0246199
10000 0.00356941 0.0281894
11000 0.00372398 0.0319133
12000 0.00385716 0.0357705
13000 0.00393781 0.0397083
14000 0.004184 0.0438923
15000 0.00408318 0.0479755
16000 0.00431726 0.0522927
17000 0.00446342 0.0567562
18000 0.00446599 0.0612222
19000 0.00457571 0.0657979
20000 0.00466424 0.0704621
21000 0.00476169 0.0752238
22000 0.00472634 0.0799501
23000 0.00492043 0.0848706
24000 0.00491862 0.0897892
25000 0.00508174 0.0948709
26000 0.0051757 0.100047
27000 0.00517438 0.105221
28000 0.00527128 0.110492
29000 0.00541402 0.115906
30000 0.00552204 0.121428
31000 0.00560077 0.127029
32000 0.0055728 0.132602
33000 0.00584472 0.138447
34000 0.00585475 0.144301
35000 0.0059986 0.1503
36000 0.0059094 0.156209
37000 0.00664195 0.162851
38000 0.00620965 0.169061
39000 0.00629608 0.175357
40000 0.00826721 0.183624
41000 0.00638678 0.190011
42000 0.00808086 0.198092
43000 0.0067603 0.204852
44000 0.00670586 0.211558
45000 0.00759355 0.219152
46000 0.00683793 0.22599
47000 0.00686198 0.232852
48000 0.00711608 0.239968
49000 0.00759039 0.247558
50000 0.00750794 0.255066
51000 0.00731366 0.26238
52000 0.00727963 0.269659
53000 0.00741923 0.277078
54000 0.00842974 0.285508
55000 0.00864818 0.294156
56000 0.00813831 0.302295
57000 0.00775222 0.310047
58000 0.00798089 0.318028
59000 0.00776979 0.325798
60000 0.00946045 0.335258
61000 0.0078307 0.343089
62000 0.00792882 0.351018
63000 0.00888444 0.359902
64000 0.00898913 0.368891
65000 0.00833194 0.377223
66000 0.0105569 0.38778
67000 0.011326 0.399106
68000 0.00856513 0.407671
69000 0.008474 0.416145
70000 0.00840397 0.424549
71000 0.00852366 0.433073
72000 0.00845547 0.441528
73000 0.00845899 0.449987
74000 0.00837825 0.458365
75000 0.00990828 0.468274
76000 0.00857705 0.476851
77000 0.00857025 0.485421
78000 0.00868113 0.494102
79000 0.00881843 0.50292
80000 0.00873008 0.511651
81000 0.00881792 0.520468
82000 0.00889613 0.529365
83000 0.00927028 0.538635
84000 0.00886876 0.547504
85000 0.00920609 0.55671
86000 0.00895277 0.565662
87000 0.00958919 0.575252
88000 0.00966586 0.584918
89000 0.00923429 0.594152
90000 0.00949932 0.603651
91000 0.00920672 0.612858
92000 0.00934647 0.622204
93000 0.00942105 0.631625
94000 0.00930066 0.640926
95000 0.00948816 0.650414
96000 0.00929565 0.65971
97000 0.0118927 0.671603
98000 0.0113868 0.682989
99000 0.00962802 0.692617
100000 0.00955348 0.702171
101000 0.0100193 0.71219
102000 0.00968757 0.721878
103000 0.0106727 0.73255
104000 0.0105933 0.743144
105000 0.0110144 0.754158
106000 0.0107318 0.76489
107000 0.0103303 0.77522
108000 0.0100351 0.785255
109000 0.0130735 0.798329
110000 0.0103347 0.808664
111000 0.0106784 0.819342
112000 0.0165439 0.835886
113000 0.0111395 0.847025
114000 0.0103299 0.857355
115000 0.011484 0.868839
116000 0.0102942 0.879133
117000 0.010057 0.88919
118000 0.0104206 0.899611
119000 0.0109756 0.910587
120000 0.010488 0.921075
121000 0.0105477 0.931622
122000 0.010526 0.942148
123000 0.0112049 0.953353
124000 0.012016 0.965369
125000 0.0104274 0.975797
126000 0.0105736 0.98637
127000 0.0105685 0.996939
128000 0.0116057 1.00854
129000 0.0105651 1.01911
130000 0.0104913 1.0296
131000 0.0105577 1.04016
132000 0.0112488 1.05141
133000 0.0110234 1.06243
134000 0.0106766 1.07311
135000 0.0110833 1.08419
136000 0.0110671 1.09526
137000 0.0115172 1.10678
138000 0.0109596 1.11773
139000 0.0111707 1.12891
140000 0.0119732 1.14088
141000 0.0116188 1.1525
142000 0.0118658 1.16436
143000 0.0110543 1.17542
144000 0.0111855 1.1866
145000 0.0112705 1.19787
146000 0.0118015 1.20968
147000 0.0115975 1.22127
148000 0.0121197 1.23339
149000 0.0115926 1.24498
150000 0.0113905 1.25638
151000 0.0112162 1.26759
152000 0.0112318 1.27882
153000 0.0120142 1.29084
154000 0.0116768 1.30251
155000 0.0115667 1.31408
156000 0.0116752 1.32576
157000 0.0114872 1.33724
158000 0.0119932 1.34924
159000 0.0116893 1.36093
160000 0.0117268 1.37265
161000 0.012062 1.38471
162000 0.0117271 1.39644
163000 0.0121037 1.40855
164000 0.0118319 1.42038
165000 0.0120234 1.4324
166000 0.0120199 1.44442
167000 0.0118394 1.45626
168000 0.0120318 1.46829
169000 0.0119679 1.48026
170000 0.0123887 1.49265
171000 0.012353 1.505
172000 0.012088 1.51709
173000 0.0126517 1.52974
174000 0.0129054 1.54265
175000 0.0121007 1.55475
176000 0.012654 1.5674
177000 0.012126 1.57953
178000 0.0129965 1.59252
179000 0.0124138 1.60494
180000 0.0122012 1.61714
181000 0.012758 1.6299
182000 0.012855 1.64275
183000 0.0129697 1.65572
184000 0.0128579 1.66858
185000 0.0123279 1.68091
186000 0.0129048 1.69381
187000 0.0129532 1.70677
188000 0.0125124 1.71928
189000 0.012947 1.73222
190000 0.0126536 1.74488
191000 0.0129732 1.75785
192000 0.0130136 1.77087
193000 0.0126126 1.78348
194000 0.0129054 1.79638
195000 0.0126825 1.80907
196000 0.0131932 1.82226
197000 0.0133186 1.83558
198000 0.0129839 1.84856
199000 0.0134046 1.86197
200000 0.013487 1.87545
201000 0.0132335 1.88869
202000 0.013092 1.90178
203000 0.0133135 1.91509
204000 0.0132722 1.92836
205000 0.0132017 1.94157
206000 0.0149438 1.95651
207000 0.0139142 1.97042
208000 0.0132351 1.98366
209000 0.0133254 1.99698
210000 0.0136584 2.01064
211000 0.0134729 2.02412
212000 0.0141753 2.03829
213000 0.0136559 2.05195
214000 0.0134153 2.06536
215000 0.0135099 2.07887
216000 0.0137812 2.09265
217000 0.014086 2.10674
218000 0.0135815 2.12032
219000 0.0137812 2.1341
220000 0.0136693 2.14777
221000 0.0138221 2.16159
222000 0.0137791 2.17537
223000 0.0141397 2.18951
224000 0.0133859 2.2029
225000 0.0140297 2.21693
226000 0.0135648 2.23049
227000 0.0135273 2.24402
228000 0.014184 2.2582
229000 0.0143106 2.27251
230000 0.0139812 2.2865
231000 0.014499 2.30099
232000 0.0144044 2.3154
233000 0.0140753 2.32947
234000 0.0142202 2.34369
235000 0.0139701 2.35766
236000 0.0144974 2.37216
237000 0.0142918 2.38645
238000 0.0146024 2.40106
239000 0.0144058 2.41546
240000 0.0142207 2.42968
241000 0.0143571 2.44404
242000 0.0143657 2.45841
243000 0.0144028 2.47281
244000 0.0142758 2.48708
245000 0.0148624 2.50195
246000 0.0149132 2.51686
247000 0.0152185 2.53208
248000 0.0147307 2.54681
249000 0.0148284 2.56164
250000 0.0144927 2.57613
251000 0.0150925 2.59122
252000 0.0150712 2.60629
253000 0.0145379 2.62083
254000 0.0146034 2.63543
255000 0.0142885 2.64972
256000 0.0147411 2.66446
257000 0.0144431 2.67891
258000 0.0154277 2.69434
259000 0.0146329 2.70897
260000 0.0147587 2.72373
261000 0.0148567 2.73858
262000 0.0151203 2.7537
263000 0.0149489 2.76865
264000 0.0150637 2.78372
265000 0.015139 2.79886
266000 0.015193 2.81405
267000 0.014759 2.82881
268000 0.0149405 2.84375
269000 0.0157121 2.85946
270000 0.0156076 2.87507
271000 0.0150518 2.89012
272000 0.0150155 2.90513
273000 0.0155804 2.92072
274000 0.0150692 2.93578
275000 0.0150507 2.95084
276000 0.0151644 2.966
277000 0.0156198 2.98162
278000 0.0152437 2.99686
279000 0.015681 3.01254
280000 0.0152526 3.0278
281000 0.015797 3.04359
282000 0.0157143 3.05931
283000 0.0178292 3.07714
284000 0.0220577 3.09919
285000 0.0193377 3.11853
286000 0.0152386 3.13377
287000 0.015262 3.14903
288000 0.0159336 3.16497
289000 0.0162387 3.18121
290000 0.0159667 3.19717
291000 0.0157071 3.21288
292000 0.0154277 3.22831
293000 0.0160713 3.24438
294000 0.0159929 3.26037
295000 0.0165357 3.27691
296000 0.0163252 3.29323
297000 0.0163669 3.3096
298000 0.0156712 3.32527
299000 0.0179373 3.34321
300000 0.0166284 3.35984
301000 0.0168831 3.37672
302000 0.0157158 3.39243
303000 0.0163125 3.40875
304000 0.0157177 3.42446
305000 0.016775 3.44124
306000 0.0168138 3.45805
307000 0.0157157 3.47377
308000 0.0159549 3.48972
309000 0.0161673 3.50589
310000 0.0163379 3.52223
311000 0.0158954 3.53812
312000 0.0161274 3.55425
313000 0.0174496 3.5717
314000 0.0159585 3.58766
315000 0.0165516 3.60421
316000 0.0163565 3.62057
317000 0.0166311 3.6372
318000 0.0164594 3.65366
319000 0.0166077 3.67027
320000 0.0167394 3.68701
321000 0.0169983 3.704
322000 0.0165628 3.72057
323000 0.0159884 3.73656
324000 0.0171023 3.75366
325000 0.0160345 3.76969
326000 0.0167251 3.78642
327000 0.0165733 3.80299
328000 0.0166429 3.81963
329000 0.0160932 3.83573
330000 0.0167323 3.85246
331000 0.016797 3.86926
332000 0.0167515 3.88601
333000 0.0167535 3.90276
334000 0.0177746 3.92054
335000 0.0166165 3.93715
336000 0.0169379 3.95409
337000 0.0164165 3.97051
338000 0.0165416 3.98705
339000 0.0172538 4.0043
340000 0.0163247 4.02063
341000 0.0164767 4.0371
342000 0.0168257 4.05393
343000 0.0169442 4.07087
344000 0.0169127 4.08779
345000 0.0169125 4.1047
346000 0.016602 4.1213
347000 0.017028 4.13833
348000 0.0163663 4.1547
349000 0.018192 4.17289
350000 0.0174007 4.19029
351000 0.0169844 4.20727
352000 0.0170918 4.22436
353000 0.0171501 4.24151
354000 0.0172195 4.25873
355000 0.0170922 4.27583
356000 0.0169891 4.29282
357000 0.0172992 4.31011
358000 0.0167895 4.3269
359000 0.0171633 4.34407
360000 0.0169819 4.36105
361000 0.0171841 4.37823
362000 0.0174864 4.39572
363000 0.017538 4.41326
364000 0.0170802 4.43034
365000 0.0169779 4.44732
366000 0.0168562 4.46417
367000 0.017155 4.48133
368000 0.0175515 4.49888
369000 0.0173557 4.51623
370000 0.0170972 4.53333
371000 0.0173941 4.55073
372000 0.0171021 4.56783
373000 0.0174998 4.58533
374000 0.0174393 4.60277
375000 0.0176734 4.62044
376000 0.0181859 4.63863
377000 0.0174892 4.65611
378000 0.0185959 4.67471
379000 0.0243585 4.69907
380000 0.0182506 4.71732
381000 0.0178371 4.73516
382000 0.0173581 4.75252
383000 0.0177817 4.7703
384000 0.0228538 4.79315
385000 0.0202393 4.81339
386000 0.0173704 4.83076
387000 0.0176249 4.84839
388000 0.0185322 4.86692
389000 0.0177013 4.88462
390000 0.0211417 4.90576
391000 0.0176723 4.92343
392000 0.0176003 4.94103
393000 0.0177611 4.95879
394000 0.0179877 4.97678
395000 0.0182885 4.99507
396000 0.0179608 5.01303
397000 0.0179115 5.03094
398000 0.0179179 5.04886
399000 0.0180724 5.06693
400000 0.0176737 5.08461
401000 0.0218691 5.10648
402000 0.0179449 5.12442
403000 0.0179229 5.14234
404000 0.0180997 5.16044
405000 0.0182963 5.17874
406000 0.0182379 5.19698
407000 0.017923 5.2149
408000 0.0179497 5.23285
409000 0.0183372 5.25119
410000 0.0190695 5.27026
411000 0.0179772 5.28823
412000 0.018353 5.30659
413000 0.0176459 5.32423
414000 0.0178452 5.34208
415000 0.0179895 5.36007
416000 0.018057 5.37812
417000 0.0185698 5.39669
418000 0.0183902 5.41508
419000 0.0181696 5.43325
420000 0.018193 5.45145
421000 0.0190556 5.4705
422000 0.0176849 5.48819
423000 0.0181035 5.50629
424000 0.0185355 5.52483
425000 0.0184219 5.54325
426000 0.0180424 5.56129
427000 0.0186933 5.57998
428000 0.0181893 5.59817
429000 0.0189459 5.61712
430000 0.018424 5.63554
431000 0.0184616 5.65401
432000 0.0185644 5.67257
433000 0.0199225 5.69249
434000 0.017901 5.71039
435000 0.0184663 5.72886
436000 0.0185168 5.74738
437000 0.0191285 5.7665
438000 0.0183859 5.78489
439000 0.0191677 5.80406
440000 0.0180248 5.82208
441000 0.0184584 5.84054
442000 0.0185558 5.8591
443000 0.0190344 5.87813
444000 0.0186118 5.89674
445000 0.0181267 5.91487
446000 0.0184413 5.93331
447000 0.0183571 5.95167
448000 0.0182101 5.96988
449000 0.0184057 5.98828
450000 0.0189325 6.00722
451000 0.0187085 6.02593
452000 0.0185858 6.04451
453000 0.0191631 6.06367
454000 0.0185736 6.08225
455000 0.0186044 6.10085
456000 0.0190098 6.11986
457000 0.0184658 6.13833
458000 0.0185597 6.15689
459000 0.0191594 6.17605
460000 0.0188305 6.19488
461000 0.0190348 6.21391
462000 0.0182661 6.23218
463000 0.0188855 6.25106
464000 0.0185946 6.26966
465000 0.0189697 6.28863
466000 0.0188413 6.30747
467000 0.0187818 6.32625
468000 0.0192407 6.34549
469000 0.0185528 6.36405
470000 0.0193627 6.38341
471000 0.0187452 6.40215
472000 0.0188263 6.42098
473000 0.0188608 6.43984
474000 0.0192516 6.45909
475000 0.0185455 6.47764
476000 0.0186609 6.4963
477000 0.0188771 6.51518
478000 0.0186796 6.53386
479000 0.0192523 6.55311
480000 0.0192348 6.57234
481000 0.0191173 6.59146
482000 0.0193295 6.61079
483000 0.019111 6.6299
484000 0.0191826 6.64908
485000 0.0193859 6.66847
486000 0.0187144 6.68718
487000 0.0191558 6.70634
488000 0.0196615 6.726
489000 0.0194215 6.74542
490000 0.0192613 6.76468
491000 0.0190381 6.78372
492000 0.0187865 6.80251
493000 0.0196973 6.8222
494000 0.0194998 6.8417
495000 0.0194035 6.86111
496000 0.019688 6.8808
497000 0.0194934 6.90029
498000 0.0192889 6.91958
499000 0.0191896 6.93877
500000 0.019429 6.9582
501000 0.0199048 6.9781
502000 0.0192553 6.99736
503000 0.0193352 7.01669
504000 0.0196923 7.03638
505000 0.0203877 7.05677
506000 0.0197763 7.07655
507000 0.0196423 7.09619
508000 0.0194519 7.11564
509000 0.0195985 7.13524
510000 0.0192832 7.15452
511000 0.0194669 7.17399
512000 0.0217486 7.19574
513000 0.0210703 7.21681
514000 0.019278 7.23609
515000 0.0198171 7.25591
516000 0.0199006 7.27581
517000 0.0198363 7.29564
518000 0.0195883 7.31523
519000 0.0199094 7.33514
520000 0.0192241 7.35436
521000 0.0198946 7.37426
522000 0.0202897 7.39455
523000 0.0206163 7.41516
524000 0.0196045 7.43477
525000 0.019402 7.45417
526000 0.0194915 7.47366
527000 0.0212656 7.49493
528000 0.019707 7.51464
529000 0.0197257 7.53436
530000 0.0196986 7.55406
531000 0.0196068 7.57367
532000 0.0198982 7.59356
533000 0.0200784 7.61364
534000 0.0196633 7.63331
535000 0.0199754 7.65328
536000 0.0193073 7.67259
537000 0.0196941 7.69228
538000 0.0200312 7.71231
539000 0.0205117 7.73283
540000 0.0196635 7.75249
541000 0.020272 7.77276
542000 0.0202665 7.79303
543000 0.0201358 7.81316
544000 0.0196851 7.83285
545000 0.0203554 7.8532
546000 0.0203032 7.87351
547000 0.020245 7.89375
548000 0.0201188 7.91387
549000 0.0202815 7.93415
550000 0.0192336 7.95339
551000 0.0210883 7.97447
552000 0.0203589 7.99483
553000 0.0204216 8.01526
554000 0.0199979 8.03525
555000 0.0197783 8.05503
556000 0.0207514 8.07578
557000 0.0253739 8.10116
558000 0.0211965 8.12235
559000 0.0195675 8.14192
560000 0.0201221 8.16204
561000 0.0200264 8.18207
562000 0.0208463 8.20292
563000 0.0199118 8.22283
564000 0.0205347 8.24336
565000 0.0203589 8.26372
566000 0.0212461 8.28497
567000 0.0208041 8.30577
568000 0.0202569 8.32603
569000 0.020072 8.3461
570000 0.0208577 8.36696
571000 0.0200946 8.38705
572000 0.0203707 8.40742
573000 0.0203488 8.42777
574000 0.0201325 8.4479
575000 0.0202992 8.4682
576000 0.0208184 8.48902
577000 0.020657 8.50968
578000 0.0201734 8.52985
579000 0.0207757 8.55063
580000 0.0204797 8.57111
581000 0.0205738 8.59168
582000 0.0205281 8.61221
583000 0.0205346 8.63274
584000 0.0202927 8.65304
585000 0.0232316 8.67627
586000 0.0209801 8.69725
587000 0.0206661 8.71792
588000 0.0215659 8.73948
589000 0.0206764 8.76016
590000 0.020674 8.78083
591000 0.0208453 8.80168
592000 0.021251 8.82293
593000 0.0206452 8.84357
594000 0.0212269 8.8648
595000 0.0205164 8.88532
596000 0.0210682 8.90638
597000 0.0207963 8.92718
598000 0.0206901 8.94787
599000 0.0203302 8.9682
600000 0.0220571 8.99026
601000 0.0206831 9.01094
602000 0.0208051 9.03175
603000 0.0212162 9.05296
604000 0.0207782 9.07374
605000 0.0207973 9.09454
606000 0.0207632 9.1153
607000 0.0206495 9.13595
608000 0.0207741 9.15672
609000 0.0215029 9.17823
610000 0.0207611 9.19899
611000 0.0212583 9.22025
612000 0.021154 9.2414
613000 0.0207091 9.26211
614000 0.0220546 9.28416
615000 0.0209544 9.30512
616000 0.0214781 9.3266
617000 0.0205771 9.34717
618000 0.020841 9.36802
619000 0.0211012 9.38912
620000 0.0215456 9.41066
621000 0.0216079 9.43227
622000 0.0210871 9.45336
623000 0.0221148 9.47547
624000 0.0209402 9.49641
625000 0.0210102 9.51742
626000 0.0206819 9.5381
627000 0.0210024 9.55911
628000 0.0215794 9.58069
629000 0.0206433 9.60133
630000 0.0211167 9.62245
631000 0.0210659 9.64351
632000 0.0212202 9.66473
633000 0.0207937 9.68553
634000 0.0211657 9.70669
635000 0.0215897 9.72828
636000 0.0230032 9.75128
637000 0.0211227 9.77241
638000 0.0216883 9.7941
639000 0.0212953 9.81539
640000 0.0211573 9.83655
641000 0.0213763 9.85792
642000 0.0211876 9.87911
643000 0.0215116 9.90062
644000 0.0211045 9.92173
645000 0.0212491 9.94298
646000 0.0210644 9.96404
647000 0.0212767 9.98532
648000 0.02138 10.0067
649000 0.0215518 10.0282
650000 0.0212452 10.0495
651000 0.0212996 10.0708
652000 0.0227434 10.0935
653000 0.0219988 10.1155
654000 0.0212433 10.1368
655000 0.0211642 10.1579
656000 0.0214257 10.1794
657000 0.0215723 10.2009
658000 0.0235556 10.2245
659000 0.0215144 10.246
660000 0.021249 10.2673
661000 0.0215262 10.2888
662000 0.0213439 10.3101
663000 0.0213679 10.3315
664000 0.021279 10.3528
665000 0.0214168 10.3742
666000 0.022038 10.3962
667000 0.0214653 10.4177
668000 0.0213397 10.439
669000 0.0216064 10.4606
670000 0.0215638 10.4822
671000 0.0216397 10.5038
672000 0.0215284 10.5254
673000 0.0214803 10.5469
674000 0.0213584 10.5682
675000 0.0216933 10.5899
676000 0.0215693 10.6115
677000 0.0214811 10.633
678000 0.0214914 10.6545
679000 0.0215767 10.676
680000 0.0215216 10.6975
681000 0.0216165 10.7192
682000 0.0217658 10.7409
683000 0.0224163 10.7633
684000 0.0218256 10.7852
685000 0.0216268 10.8068
686000 0.0216539 10.8285
687000 0.0216433 10.8501
688000 0.0219907 10.8721
689000 0.0217514 10.8938
690000 0.0215695 10.9154
691000 0.0217386 10.9371
692000 0.0220871 10.9592
693000 0.0217107 10.9809
694000 0.0213594 11.0023
695000 0.0220598 11.0244
696000 0.0220582 11.0464
697000 0.0226273 11.069
698000 0.0223286 11.0914
699000 0.0219204 11.1133
700000 0.0220156 11.1353
701000 0.0219786 11.1573
702000 0.0217304 11.179
703000 0.0217112 11.2007
704000 0.0219202 11.2227
705000 0.0219809 11.2446
706000 0.0221809 11.2668
707000 0.0220733 11.2889
708000 0.0219613 11.3109
709000 0.0222577 11.3331
710000 0.0231399 11.3562
711000 0.0218138 11.3781
712000 0.0223517 11.4004
713000 0.0219442 11.4224
714000 0.0219594 11.4443
715000 0.0218476 11.4662
716000 0.0219183 11.4881
717000 0.0223174 11.5104
718000 0.0226971 11.5331
719000 0.021941 11.555
720000 0.0222172 11.5773
721000 0.0221695 11.5994
722000 0.0223499 11.6218
723000 0.0220717 11.6438
724000 0.0221451 11.666
725000 0.0256601 11.6917
726000 0.0281447 11.7198
727000 0.0269415 11.7467
728000 0.0222122 11.769
729000 0.0220389 11.791
730000 0.0220353 11.813
731000 0.0230354 11.8361
732000 0.0222389 11.8583
733000 0.0221953 11.8805
734000 0.0219917 11.9025
735000 0.0225843 11.9251
736000 0.0221268 11.9472
737000 0.0231542 11.9704
738000 0.0223561 11.9927
739000 0.0224064 12.0151
740000 0.0228735 12.038
741000 0.0222867 12.0603
742000 0.0222598 12.0825
743000 0.0220671 12.1046
744000 0.0229936 12.1276
745000 0.0223752 12.15
746000 0.0224137 12.1724
747000 0.0222193 12.1946
748000 0.0252072 12.2198
749000 0.0227223 12.2425
750000 0.0228179 12.2654
751000 0.0237554 12.2891
752000 0.022655 12.3118
753000 0.0224335 12.3342
754000 0.0222958 12.3565
755000 0.0225249 12.379
756000 0.022336 12.4014
757000 0.0223616 12.4237
758000 0.02245 12.4462
759000 0.0224283 12.4686
760000 0.0224981 12.4911
761000 0.0224264 12.5135
762000 0.0228368 12.5364
763000 0.0222726 12.5586
764000 0.0222543 12.5809
765000 0.0220524 12.6029
766000 0.0224682 12.6254
767000 0.0225321 12.6479
768000 0.0225789 12.6705
769000 0.0222967 12.6928
770000 0.0232639 12.7161
771000 0.0228033 12.7389
772000 0.0226735 12.7615
773000 0.0231117 12.7847
774000 0.0224685 12.8071
775000 0.0230645 12.8302
776000 0.0232519 12.8534
777000 0.0227968 12.8762
778000 0.0225245 12.8988
779000 0.0242961 12.9231
780000 0.0222901 12.9454
781000 0.0224689 12.9678
782000 0.0232008 12.991
783000 0.0228869 13.0139
784000 0.0227906 13.0367
785000 0.0225522 13.0593
786000 0.02256 13.0818
787000 0.0225737 13.1044
788000 0.0228121 13.1272
789000 0.0251867 13.1524
790000 0.0264371 13.1788
791000 0.0225626 13.2014
792000 0.0224095 13.2238
793000 0.0224904 13.2463
794000 0.0226824 13.269
795000 0.022789 13.2918
796000 0.0227528 13.3145
797000 0.0227832 13.3373
798000 0.0226127 13.3599
799000 0.0226721 13.3826
800000 0.0228402 13.4054
801000 0.0226218 13.428
802000 0.0227636 13.4508
803000 0.0227861 13.4736
804000 0.0230818 13.4967
805000 0.0232213 13.5199
806000 0.022751 13.5426
807000 0.0228517 13.5655
808000 0.0230095 13.5885
809000 0.0229273 13.6114
810000 0.0227307 13.6342
811000 0.0233699 13.6575
812000 0.0229663 13.6805
813000 0.0229872 13.7035
814000 0.0229905 13.7265
815000 0.0232029 13.7497
816000 0.0229582 13.7726
817000 0.0226429 13.7953
818000 0.0227858 13.8181
819000 0.0229748 13.841
820000 0.0229057 13.8639
821000 0.0230549 13.887
822000 0.0231404 13.9101
823000 0.0230228 13.9332
824000 0.0238447 13.957
825000 0.0230209 13.98
826000 0.023401 14.0034
827000 0.023206 14.0266
828000 0.0245713 14.0512
829000 0.0232129 14.0744
830000 0.0228498 14.0973
831000 0.0233867 14.1207
832000 0.0231168 14.1438
833000 0.0240749 14.1678
834000 0.0233022 14.1912
835000 0.0228885 14.214
836000 0.0230742 14.2371
837000 0.0231473 14.2603
838000 0.0231102 14.2834
839000 0.0230961 14.3065
840000 0.024247 14.3307
841000 0.0230166 14.3537
842000 0.0232596 14.377
843000 0.0232182 14.4002
844000 0.0232894 14.4235
845000 0.0233417 14.4468
846000 0.0229805 14.4698
847000 0.0231277 14.4929
848000 0.0232318 14.5162
849000 0.0234426 14.5396
850000 0.0231791 14.5628
851000 0.0233053 14.5861
852000 0.0230365 14.6091
853000 0.0233887 14.6325
854000 0.0235203 14.6561
855000 0.0233545 14.6794
856000 0.0238389 14.7032
857000 0.0236358 14.7269
858000 0.0236654 14.7505
859000 0.0241786 14.7747
860000 0.0243071 14.799
861000 0.0235181 14.8226
862000 0.0233867 14.8459
863000 0.0243623 14.8703
864000 0.0237026 14.894
865000 0.0234072 14.9174
866000 0.0235895 14.941
867000 0.0231436 14.9641
868000 0.0238631 14.988
869000 0.0238472 15.0119
870000 0.0237761 15.0356
871000 0.0232764 15.0589
872000 0.0234385 15.0823
873000 0.0276697 15.11
874000 0.0237939 15.1338
875000 0.0234523 15.1573
876000 0.0241475 15.1814
877000 0.0235009 15.2049
878000 0.0234399 15.2283
879000 0.0245382 15.2529
880000 0.0239161 15.2768
881000 0.023373 15.3002
882000 0.0237649 15.3239
883000 0.0231569 15.3471
884000 0.0253776 15.3725
885000 0.0239401 15.3964
886000 0.0236207 15.42
887000 0.0235727 15.4436
888000 0.0235375 15.4671
889000 0.023636 15.4908
890000 0.0238437 15.5146
891000 0.0239782 15.5386
892000 0.023521 15.5621
893000 0.0246469 15.5868
894000 0.0247761 15.6115
895000 0.0294296 15.641
896000 0.0237396 15.6647
897000 0.0239857 15.6887
898000 0.0237866 15.7125
899000 0.0234865 15.736
900000 0.0245222 15.7605
901000 0.0237817 15.7843
902000 0.02357 15.8078
903000 0.0237743 15.8316
904000 0.0238563 15.8555
905000 0.0239914 15.8795
906000 0.0251678 15.9046
907000 0.0237929 15.9284
908000 0.0238986 15.9523
909000 0.0241137 15.9764
910000 0.0238705 16.0003
911000 0.0241512 16.0245
912000 0.0243076 16.0488
913000 0.0239797 16.0728
914000 0.0239507 16.0967
915000 0.0242006 16.1209
916000 0.024202 16.1451
917000 0.02391 16.169
918000 0.0237771 16.1928
919000 0.0239027 16.2167
920000 0.0241263 16.2408
921000 0.0244209 16.2652
922000 0.0240652 16.2893
923000 0.0238086 16.3131
924000 0.0240284 16.3371
925000 0.0243992 16.3615
926000 0.0242899 16.3858
927000 0.0242228 16.4101
928000 0.0241976 16.4343
929000 0.0247143 16.459
930000 0.0244173 16.4834
931000 0.0244414 16.5078
932000 0.0242372 16.5321
933000 0.0240337 16.5561
934000 0.0243897 16.5805
935000 0.0241239 16.6046
936000 0.0243783 16.629
937000 0.024202 16.6532
938000 0.0241024 16.6773
939000 0.0242795 16.7016
940000 0.0244485 16.726
941000 0.024159 16.7502
942000 0.0243214 16.7745
943000 0.0242484 16.7988
944000 0.0242456 16.823
945000 0.0243143 16.8473
946000 0.0241087 16.8714
947000 0.0243596 16.8958
948000 0.0242908 16.9201
949000 0.0246497 16.9447
950000 0.0255613 16.9703
951000 0.024664 16.9949
952000 0.024172 17.0191
953000 0.0245438 17.0437
954000 0.0242608 17.0679
955000 0.0243618 17.0923
956000 0.025021 17.1173
957000 0.024482 17.1418
958000 0.0245212 17.1663
959000 0.0242429 17.1906
960000 0.0249199 17.2155
961000 0.0248524 17.2403
962000 0.0244131 17.2647
963000 0.0247975 17.2895
964000 0.0245557 17.3141
965000 0.0243887 17.3385
966000 0.0243841 17.3629
967000 0.0255996 17.3885
968000 0.0245994 17.4131
969000 0.0244139 17.4375
970000 0.0258165 17.4633
971000 0.0246313 17.4879
972000 0.0244866 17.5124
973000 0.0246648 17.5371
974000 0.0248789 17.562
975000 0.0247869 17.5867
976000 0.0247853 17.6115
977000 0.0246903 17.6362
978000 0.0245834 17.6608
979000 0.0243925 17.6852
980000 0.0247821 17.71
981000 0.0244283 17.7344
982000 0.0245968 17.759
983000 0.0244527 17.7835
984000 0.0245189 17.808
985000 0.0243415 17.8323
986000 0.025126 17.8574
987000 0.0247373 17.8822
988000 0.0246553 17.9068
989000 0.0246682 17.9315
990000 0.0247506 17.9563
991000 0.0251098 17.9814
992000 0.0250768 18.0064
993000 0.0247151 18.0312
994000 0.0247104 18.0559
995000 0.0249555 18.0808
996000 0.0248531 18.1057
997000 0.0249426 18.1306
998000 0.0249867 18.1556
999000 0.0247111 18.1803
1000000 0.024715 18.205
1001000 0.0246895 18.2297
1002000 0.0248552 18.2546
1003000 0.0251399 18.2797
1004000 0.0253889 18.3051
1005000 0.0246993 18.3298
1006000 0.0247085 18.3545
1007000 0.0248078 18.3793
1008000 0.0248872 18.4042
1009000 0.0247492 18.429
1010000 0.024715 18.4537
1011000 0.0245848 18.4783
1012000 0.0247012 18.503
1013000 0.0249613 18.5279
1014000 0.0248927 18.5528
1015000 0.0251012 18.5779
1016000 0.0247924 18.6027
1017000 0.0252526 18.628
1018000 0.0259623 18.6539
1019000 0.0252793 18.6792
1020000 0.0249375 18.7041
1021000 0.025151 18.7293
1022000 0.0249447 18.7542
1023000 0.0249014 18.7791
1024000 0.0250353 18.8042
1025000 0.0256431 18.8298
1026000 0.024941 18.8547
1027000 0.0248198 18.8796
1028000 0.0251188 18.9047
1029000 0.0247583 18.9294
1030000 0.0248283 18.9543
1031000 0.024969 18.9792
1032000 0.024915 19.0042
1033000 0.0252347 19.0294
1034000 0.0247613 19.0542
1035000 0.0251493 19.0793
1036000 0.0249898 19.1043
1037000 0.0250425 19.1293
1038000 0.0260706 19.1554
1039000 0.0253849 19.1808
1040000 0.025192 19.206
1041000 0.0261354 19.2321
1042000 0.0250658 19.2572
1043000 0.0256724 19.2829
1044000 0.0251019 19.308
1045000 0.0249062 19.3329
1046000 0.025112 19.358
1047000 0.0250477 19.383
1048000 0.0251431 19.4082
Inserting
1000 0.00153069 0.00153075
2000 0.00204104 0.00357179
3000 0.00234848 0.00592028
4000 0.00257924 0.00849952
5000 0.00283815 0.0113377
6000 0.00304588 0.0143835
7000 0.00318657 0.0175701
8000 0.0033435 0.0209136
9000 0.00348884 0.0244025
10000 0.00355664 0.0279591
11000 0.00376286 0.031722
12000 0.00383378 0.0355557
13000 0.00388516 0.0394409
14000 0.00457081 0.0440117
15000 0.00415321 0.0481649
16000 0.00422915 0.052394
17000 0.00438475 0.0567788
18000 0.00452444 0.0613032
19000 0.00446499 0.0657682
20000 0.00473334 0.0705016
21000 0.00472025 0.0752218
22000 0.0068729 0.0820947
23000 0.00496054 0.0870553
24000 0.00492153 0.0919768
25000 0.00493115 0.0969079
26000 0.00513052 0.102038
27000 0.00521595 0.107254
28000 0.00847066 0.115725
29000 0.00642195 0.122147
30000 0.0054101 0.127557
31000 0.00561244 0.13317
32000 0.00563567 0.138805
33000 0.00571048 0.144516
34000 0.00580317 0.150319
35000 0.00591057 0.156229
36000 0.00627985 0.162509
37000 0.00631336 0.168823
38000 0.00622675 0.175049
39000 0.00671724 0.181767
40000 0.00670748 0.188474
41000 0.00677909 0.195253
42000 0.00660838 0.201862
43000 0.0065782 0.20844
44000 0.00671252 0.215152
45000 0.00688365 0.222036
46000 0.00690902 0.228945
47000 0.00690242 0.235847
48000 0.00691474 0.242762
49000 0.00702339 0.249786
50000 0.0070663 0.256852
51000 0.00719694 0.264049
52000 0.00721734 0.271266
53000 0.00734746 0.278614
54000 0.00742231 0.286036
55000 0.00753554 0.293571
56000 0.00761654 0.301188
57000 0.00825473 0.309443
58000 0.00757046 0.317013
59000 0.0076909 0.324704
60000 0.00817499 0.332879
61000 0.00804347 0.340922
62000 0.00879949 0.349722
63000 0.00831862 0.358041
64000 0.00798357 0.366024
65000 0.00811254 0.374137
66000 0.00821 0.382347
67000 0.00829152 0.390638
68000 0.00860365 0.399242
69000 0.0097831 0.409025
70000 0.00947753 0.418503
71000 0.008195 0.426698
72000 0.00828767 0.434985
73000 0.0110685 0.446054
74000 0.0085523 0.454606
75000 0.00866551 0.463272
76000 0.00925953 0.472531
77000 0.00858519 0.481116
78000 0.00866411 0.48978
79000 0.00913588 0.498916
80000 0.00882871 0.507745
81000 0.0090084 0.516753
82000 0.00915605 0.525909
83000 0.00880068 0.53471
84000 0.00867597 0.543386
85000 0.00903215 0.552418
86000 0.00890974 0.561328
87000 0.00895309 0.570281
88000 0.00894878 0.57923
89000 0.00904908 0.588279
90000 0.0091223 0.597401
91000 0.00964004 0.607041
92000 0.00963636 0.616678
93000 0.00941945 0.626097
94000 0.00944632 0.635543
95000 0.00941355 0.644957
96000 0.00960694 0.654564
97000 0.0096467 0.664211
98000 0.00998711 0.674198
99000 0.00956397 0.683762
100000 0.00957998 0.693342
101000 0.00983496 0.703177
102000 0.0100472 0.713224
103000 0.00984272 0.723066
104000 0.0166951 0.739762
105000 0.0115461 0.751308
106000 0.0098371 0.761145
107000 0.0101363 0.771281
108000 0.0100613 0.781342
109000 0.0103413 0.791684
110000 0.0102183 0.801902
111000 0.00979355 0.811696
112000 0.01003 0.821726
113000 0.0100701 0.831796
114000 0.0103311 0.842127
115000 0.0099862 0.852113
116000 0.0101816 0.862295
117000 0.0108429 0.873138
118000 0.0103129 0.88345
119000 0.0103303 0.893781
120000 0.0103125 0.904093
121000 0.0111004 0.915194
122000 0.0105543 0.925748
123000 0.0102958 0.936044
124000 0.0108345 0.946878
125000 0.0119258 0.958804
126000 0.0104855 0.96929
127000 0.0104987 0.979788
128000 0.0106642 0.990452
129000 0.0109064 1.00136
130000 0.0106472 1.01201
131000 0.0106066 1.02261
132000 0.0104944 1.03311
133000 0.0110846 1.04419
134000 0.0107991 1.05499
135000 0.0107503 1.06574
136000 0.0107412 1.07648
137000 0.0109827 1.08746
138000 0.010781 1.09825
139000 0.0108731 1.10912
140000 0.0109004 1.12002
141000 0.0111012 1.13112
142000 0.0109222 1.14204
143000 0.0109726 1.15302
144000 0.0111545 1.16417
145000 0.0112009 1.17537
146000 0.0110846 1.18646
147000 0.0109457 1.1974
148000 0.0110702 1.20847
149000 0.0117111 1.22018
150000 0.0109843 1.23117
151000 0.0112496 1.24242
152000 0.011246 1.25366
153000 0.0114459 1.26511
154000 0.0116697 1.27678
155000 0.0114516 1.28823
156000 0.0115245 1.29975
157000 0.0120606 1.31181
158000 0.0116488 1.32346
159000 0.0115727 1.33504
160000 0.0117858 1.34682
161000 0.0119848 1.35881
162000 0.0121564 1.37096
163000 0.0115367 1.3825
164000 0.0114921 1.39399
165000 0.0120421 1.40603
166000 0.0120281 1.41806
167000 0.0138948 1.43196
168000 0.0196536 1.45161
169000 0.0124666 1.46408
170000 0.0117976 1.47587
171000 0.0118812 1.48776
172000 0.0175218 1.50528
173000 0.0165377 1.52182
174000 0.0122177 1.53403
175000 0.0125013 1.54653
176000 0.0126831 1.55922
177000 0.0124408 1.57166
178000 0.0120686 1.58373
179000 0.0123548 1.59608
180000 0.0127117 1.60879
181000 0.0121868 1.62098
182000 0.0184339 1.63941
183000 0.0125295 1.65194
184000 0.0127955 1.66474
185000 0.0124377 1.67718
186000 0.0127945 1.68997
187000 0.0128322 1.7028
188000 0.013237 1.71604
189000 0.0125418 1.72858
190000 0.0125621 1.74114
191000 0.0127201 1.75386
192000 0.0125212 1.76639
193000 0.0127558 1.77914
194000 0.0128889 1.79203
195000 0.0132364 1.80527
196000 0.0127183 1.81798
197000 0.0131017 1.83109
198000 0.0136925 1.84478
199000 0.0130952 1.85787
200000 0.0124285 1.8703
201000 0.0130486 1.88335
202000 0.0130517 1.8964
203000 0.0133517 1.90975
204000 0.0135385 1.92329
205000 0.012565 1.93586
206000 0.013081 1.94894
207000 0.0133314 1.96227
208000 0.0135126 1.97578
209000 0.0137619 1.98955
210000 0.0133109 2.00286
211000 0.0135841 2.01644
212000 0.014302 2.03074
213000 0.0132615 2.044
214000 0.0137739 2.05778
215000 0.0147004 2.07248
216000 0.0132219 2.0857
217000 0.0131845 2.09888
218000 0.0136074 2.11249
219000 0.0142936 2.12679
220000 0.0130999 2.13989
221000 0.0139681 2.15385
222000 0.0139833 2.16784
223000 0.0134518 2.18129
224000 0.0137978 2.19509
225000 0.013733 2.20882
226000 0.0137363 2.22256
227000 0.0150141 2.23757
228000 0.0136343 2.2512
229000 0.0140971 2.2653
230000 0.0150251 2.28033
231000 0.0140154 2.29434
232000 0.0142373 2.30858
233000 0.013991 2.32257
234000 0.0147496 2.33732
235000 0.0140177 2.35134
236000 0.0144187 2.36576
237000 0.0141688 2.37992
238000 0.0141446 2.39407
239000 0.0141034 2.40817
240000 0.0147754 2.42295
241000 0.014696 2.43764
242000 0.0149508 2.45259
243000 0.0146025 2.4672
244000 0.0186531 2.48585
245000 0.0205234 2.50637
246000 0.014482 2.52086
247000 0.0147074 2.53556
248000 0.0153536 2.55092
249000 0.0192812 2.5702
250000 0.0199243 2.59012
251000 0.0150093 2.60513
252000 0.0150339 2.62017
253000 0.014897 2.63506
254000 0.0152788 2.65034
255000 0.0164042 2.66675
256000 0.0173831 2.68413
257000 0.022676 2.7068
258000 0.0152533 2.72206
259000 0.0148822 2.73694
260000 0.0150448 2.75198
261000 0.015925 2.76791
262000 0.0143861 2.7823
263000 0.014475 2.79677
264000 0.015037 2.81181
265000 0.0152364 2.82704
266000 0.0149071 2.84195
267000 0.0157162 2.85767
268000 0.0149144 2.87258
269000 0.0155215 2.8881
270000 0.0228425 2.91095
271000 0.0185101 2.92946
272000 0.0154926 2.94495
273000 0.0155521 2.9605
274000 0.0151289 2.97563
275000 0.0154111 2.99104
276000 0.0153644 3.0064
277000 0.0154272 3.02183
278000 0.0155341 3.03737
279000 0.0158373 3.0532
280000 0.0164565 3.06966
281000 0.0223324 3.09199
282000 0.0154275 3.10742
283000 0.0157157 3.12314
284000 0.015622 3.13876
285000 0.0204174 3.15917
286000 0.0169176 3.17609
287000 0.0166117 3.1927
288000 0.0151597 3.20786
289000 0.0157889 3.22365
290000 0.0158308 3.23948
291000 0.0153411 3.25482
292000 0.015639 3.27046
293000 0.0152387 3.2857
294000 0.0158197 3.30152
295000 0.0164615 3.31798
296000 0.0152423 3.33323
297000 0.0164097 3.34964
298000 0.0170633 3.3667
299000 0.0159413 3.38264
300000 0.0178524 3.40049
301000 0.0168552 3.41735
302000 0.0162296 3.43358
303000 0.015429 3.44901
304000 0.0163211 3.46533
305000 0.016674 3.482
306000 0.0162333 3.49823
307000 0.0161756 3.51441
308000 0.016347 3.53076
309000 0.0152367 3.54599
310000 0.0162994 3.56229
311000 0.0168167 3.57911
312000 0.0171628 3.59627
313000 0.0166094 3.61288
314000 0.0219985 3.63488
315000 0.0174928 3.65237
316000 0.0163066 3.66868
317000 0.0163866 3.68507
318000 0.0169017 3.70197
319000 0.0166303 3.7186
320000 0.0166719 3.73527
321000 0.0169042 3.75217
322000 0.0165467 3.76872
323000 0.016318 3.78504
324000 0.0161992 3.80124
325000 0.0163632 3.8176
326000 0.0164106 3.83401
327000 0.0176773 3.85169
328000 0.016527 3.86822
329000 0.0162801 3.8845
330000 0.0167193 3.90122
331000 0.022749 3.92397
332000 0.0166404 3.94061
333000 0.0164626 3.95707
334000 0.0175336 3.9746
335000 0.0162419 3.99084
336000 0.016816 4.00766
337000 0.0177564 4.02542
338000 0.0164658 4.04188
339000 0.0170049 4.05889
340000 0.0172066 4.07609
341000 0.0166867 4.09278
342000 0.0168956 4.10968
343000 0.0173584 4.12703
344000 0.0167129 4.14375
345000 0.0168369 4.16058
346000 0.0168499 4.17743
347000 0.0167515 4.19418
348000 0.0170346 4.21122
349000 0.0169579 4.22818
350000 0.0170151 4.24519
351000 0.0166463 4.26184
352000 0.0168327 4.27867
353000 0.0169516 4.29562
354000 0.0173632 4.31299
355000 0.0167418 4.32973
356000 0.0171162 4.34684
357000 0.0181794 4.36502
358000 0.0169934 4.38202
359000 0.0168705 4.39889
360000 0.0173095 4.4162
361000 0.0177823 4.43398
362000 0.0172005 4.45118
363000 0.017452 4.46863
364000 0.0175959 4.48623
365000 0.0216525 4.50788
366000 0.0219491 4.52983
367000 0.017249 4.54708
368000 0.0177021 4.56478
369000 0.0176249 4.58241
370000 0.0176798 4.60009
371000 0.0174243 4.61751
372000 0.0179549 4.63546
373000 0.0168413 4.65231
374000 0.0178699 4.67018
375000 0.0193519 4.68953
376000 0.0174616 4.70699
377000 0.0175007 4.72449
378000 0.0174098 4.7419
379000 0.0175404 4.75944
380000 0.0197874 4.77923
381000 0.0179218 4.79715
382000 0.0173621 4.81451
383000 0.0178873 4.8324
384000 0.017872 4.85027
385000 0.0180656 4.86834
386000 0.0170972 4.88543
387000 0.018924 4.90436
388000 0.0174126 4.92177
389000 0.0177076 4.93948
390000 0.0176077 4.95709
391000 0.0180386 4.97512
392000 0.0178882 4.99301
393000 0.0185645 5.01158
394000 0.0179087 5.02949
395000 0.0182699 5.04776
396000 0.0181452 5.0659
397000 0.0172756 5.08318
398000 0.0198908 5.10307
399000 0.0175659 5.12063
400000 0.0179188 5.13855
401000 0.0179923 5.15654
402000 0.0184935 5.17504
403000 0.0189181 5.19396
404000 0.0177577 5.21171
405000 0.0180502 5.22976
406000 0.0206562 5.25042
407000 0.0194802 5.2699
408000 0.0180908 5.28799
409000 0.0181287 5.30612
410000 0.0174215 5.32354
411000 0.0182083 5.34175
412000 0.0177588 5.35951
413000 0.018023 5.37753
414000 0.0181219 5.39565
415000 0.0184899 5.41414
416000 0.0207522 5.43489
417000 0.0183137 5.45321
418000 0.0175274 5.47074
419000 0.0179981 5.48873
420000 0.0180625 5.5068
421000 0.0183366 5.52513
422000 0.0182777 5.54341
423000 0.0185306 5.56194
424000 0.0217083 5.58365
425000 0.019013 5.60266
426000 0.0181608 5.62082
427000 0.0189372 5.63976
428000 0.0184297 5.65819
429000 0.0184568 5.67665
430000 0.0181541 5.6948
431000 0.0180808 5.71288
432000 0.0181586 5.73104
433000 0.019121 5.75016
434000 0.0184115 5.76857
435000 0.0180796 5.78665
436000 0.0179791 5.80463
437000 0.018547 5.82318
438000 0.0183951 5.84157
439000 0.0187473 5.86032
440000 0.0210537 5.88138
441000 0.0198562 5.90123
442000 0.0186487 5.91988
443000 0.0184477 5.93833
444000 0.0186436 5.95697
445000 0.0183488 5.97532
446000 0.0188065 5.99413
447000 0.0190241 6.01315
448000 0.0184603 6.03161
449000 0.0183395 6.04995
450000 0.0186377 6.06859
451000 0.018619 6.08721
452000 0.0183764 6.10558
453000 0.018887 6.12447
454000 0.0186653 6.14314
455000 0.0189227 6.16206
456000 0.0193076 6.18137
457000 0.0190584 6.20042
458000 0.0187949 6.21922
459000 0.0195368 6.23876
460000 0.0186768 6.25743
461000 0.0189571 6.27639
462000 0.0194429 6.29583
463000 0.0195157 6.31535
464000 0.0192714 6.33462
465000 0.0191922 6.35381
466000 0.0188119 6.37262
467000 0.0186632 6.39129
468000 0.0190008 6.41029
469000 0.0186991 6.42899
470000 0.0187383 6.44773
471000 0.0190127 6.46674
472000 0.0190625 6.4858
473000 0.0190036 6.5048
474000 0.0187389 6.52354
475000 0.0186879 6.54223
476000 0.0191801 6.56141
477000 0.0268872 6.5883
478000 0.0223217 6.61062
479000 0.0183725 6.62899
480000 0.0190213 6.64801
481000 0.0191403 6.66715
482000 0.0194179 6.68657
483000 0.019401 6.70597
484000 0.0196692 6.72564
485000 0.018941 6.74458
486000 0.019124 6.76371
487000 0.0231908 6.7869
488000 0.0223626 6.80926
489000 0.0190703 6.82833
490000 0.0195292 6.84786
491000 0.0199364 6.8678
492000 0.0253638 6.89316
493000 0.0199573 6.91312
494000 0.0191778 6.9323
495000 0.0189632 6.95126
496000 0.0194323 6.97069
497000 0.0192785 6.98997
498000 0.0193682 7.00934
499000 0.0199026 7.02924
500000 0.0193333 7.04857
501000 0.0194269 7.068
502000 0.0196687 7.08767
503000 0.0194992 7.10717
504000 0.019215 7.12638
505000 0.0195179 7.1459
506000 0.0193612 7.16526
507000 0.019606 7.18487
508000 0.0191771 7.20405
509000 0.0192359 7.22328
510000 0.0193719 7.24265
511000 0.0196626 7.26232
512000 0.0202301 7.28255
513000 0.019731 7.30228
514000 0.0196924 7.32197
515000 0.0200903 7.34206
516000 0.0193349 7.36139
517000 0.0195306 7.38093
518000 0.019296 7.40022
519000 0.0197742 7.42
520000 0.0190918 7.43909
521000 0.0198713 7.45896
522000 0.0205642 7.47952
523000 0.0188679 7.49839
524000 0.0200332 7.51842
525000 0.0201633 7.53859
526000 0.0197873 7.55837
527000 0.0202067 7.57858
528000 0.0199548 7.59854
529000 0.0204626 7.619
530000 0.0194897 7.63849
531000 0.0199453 7.65843
532000 0.0204881 7.67892
533000 0.0196918 7.69861
534000 0.0200187 7.71863
535000 0.0194124 7.73804
536000 0.0195182 7.75756
537000 0.0198536 7.77742
538000 0.0197847 7.7972
539000 0.0199069 7.81711
540000 0.019783 7.83689
541000 0.0199438 7.85684
542000 0.020072 7.87691
543000 0.0205042 7.89741
544000 0.0203834 7.91779
545000 0.020078 7.93787
546000 0.0201204 7.95799
547000 0.0200873 7.97808
548000 0.0198486 7.99793
549000 0.0207028 8.01863
550000 0.0199589 8.03859
551000 0.0197425 8.05833
552000 0.0214092 8.07974
553000 0.020144 8.09989
554000 0.0207534 8.12064
555000 0.0200512 8.14069
556000 0.0200445 8.16074
557000 0.0212218 8.18196
558000 0.0199154 8.20187
559000 0.0199663 8.22184
560000 0.0211676 8.24301
561000 0.0199697 8.26298
562000 0.020016 8.28299
563000 0.0201599 8.30315
564000 0.0204663 8.32362
565000 0.020037 8.34366
566000 0.020016 8.36367
567000 0.0200832 8.38375
568000 0.0204068 8.40416
569000 0.0204821 8.42464
570000 0.0202305 8.44487
571000 0.019869 8.46474
572000 0.0202732 8.48502
573000 0.0199871 8.505
574000 0.0204507 8.52545
575000 0.0202346 8.54569
576000 0.0204075 8.5661
577000 0.0211275 8.58722
578000 0.0203531 8.60758
579000 0.0204675 8.62804
580000 0.0202711 8.64832
581000 0.0204126 8.66873
582000 0.0207417 8.68947
583000 0.0211922 8.71066
584000 0.0205895 8.73125
585000 0.0199479 8.7512
586000 0.0208902 8.77209
587000 0.0205249 8.79261
588000 0.0218511 8.81447
589000 0.0208016 8.83527
590000 0.0200974 8.85536
591000 0.0204635 8.87583
592000 0.0211566 8.89698
593000 0.0208401 8.91782
594000 0.0203869 8.93821
595000 0.0207599 8.95897
596000 0.0204641 8.97944
597000 0.0207011 9.00014
598000 0.0205459 9.02068
599000 0.021127 9.04181
600000 0.0208502 9.06266
601000 0.0205472 9.08321
602000 0.020154 9.10336
603000 0.0208871 9.12425
604000 0.020638 9.14489
605000 0.0211889 9.16608
606000 0.020929 9.187
607000 0.020496 9.2075
608000 0.0208313 9.22833
609000 0.020685 9.24902
610000 0.0201855 9.2692
611000 0.0203275 9.28953
612000 0.0206464 9.31018
613000 0.022696 9.33287
614000 0.0221784 9.35505
615000 0.0227527 9.3778
616000 0.0205986 9.3984
617000 0.0208015 9.4192
618000 0.0208715 9.44007
619000 0.0214258 9.4615
620000 0.0226885 9.48419
621000 0.0208389 9.50503
622000 0.0211258 9.52615
623000 0.0210842 9.54724
624000 0.020886 9.56812
625000 0.021014 9.58914
626000 0.0210839 9.61022
627000 0.0211609 9.63138
628000 0.0209161 9.6523
629000 0.0208167 9.67312
630000 0.0211686 9.69428
631000 0.0210396 9.71532
632000 0.020959 9.73628
633000 0.0210844 9.75737
634000 0.0212331 9.7786
635000 0.0207122 9.79931
636000 0.0211564 9.82047
637000 0.021122 9.84159
638000 0.0212062 9.8628
639000 0.0212712 9.88407
640000 0.0208727 9.90494
641000 0.0216986 9.92664
642000 0.0215745 9.94821
643000 0.0210484 9.96926
644000 0.0213646 9.99063
645000 0.0211426 10.0118
646000 0.0218137 10.0336
647000 0.021255 10.0548
648000 0.0211765 10.076
649000 0.0213322 10.0973
650000 0.0213648 10.1187
651000 0.0213049 10.14
652000 0.0222539 10.1623
653000 0.0264962 10.1888
654000 0.0253793 10.2141
655000 0.0211771 10.2353
656000 0.0210763 10.2564
657000 0.021528 10.2779
658000 0.0211351 10.2991
659000 0.0213633 10.3204
660000 0.021652 10.3421
661000 0.0224487 10.3645
662000 0.020986 10.3855
663000 0.0215951 10.4071
664000 0.021342 10.4284
665000 0.0213756 10.4498
666000 0.0214899 10.4713
667000 0.0213351 10.4926
668000 0.0213382 10.514
669000 0.0216894 10.5357
670000 0.0221952 10.5579
671000 0.0215291 10.5794
672000 0.0224545 10.6019
673000 0.0216803 10.6235
674000 0.0214862 10.645
675000 0.0215348 10.6666
676000 0.0218748 10.6884
677000 0.0214491 10.7099
678000 0.0220595 10.7319
679000 0.0215274 10.7535
680000 0.0215751 10.775
681000 0.0218818 10.7969
682000 0.0219632 10.8189
683000 0.0218204 10.8407
684000 0.0215329 10.8622
685000 0.0214714 10.8837
686000 0.0214678 10.9052
687000 0.0219518 10.9271
688000 0.0215208 10.9487
689000 0.021676 10.9703
690000 0.02167 10.992
691000 0.0216477 11.0136
692000 0.0216783 11.0353
693000 0.0215716 11.0569
694000 0.0219927 11.0789
695000 0.0226661 11.1016
696000 0.021702 11.1233
697000 0.0218462 11.1451
698000 0.0215439 11.1666
699000 0.0219246 11.1886
700000 0.0230239 11.2116
701000 0.0217794 11.2334
702000 0.0215286 11.2549
703000 0.0218282 11.2767
704000 0.0223353 11.2991
705000 0.0216049 11.3207
706000 0.0219061 11.3426
707000 0.0217863 11.3644
708000 0.0212926 11.3857
709000 0.0216829 11.4073
710000 0.0215668 11.4289
711000 0.0217383 11.4506
712000 0.02172 11.4724
713000 0.0217632 11.4941
714000 0.0219896 11.5161
715000 0.0223193 11.5384
716000 0.0220404 11.5605
717000 0.0221227 11.5826
718000 0.0219424 11.6045
719000 0.0216336 11.6262
720000 0.0220321 11.6482
721000 0.022016 11.6702
722000 0.0221433 11.6924
723000 0.0221127 11.7145
724000 0.0220381 11.7365
725000 0.0223063 11.7588
726000 0.0221216 11.7809
727000 0.0218907 11.8028
728000 0.0227793 11.8256
729000 0.0219939 11.8476
730000 0.0220728 11.8697
731000 0.022027 11.8917
732000 0.0221786 11.9139
733000 0.0226811 11.9366
734000 0.0222081 11.9588
735000 0.0224484 11.9812
736000 0.0217708 12.003
737000 0.0219046 12.0249
738000 0.0219086 12.0468
739000 0.0223451 12.0692
740000 0.0221219 12.0913
741000 0.022125 12.1134
742000 0.0221114 12.1355
743000 0.0220911 12.1576
744000 0.0223333 12.1799
745000 0.0227951 12.2027
746000 0.0222729 12.225
747000 0.0219526 12.247
748000 0.0226603 12.2696
749000 0.0229447 12.2926
750000 0.0227973 12.3154
751000 0.0224389 12.3378
752000 0.0226436 12.3604
753000 0.0226796 12.3831
754000 0.0220696 12.4052
755000 0.0222577 12.4275
756000 0.022147 12.4496
757000 0.0224678 12.4721
758000 0.0227644 12.4948
759000 0.0222078 12.517
760000 0.0222008 12.5392
761000 0.0223522 12.5616
762000 0.0222402 12.5838
763000 0.0233144 12.6071
764000 0.022148 12.6293
765000 0.0229601 12.6523
766000 0.0224737 12.6747
767000 0.0226862 12.6974
768000 0.0225838 12.72
769000 0.0223036 12.7423
770000 0.023249 12.7655
771000 0.022393 12.7879
772000 0.0224537 12.8104
773000 0.022655 12.8331
774000 0.0225094 12.8556
775000 0.0225196 12.8781
776000 0.0225629 12.9006
777000 0.0225923 12.9232
778000 0.0225136 12.9457
779000 0.0224367 12.9682
780000 0.022482 12.9907
781000 0.0224652 13.0131
782000 0.0225357 13.0357
783000 0.0227278 13.0584
784000 0.0229553 13.0814
785000 0.0226575 13.104
786000 0.0228721 13.1269
787000 0.0229584 13.1498
788000 0.022946 13.1728
789000 0.023211 13.196
790000 0.0231413 13.2191
791000 0.0231847 13.2423
792000 0.0222778 13.2646
793000 0.0226086 13.2872
794000 0.0226371 13.3098
795000 0.0226956 13.3325
796000 0.0227952 13.3553
797000 0.0229015 13.3782
798000 0.0229297 13.4012
799000 0.0229771 13.4241
800000 0.0228909 13.447
801000 0.0232955 13.4703
802000 0.0226371 13.493
803000 0.0226611 13.5156
804000 0.0228721 13.5385
805000 0.0230875 13.5616
806000 0.0237309 13.5853
807000 0.0226203 13.6079
808000 0.0227049 13.6306
809000 0.0229356 13.6536
810000 0.0230517 13.6766
811000 0.022797 13.6994
812000 0.0229356 13.7224
813000 0.0230718 13.7454
814000 0.0228478 13.7683
815000 0.0228057 13.7911
816000 0.0231117 13.8142
817000 0.0229449 13.8371
818000 0.0232681 13.8604
819000 0.0231108 13.8835
820000 0.0228242 13.9064
821000 0.0230081 13.9294
822000 0.0230578 13.9524
823000 0.0230595 13.9755
824000 0.0230283 13.9985
825000 0.0231142 14.0216
826000 0.0229714 14.0446
827000 0.0229497 14.0675
828000 0.0230425 14.0906
829000 0.0232464 14.1138
830000 0.0228655 14.1367
831000 0.0228946 14.1596
832000 0.0230628 14.1827
833000 0.0230824 14.2057
834000 0.0231815 14.2289
835000 0.0226933 14.2516
836000 0.0231215 14.2747
837000 0.0232328 14.298
838000 0.0233254 14.3213
839000 0.0230411 14.3443
840000 0.0230412 14.3674
841000 0.0229784 14.3903
842000 0.0229818 14.4133
843000 0.0230619 14.4364
844000 0.0233317 14.4597
845000 0.0237979 14.4835
846000 0.02309 14.5066
847000 0.0235935 14.5302
848000 0.0231755 14.5534
849000 0.0241214 14.5775
850000 0.0236856 14.6012
851000 0.0240531 14.6252
852000 0.0233958 14.6486
853000 0.0232901 14.6719
854000 0.0233928 14.6953
855000 0.0233586 14.7187
856000 0.0233061 14.742
857000 0.0232272 14.7652
858000 0.0231667 14.7884
859000 0.0231295 14.8115
860000 0.024787 14.8363
861000 0.0234733 14.8598
862000 0.0235873 14.8834
863000 0.0238116 14.9072
864000 0.0234419 14.9306
865000 0.0233852 14.954
866000 0.023689 14.9777
867000 0.0233037 15.001
868000 0.0237231 15.0247
869000 0.0244268 15.0491
870000 0.0235624 15.0727
871000 0.0236494 15.0963
872000 0.0233178 15.1197
873000 0.0233465 15.143
874000 0.0242971 15.1673
875000 0.027305 15.1946
876000 0.026615 15.2212
877000 0.0234308 15.2447
878000 0.0245897 15.2693
879000 0.0235492 15.2928
880000 0.0233309 15.3161
881000 0.0235905 15.3397
882000 0.0233959 15.3631
883000 0.0235124 15.3866
884000 0.024845 15.4115
885000 0.0239072 15.4354
886000 0.0235407 15.4589
887000 0.0233807 15.4823
888000 0.0233382 15.5056
889000 0.0239711 15.5296
890000 0.0241251 15.5537
891000 0.0236398 15.5774
892000 0.0236979 15.6011
893000 0.0235876 15.6247
894000 0.0237687 15.6484
895000 0.0236429 15.6721
896000 0.0239039 15.696
897000 0.0237085 15.7197
898000 0.0236728 15.7434
899000 0.0239492 15.7673
900000 0.0240478 15.7914
901000 0.0236097 15.815
902000 0.023948 15.8389
903000 0.023732 15.8626
904000 0.023502 15.8861
905000 0.0244618 15.9106
906000 0.0236729 15.9343
907000 0.0239063 15.9582
908000 0.0237583 15.9819
909000 0.0237583 16.0057
910000 0.0238989 16.0296
911000 0.0239162 16.0535
912000 0.0237406 16.0773
913000 0.0240016 16.1013
914000 0.0237289 16.125
915000 0.0236719 16.1487
916000 0.0239838 16.1726
917000 0.0237163 16.1964
918000 0.0239717 16.2203
919000 0.0238561 16.2442
920000 0.0243561 16.2685
921000 0.0281791 16.2967
922000 0.0237622 16.3205
923000 0.0235844 16.3441
924000 0.0235816 16.3677
925000 0.0237964 16.3915
926000 0.0239626 16.4154
927000 0.0238093 16.4392
928000 0.0238587 16.4631
929000 0.024056 16.4871
930000 0.0239778 16.5111
931000 0.0242299 16.5353
932000 0.0238662 16.5592
933000 0.0238272 16.583
934000 0.0240734 16.6071
935000 0.023669 16.6308
936000 0.0240477 16.6548
937000 0.0242541 16.6791
938000 0.0240238 16.7031
939000 0.0241726 16.7273
940000 0.023858 16.7511
941000 0.0241513 16.7753
942000 0.0244141 16.7997
943000 0.0243934 16.8241
944000 0.0242189 16.8483
945000 0.0242617 16.8726
946000 0.0244484 16.897
947000 0.0243262 16.9214
948000 0.024258 16.9456
949000 0.0241161 16.9697
950000 0.0253268 16.9951
951000 0.0239878 17.019
952000 0.0243153 17.0434
953000 0.0243703 17.0677
954000 0.0243322 17.0921
955000 0.0244272 17.1165
956000 0.0246225 17.1411
957000 0.0246635 17.1658
958000 0.0245253 17.1903
959000 0.0242689 17.2146
960000 0.024817 17.2394
961000 0.025052 17.2644
962000 0.0242843 17.2887
963000 0.0241369 17.3129
964000 0.0246536 17.3375
965000 0.0245136 17.362
966000 0.0242184 17.3862
967000 0.0242138 17.4105
968000 0.0245441 17.435
969000 0.0242589 17.4593
970000 0.0249404 17.4842
971000 0.0241296 17.5083
972000 0.0247407 17.5331
973000 0.0242997 17.5574
974000 0.0256073 17.583
975000 0.0242637 17.6072
976000 0.0246613 17.6319
977000 0.0251818 17.6571
978000 0.0274224 17.6845
979000 0.0244106 17.7089
980000 0.0248355 17.7338
981000 0.0243015 17.7581
982000 0.0244415 17.7825
983000 0.0247026 17.8072
984000 0.0251763 17.8324
985000 0.0242921 17.8567
986000 0.0249088 17.8816
987000 0.0245763 17.9062
988000 0.0245631 17.9307
989000 0.0248936 17.9556
990000 0.0247236 17.9803
991000 0.0246097 18.0049
992000 0.0247795 18.0297
993000 0.024611 18.0543
994000 0.0249459 18.0793
995000 0.0246039 18.1039
996000 0.0245064 18.1284
997000 0.0245707 18.153
998000 0.0250508 18.178
999000 0.0251434 18.2032
1000000 0.0247244 18.2279
1001000 0.0243332 18.2522
1002000 0.024757 18.277
1003000 0.0246445 18.3016
1004000 0.024736 18.3263
1005000 0.0246765 18.351
1006000 0.0247144 18.3757
1007000 0.0249912 18.4007
1008000 0.0250439 18.4258
1009000 0.0247308 18.4505
1010000 0.0249912 18.4755
1011000 0.0249072 18.5004
1012000 0.0248356 18.5252
1013000 0.0252816 18.5505
1014000 0.0260479 18.5766
1015000 0.0250717 18.6016
1016000 0.0246959 18.6263
1017000 0.0252153 18.6516
1018000 0.024945 18.6765
1019000 0.0252592 18.7018
1020000 0.0253459 18.7271
1021000 0.0275567 18.7547
1022000 0.0252164 18.7799
1023000 0.0247102 18.8046
1024000 0.0251505 18.8297
1025000 0.0255156 18.8552
1026000 0.0247141 18.88
1027000 0.0249442 18.9049
1028000 0.0247484 18.9297
1029000 0.0249459 18.9546
1030000 0.0250217 18.9796
1031000 0.0253231 19.0049
1032000 0.0249977 19.0299
1033000 0.0259816 19.0559
1034000 0.0250075 19.0809
1035000 0.0249966 19.1059
1036000 0.0249572 19.1309
1037000 0.0249588 19.1558
1038000 0.025159 19.181
1039000 0.0248156 19.2058
1040000 0.0248075 19.2306
1041000 0.0249344 19.2556
1042000 0.0251108 19.2807
1043000 0.0249902 19.3057
1044000 0.0250705 19.3307
1045000 0.0255212 19.3563
1046000 0.0248724 19.3811
1047000 0.0265078 19.4076
1048000 0.0249426 19.4326
Inserting
1000 0.00155761 0.0015577
2000 0.00204819 0.00360589
3000 0.00233696 0.00594285
4000 0.00259031 0.00853316
5000 0.00287034 0.0114035
6000 0.00304641 0.0144499
7000 0.00314604 0.017596
8000 0.00338949 0.0209854
9000 0.00360002 0.0245855
10000 0.0035285 0.028114
11000 0.00377375 0.0318877
12000 0.00380134 0.0356891
13000 0.00390701 0.0395961
14000 0.00414778 0.0437439
15000 0.0041474 0.0478913
16000 0.00430865 0.0521999
17000 0.00436229 0.0565622
18000 0.0045318 0.061094
19000 0.00455497 0.065649
20000 0.00477949 0.0704285
21000 0.00464936 0.0750778
22000 0.00481493 0.0798928
23000 0.00489523 0.084788
24000 0.00490756 0.0896955
25000 0.00617933 0.0958749
26000 0.00519312 0.101068
27000 0.00527125 0.106339
28000 0.00522169 0.111561
29000 0.00521569 0.116777
30000 0.00549563 0.122272
31000 0.00557772 0.12785
32000 0.00620611 0.134056
33000 0.00628161 0.140338
34000 0.00588528 0.146223
35000 0.00597571 0.152199
36000 0.00595909 0.158158
37000 0.00618712 0.164345
38000 0.00615432 0.170499
39000 0.00628918 0.176788
40000 0.00645964 0.183248
41000 0.00636229 0.18961
42000 0.00651867 0.196129
43000 0.00675783 0.202887
44000 0.00724219 0.210129
45000 0.00676561 0.216895
46000 0.00701228 0.223907
47000 0.00679955 0.230706
48000 0.00708775 0.237794
49000 0.00761396 0.245408
50000 0.00703927 0.252447
51000 0.00733941 0.259787
52000 0.00726946 0.267056
53000 0.00726261 0.274319
54000 0.00783565 0.282155
55000 0.00744212 0.289597
56000 0.00744614 0.297043
57000 0.00853274 0.305576
58000 0.00773511 0.313311
59000 0.00759037 0.320901
60000 0.00778872 0.32869
61000 0.00785053 0.33654
62000 0.00795517 0.344495
63000 0.00851277 0.353008
64000 0.00803556 0.361044
65000 0.00825595 0.3693
66000 0.00926163 0.378561
67000 0.00828317 0.386845
68000 0.00880744 0.395652
69000 0.00838156 0.404034
70000 0.00850967 0.412543
71000 0.00852002 0.421063
72000 0.00861229 0.429676
73000 0.00858368 0.438259
74000 0.00922697 0.447486
75000 0.00859754 0.456084
76000 0.008355 0.464439
77000 0.00860571 0.473044
78000 0.00870641 0.481751
79000 0.00891644 0.490667
80000 0.00899884 0.499666
81000 0.00850697 0.508173
82000 0.0088455 0.517019
83000 0.00874723 0.525766
84000 0.00885887 0.534625
85000 0.00895788 0.543583
86000 0.00948332 0.553066
87000 0.00910003 0.562166
88000 0.00976037 0.571926
89000 0.00926138 0.581188
90000 0.0093543 0.590542
91000 0.00921048 0.599752
92000 0.00947905 0.609231
93000 0.00957681 0.618808
94000 0.00987963 0.628688
95000 0.0116724 0.64036
96000 0.0118912 0.652251
97000 0.0131787 0.66543
98000 0.00958374 0.675014
99000 0.00966532 0.684679
100000 0.0101962 0.694875
101000 0.0097465 0.704622
102000 0.00946941 0.714091
103000 0.00985313 0.723944
104000 0.0098205 0.733765
105000 0.0100178 0.743783
106000 0.00985349 0.753636
107000 0.0100409 0.763677
108000 0.00986647 0.773544
109000 0.0100582 0.783602
110000 0.0100145 0.793616
111000 0.0102078 0.803824
112000 0.0100428 0.813867
113000 0.0112298 0.825097
114000 0.0113039 0.836401
115000 0.00988286 0.846283
116000 0.0100737 0.856357
117000 0.0103616 0.866719
118000 0.0110307 0.87775
119000 0.0104342 0.888184
120000 0.0134671 0.901651
121000 0.0104959 0.912147
122000 0.0108463 0.922993
123000 0.0108235 0.933817
124000 0.0108023 0.944619
125000 0.0106685 0.955287
126000 0.0104015 0.965689
127000 0.0104642 0.976153
128000 0.0106569 0.98681
129000 0.0136962 1.00051
130000 0.0120658 1.01257
131000 0.01181 1.02438
132000 0.0108155 1.0352
133000 0.0112278 1.04643
134000 0.0110177 1.05744
135000 0.0117593 1.0692
136000 0.0108415 1.08004
137000 0.0109487 1.09099
138000 0.0109422 1.10193
139000 0.0109263 1.11286
140000 0.0114239 1.12428
141000 0.0111059 1.13539
142000 0.0111653 1.14656
143000 0.0111445 1.1577
144000 0.0112532 1.16895
145000 0.0114265 1.18038
146000 0.0113272 1.19171
147000 0.011353 1.20306
148000 0.0112727 1.21433
149000 0.0111994 1.22553
150000 0.0111616 1.23669
151000 0.0117563 1.24845
152000 0.0122949 1.26075
153000 0.0132305 1.27398
154000 0.0116081 1.28558
155000 0.0117845 1.29737
156000 0.0151246 1.31249
157000 0.0116652 1.32416
158000 0.0116859 1.33584
159000 0.0149838 1.35083
160000 0.0117352 1.36256
161000 0.0117047 1.37427
162000 0.0118347 1.3861
163000 0.0122102 1.39831
164000 0.0122644 1.41058
165000 0.0119793 1.42256
166000 0.0120151 1.43457
167000 0.0120842 1.44666
168000 0.0119695 1.45863
169000 0.0118147 1.47044
170000 0.0119263 1.48237
171000 0.012405 1.49477
172000 0.0123233 1.50709
173000 0.0166026 1.5237
174000 0.0129389 1.53664
175000 0.0119872 1.54862
176000 0.0119705 1.56059
177000 0.0126057 1.5732
178000 0.0122851 1.58548
179000 0.0120891 1.59757
180000 0.0121861 1.60976
181000 0.013311 1.62307
182000 0.0128134 1.63588
183000 0.0126732 1.64856
184000 0.0130473 1.6616
185000 0.0139092 1.67551
186000 0.0124959 1.68801
187000 0.0126716 1.70068
188000 0.0123451 1.71303
189000 0.0123649 1.72539
190000 0.0131334 1.73852
191000 0.0135267 1.75205
192000 0.0124868 1.76454
193000 0.013302 1.77784
194000 0.0132604 1.7911
195000 0.0128849 1.80399
196000 0.0132921 1.81728
197000 0.0130847 1.83036
198000 0.0132356 1.8436
199000 0.014252 1.85785
200000 0.0167168 1.87457
201000 0.0130343 1.8876
202000 0.0129007 1.9005
203000 0.0139576 1.91446
204000 0.0127797 1.92724
205000 0.0136314 1.94087
206000 0.0131608 1.95403
207000 0.0134303 1.96746
208000 0.0133086 1.98077
209000 0.0138185 1.99459
210000 0.0128926 2.00748
211000 0.0135751 2.02106
212000 0.0146161 2.03567
213000 0.0133759 2.04905
214000 0.0166331 2.06568
215000 0.0153379 2.08102
216000 0.0141605 2.09518
217000 0.0163414 2.11152
218000 0.0133401 2.12486
219000 0.0139598 2.13882
220000 0.0137101 2.15253
221000 0.0140348 2.16657
222000 0.0142577 2.18082
223000 0.0138121 2.19464
224000 0.0147143 2.20935
225000 0.0134668 2.22282
226000 0.0171481 2.23997
227000 0.017404 2.25737
228000 0.0137613 2.27113
229000 0.0137503 2.28488
230000 0.0144661 2.29935
231000 0.0141919 2.31354
232000 0.0139984 2.32754
233000 0.0149396 2.34248
234000 0.0144033 2.35688
235000 0.0137265 2.37061
236000 0.0145781 2.38518
237000 0.0140556 2.39924
238000 0.0142983 2.41354
239000 0.0143589 2.4279
240000 0.0147506 2.44265
241000 0.0138392 2.45649
242000 0.0144894 2.47098
243000 0.0150743 2.48605
244000 0.0143929 2.50044
245000 0.014353 2.5148
246000 0.0140983 2.52889
247000 0.0144388 2.54333
248000 0.0152789 2.55861
249000 0.0139836 2.5726
250000 0.014325 2.58692
251000 0.0148055 2.60173
252000 0.0148631 2.61659
253000 0.0153807 2.63197
254000 0.0148155 2.64679
255000 0.0148713 2.66166
256000 0.014379 2.67604
257000 0.0147689 2.69081
258000 0.0189892 2.70979
259000 0.0154448 2.72524
260000 0.0151886 2.74043
261000 0.0140084 2.75444
262000 0.0148634 2.7693
263000 0.0158366 2.78514
264000 0.0170379 2.80217
265000 0.0152189 2.81739
266000 0.0145268 2.83192
267000 0.0151028 2.84702
268000 0.0159514 2.86297
269000 0.0147436 2.87772
270000 0.0156107 2.89333
271000 0.0150764 2.9084
272000 0.0150715 2.92348
273000 0.0147519 2.93823
274000 0.0148035 2.95303
275000 0.016835 2.96987
276000 0.016793 2.98666
277000 0.0158369 3.0025
278000 0.0153649 3.01786
279000 0.0155344 3.0334
280000 0.0157064 3.0491
281000 0.0158631 3.06497
282000 0.0156631 3.08063
283000 0.0155827 3.09621
284000 0.015492 3.1117
285000 0.0149477 3.12665
286000 0.0189038 3.14555
287000 0.020002 3.16556
288000 0.0149953 3.18055
289000 0.0156247 3.19618
290000 0.0158398 3.21202
291000 0.0224645 3.23448
292000 0.0194952 3.25398
293000 0.0152684 3.26924
294000 0.0160342 3.28528
295000 0.0162281 3.30151
296000 0.0156515 3.31716
297000 0.0161556 3.33331
298000 0.0161419 3.34946
299000 0.0161184 3.36557
300000 0.0157029 3.38128
301000 0.0161368 3.39741
302000 0.0167853 3.4142
303000 0.0157895 3.42999
304000 0.015677 3.44567
305000 0.0195536 3.46522
306000 0.0229354 3.48815
307000 0.015565 3.50372
308000 0.0163443 3.52006
309000 0.0155212 3.53559
310000 0.0161786 3.55176
311000 0.0170128 3.56878
312000 0.0161595 3.58494
313000 0.0155857 3.60052
314000 0.0164315 3.61695
315000 0.0167906 3.63374
316000 0.0169287 3.65067
317000 0.0167538 3.66743
318000 0.0176321 3.68506
319000 0.0219432 3.707
320000 0.0164132 3.72341
321000 0.0164727 3.73989
322000 0.0162037 3.75609
323000 0.016305 3.7724
324000 0.0170252 3.78942
325000 0.0236495 3.81307
326000 0.0161234 3.82919
327000 0.0167669 3.84596
328000 0.0167676 3.86273
329000 0.0166415 3.87937
330000 0.0166369 3.89601
331000 0.0173585 3.91337
332000 0.024192 3.93756
333000 0.0195097 3.95707
334000 0.0167141 3.97378
335000 0.016913 3.99069
336000 0.0168543 4.00755
337000 0.016694 4.02424
338000 0.0165724 4.04082
339000 0.0172762 4.05809
340000 0.0168153 4.07491
341000 0.0162725 4.09118
342000 0.0175267 4.10871
343000 0.0165587 4.12526
344000 0.0179639 4.14323
345000 0.0172319 4.16046
346000 0.0171841 4.17764
347000 0.0167323 4.19438
348000 0.0174202 4.2118
349000 0.0172035 4.229
350000 0.0171053 4.24611
351000 0.0171296 4.26324
352000 0.0169813 4.28022
353000 0.0177566 4.29797
354000 0.0173947 4.31537
355000 0.0198254 4.33519
356000 0.0171523 4.35235
357000 0.0174905 4.36984
358000 0.0175924 4.38743
359000 0.0168998 4.40433
360000 0.0172427 4.42157
361000 0.0171772 4.43875
362000 0.017581 4.45633
363000 0.0176437 4.47397
364000 0.0228884 4.49686
365000 0.0170306 4.51389
366000 0.0170061 4.5309
367000 0.0172153 4.54811
368000 0.017728 4.56584
369000 0.0177011 4.58354
370000 0.023977 4.60752
371000 0.0190252 4.62654
372000 0.0173708 4.64392
373000 0.0173509 4.66127
374000 0.0171997 4.67847
375000 0.0169762 4.69544
376000 0.0174892 4.71293
377000 0.0170495 4.72998
378000 0.0178971 4.74788
379000 0.0175364 4.76541
380000 0.0174363 4.78285
381000 0.0202485 4.8031
382000 0.0176778 4.82078
383000 0.017982 4.83876
384000 0.0176032 4.85636
385000 0.0178932 4.87426
386000 0.0173694 4.89163
387000 0.0183698 4.90999
388000 0.0174824 4.92748
389000 0.0179157 4.94539
390000 0.0175438 4.96294
391000 0.0182839 4.98122
392000 0.0178972 4.99912
393000 0.0180822 5.0172
394000 0.0176553 5.03486
395000 0.0179437 5.0528
396000 0.0178033 5.0706
397000 0.0184943 5.0891
398000 0.0180412 5.10714
399000 0.0180758 5.12521
400000 0.0178563 5.14307
401000 0.0185069 5.16158
402000 0.0177704 5.17935
403000 0.0187334 5.19808
404000 0.017925 5.21601
405000 0.0180931 5.2341
406000 0.0178277 5.25193
407000 0.0196796 5.27161
408000 0.0191713 5.29078
409000 0.0180318 5.30881
410000 0.0181147 5.32692
411000 0.0178593 5.34478
412000 0.0181743 5.36296
413000 0.0178802 5.38084
414000 0.0184071 5.39924
415000 0.0180247 5.41727
416000 0.0181215 5.43539
417000 0.0179682 5.45336
418000 0.0190047 5.47236
419000 0.0182868 5.49065
420000 0.0181194 5.50877
421000 0.0195752 5.52835
422000 0.0184251 5.54677
423000 0.018201 5.56497
424000 0.0183426 5.58331
425000 0.0180203 5.60133
426000 0.0187373 5.62007
427000 0.0184934 5.63856
428000 0.0178846 5.65645
429000 0.0185769 5.67503
430000 0.0181745 5.6932
431000 0.0185175 5.71172
432000 0.0180853 5.7298
433000 0.0181564 5.74796
434000 0.0185048 5.76646
435000 0.0184339 5.7849
436000 0.0187784 5.80368
437000 0.0183907 5.82207
438000 0.0185336 5.8406
439000 0.0183813 5.85898
440000 0.0184379 5.87742
441000 0.0187825 5.8962
442000 0.0181727 5.91438
443000 0.0192484 5.93362
444000 0.0189022 5.95253
445000 0.0181991 5.97073
446000 0.0182378 5.98896
447000 0.0188578 6.00782
448000 0.0182454 6.02607
449000 0.0185398 6.04461
450000 0.0183136 6.06292
451000 0.0183169 6.08124
452000 0.0191206 6.10036
453000 0.0195112 6.11987
454000 0.0194333 6.1393
455000 0.0187263 6.15803
456000 0.0186082 6.17664
457000 0.0187113 6.19535
458000 0.0186071 6.21395
459000 0.0189156 6.23287
460000 0.0197468 6.25262
461000 0.019822 6.27244
462000 0.0192336 6.29167
463000 0.0190371 6.31071
464000 0.0182974 6.32901
465000 0.0201682 6.34918
466000 0.0191949 6.36837
467000 0.0187423 6.38711
468000 0.0186096 6.40572
469000 0.0185558 6.42428
470000 0.0192641 6.44354
471000 0.0187786 6.46232
472000 0.0189709 6.48129
473000 0.0188657 6.50016
474000 0.0192939 6.51945
475000 0.0187722 6.53822
476000 0.019259 6.55748
477000 0.018927 6.57641
478000 0.0193419 6.59575
479000 0.0193058 6.61506
480000 0.0191064 6.63416
481000 0.0190183 6.65318
482000 0.0197398 6.67292
483000 0.0188783 6.6918
484000 0.01934 6.71114
485000 0.0189393 6.73008
486000 0.0189889 6.74907
487000 0.0193956 6.76846
488000 0.0191306 6.78759
489000 0.0190937 6.80669
490000 0.019341 6.82603
491000 0.0203395 6.84637
492000 0.0193379 6.86571
493000 0.0191974 6.8849
494000 0.0190874 6.90399
495000 0.0192922 6.92328
496000 0.0194914 6.94277
497000 0.0195369 6.96231
498000 0.0198186 6.98213
499000 0.0195945 7.00172
500000 0.019122 7.02085
501000 0.0191411 7.03999
502000 0.0194291 7.05942
503000 0.019054 7.07847
504000 0.0200461 7.09852
505000 0.0209604 7.11948
506000 0.019167 7.13864
507000 0.0195749 7.15822
508000 0.021402 7.17962
509000 0.0192239 7.19885
510000 0.0210455 7.21989
511000 0.0193605 7.23925
512000 0.0196288 7.25888
513000 0.0213836 7.28026
514000 0.0196335 7.2999
515000 0.0197312 7.31963
516000 0.0196567 7.33929
517000 0.0192992 7.35858
518000 0.0194698 7.37805
519000 0.0196415 7.3977
520000 0.0206865 7.41838
521000 0.0192964 7.43768
522000 0.0197211 7.4574
523000 0.0201943 7.47759
524000 0.0198636 7.49746
525000 0.0197583 7.51722
526000 0.0199342 7.53715
527000 0.0201375 7.55729
528000 0.0197749 7.57706
529000 0.0196757 7.59674
530000 0.019711 7.61645
531000 0.0199756 7.63642
532000 0.0198276 7.65625
533000 0.0201921 7.67644
534000 0.0200258 7.69647
535000 0.0198924 7.71636
536000 0.019878 7.73624
537000 0.0192403 7.75548
538000 0.0201092 7.77559
539000 0.0199977 7.79559
540000 0.0200469 7.81563
541000 0.0201309 7.83577
542000 0.0198286 7.85559
543000 0.0202201 7.87581
544000 0.0198347 7.89565
545000 0.0198396 7.91549
546000 0.020131 7.93562
547000 0.0202445 7.95586
548000 0.021259 7.97712
549000 0.0203152 7.99744
550000 0.0217227 8.01916
551000 0.019841 8.039
552000 0.0204524 8.05945
553000 0.0199574 8.07941
554000 0.0208088 8.10022
555000 0.0195985 8.11982
556000 0.0198723 8.13969
557000 0.0199452 8.15964
558000 0.0196804 8.17932
559000 0.0197956 8.19911
560000 0.0209846 8.2201
561000 0.020205 8.2403
562000 0.0197872 8.26009
563000 0.021536 8.28163
564000 0.0207687 8.30239
565000 0.0201715 8.32257
566000 0.0198993 8.34246
567000 0.0201569 8.36262
568000 0.0199033 8.38253
569000 0.0201217 8.40265
570000 0.0203204 8.42297
571000 0.0198444 8.44281
572000 0.0204944 8.46331
573000 0.020155 8.48346
574000 0.0203843 8.50385
575000 0.0201966 8.52404
576000 0.0202434 8.54429
577000 0.0205727 8.56486
578000 0.0204197 8.58528
579000 0.020263 8.60554
580000 0.0212591 8.6268
581000 0.0201643 8.64696
582000 0.0204689 8.66743
583000 0.0204628 8.6879
584000 0.0204312 8.70833
585000 0.0210065 8.72933
586000 0.0206041 8.74994
587000 0.0206165 8.77055
588000 0.0204933 8.79105
589000 0.020769 8.81182
590000 0.0212817 8.8331
591000 0.0204204 8.85352
592000 0.0204271 8.87395
593000 0.0205626 8.89451
594000 0.0205687 8.91508
595000 0.0201083 8.93519
596000 0.0206194 8.9558
597000 0.0205499 8.97635
598000 0.0211788 8.99753
599000 0.0206741 9.01821
600000 0.0205532 9.03876
601000 0.0205025 9.05926
602000 0.0202451 9.07951
603000 0.0211293 9.10064
604000 0.0209882 9.12163
605000 0.0210078 9.14263
606000 0.02054 9.16317
607000 0.0206514 9.18383
608000 0.0214688 9.20529
609000 0.0203851 9.22568
610000 0.0207549 9.24643
611000 0.0208141 9.26725
612000 0.021593 9.28884
613000 0.0211513 9.30999
614000 0.020922 9.33091
615000 0.0210834 9.352
616000 0.0211935 9.37319
617000 0.0208392 9.39403
618000 0.0208635 9.41489
619000 0.0208572 9.43575
620000 0.0208293 9.45658
621000 0.020851 9.47743
622000 0.0208667 9.4983
623000 0.0210639 9.51936
624000 0.0209833 9.54035
625000 0.0225246 9.56287
626000 0.0231013 9.58597
627000 0.0238339 9.60981
628000 0.0220735 9.63188
629000 0.0209546 9.65283
630000 0.0212845 9.67412
631000 0.0217887 9.69591
632000 0.0209716 9.71688
633000 0.020858 9.73774
634000 0.0209338 9.75867
635000 0.0209405 9.77961
636000 0.0215596 9.80117
637000 0.0210248 9.82219
638000 0.0208748 9.84307
639000 0.0214936 9.86456
640000 0.0215466 9.88611
641000 0.0209739 9.90708
642000 0.0211854 9.92827
643000 0.0212912 9.94956
644000 0.0212492 9.97081
645000 0.0213389 9.99215
646000 0.0210681 10.0132
647000 0.0213142 10.0345
648000 0.0214789 10.056
649000 0.0212013 10.0772
650000 0.0218819 10.0991
651000 0.0218549 10.1209
652000 0.0233844 10.1443
653000 0.0221989 10.1665
654000 0.022071 10.1886
655000 0.0215408 10.2101
656000 0.0219527 10.2321
657000 0.0211598 10.2533
658000 0.0210652 10.2743
659000 0.021258 10.2956
660000 0.0219327 10.3175
661000 0.0209324 10.3384
662000 0.0213737 10.3598
663000 0.0211073 10.3809
664000 0.021525 10.4024
665000 0.0219173 10.4244
666000 0.0215437 10.4459
667000 0.021525 10.4674
668000 0.0212289 10.4887
669000 0.0216009 10.5103
670000 0.0213525 10.5316
671000 0.0214107 10.553
672000 0.021473 10.5745
673000 0.0213913 10.5959
674000 0.021468 10.6174
675000 0.0213911 10.6388
676000 0.0216805 10.6604
677000 0.021481 10.6819
678000 0.0219271 10.7038
679000 0.0215272 10.7254
680000 0.0211769 10.7465
681000 0.0214798 10.768
682000 0.0218543 10.7899
683000 0.0217616 10.8116
684000 0.0235677 10.8352
685000 0.022842 10.8581
686000 0.0215975 10.8796
687000 0.0217224 10.9014
688000 0.0210695 10.9224
689000 0.0218047 10.9442
690000 0.0216461 10.9659
691000 0.022883 10.9888
692000 0.0217404 11.0105
693000 0.0216072 11.0321
694000 0.022364 11.0545
695000 0.021749 11.0762
696000 0.0219554 11.0982
697000 0.0217358 11.1199
698000 0.0219951 11.1419
699000 0.0215363 11.1635
700000 0.0216925 11.1851
701000 0.0220997 11.2072
702000 0.0218064 11.2291
703000 0.0217528 11.2508
704000 0.0214739 11.2723
705000 0.0216052 11.2939
706000 0.0219216 11.3158
707000 0.0216933 11.3375
708000 0.0214979 11.359
709000 0.0218232 11.3808
710000 0.0217233 11.4025
711000 0.0218461 11.4244
712000 0.0220451 11.4464
713000 0.0221523 11.4686
714000 0.0227191 11.4913
715000 0.021903 11.5132
716000 0.0218542 11.5351
717000 0.0220102 11.5571
718000 0.0218425 11.5789
719000 0.0217929 11.6007
720000 0.021883 11.6226
721000 0.0220008 11.6446
722000 0.0227006 11.6673
723000 0.0219407 11.6892
724000 0.0219929 11.7112
725000 0.0223238 11.7336
726000 0.0220595 11.7556
727000 0.0220241 11.7776
728000 0.0224289 11.8001
729000 0.0220495 11.8221
730000 0.0219394 11.8441
731000 0.0244425 11.8685
732000 0.0223255 11.8908
733000 0.0220652 11.9129
734000 0.0224165 11.9353
735000 0.0223894 11.9577
736000 0.0221331 11.9798
737000 0.0221381 12.002
738000 0.0221767 12.0241
739000 0.0221474 12.0463
740000 0.0219745 12.0683
741000 0.0224219 12.0907
742000 0.0222786 12.113
743000 0.0222638 12.1352
744000 0.0221521 12.1574
745000 0.0223697 12.1798
746000 0.0220887 12.2018
747000 0.0221943 12.224
748000 0.0220681 12.2461
749000 0.0224729 12.2686
750000 0.0221137 12.2907
751000 0.0221984 12.3129
752000 0.0224751 12.3354
753000 0.0224223 12.3578
754000 0.0224863 12.3803
755000 0.0227359 12.403
756000 0.0222259 12.4252
757000 0.0229311 12.4482
758000 0.0228273 12.471
759000 0.0221929 12.4932
760000 0.0227287 12.5159
761000 0.0225736 12.5385
762000 0.0223653 12.5609
763000 0.0235293 12.5844
764000 0.022274 12.6067
765000 0.022722 12.6294
766000 0.0224497 12.6518
767000 0.0223702 12.6742
768000 0.0235628 12.6978
769000 0.0223936 12.7202
770000 0.0224959 12.7426
771000 0.0225386 12.7652
772000 0.0224174 12.7876
773000 0.0225849 12.8102
774000 0.0225607 12.8327
775000 0.0225692 12.8553
776000 0.0228514 12.8782
777000 0.0228305 12.901
778000 0.0234062 12.9244
779000 0.022744 12.9472
780000 0.0233131 12.9705
781000 0.0229683 12.9934
782000 0.0270282 13.0205
783000 0.0235318 13.044
784000 0.0224867 13.0665
785000 0.0228857 13.0894
786000 0.0229093 13.1123
787000 0.0224662 13.1347
788000 0.0230883 13.1578
789000 0.0228554 13.1807
790000 0.0228803 13.2036
791000 0.0228421 13.2264
792000 0.0230415 13.2494
793000 0.0226767 13.2721
794000 0.0229819 13.2951
795000 0.0229541 13.3181
796000 0.0229851 13.341
797000 0.0228732 13.3639
798000 0.0226454 13.3866
799000 0.0229438 13.4095
800000 0.0227464 13.4323
801000 0.0228462 13.4551
802000 0.0227712 13.4779
803000 0.0228449 13.5007
804000 0.0227507 13.5235
805000 0.0230842 13.5466
806000 0.0227939 13.5693
807000 0.0228097 13.5922
808000 0.022854 13.615
809000 0.0228115 13.6378
810000 0.0232089 13.661
811000 0.0229792 13.684
812000 0.0229188 13.7069
813000 0.0232381 13.7302
814000 0.0227993 13.753
815000 0.0234596 13.7764
816000 0.0232393 13.7997
817000 0.0233575 13.823
818000 0.0231548 13.8462
819000 0.0233009 13.8695
820000 0.0229548 13.8924
821000 0.0231239 13.9156
822000 0.0231676 13.9387
823000 0.023134 13.9619
824000 0.0233264 13.9852
825000 0.0231328 14.0083
826000 0.023325 14.0316
827000 0.0238243 14.0555
828000 0.0230082 14.0785
829000 0.023423 14.1019
830000 0.0232121 14.1251
831000 0.0232791 14.1484
832000 0.0240535 14.1724
833000 0.0231655 14.1956
834000 0.0238237 14.2194
835000 0.0231126 14.2425
836000 0.0231266 14.2657
837000 0.0232222 14.2889
838000 0.0231142 14.312
839000 0.0242293 14.3362
840000 0.0229719 14.3592
841000 0.024245 14.3835
842000 0.0231332 14.4066
843000 0.0231912 14.4298
844000 0.0235766 14.4534
845000 0.0232891 14.4766
846000 0.0235452 14.5002
847000 0.0232395 14.5234
848000 0.0236346 14.5471
849000 0.024426 14.5715
850000 0.0232782 14.5948
851000 0.0237144 14.6185
852000 0.0231718 14.6417
853000 0.0233167 14.665
854000 0.0245391 14.6895
855000 0.0244764 14.714
856000 0.023467 14.7375
857000 0.0251759 14.7626
858000 0.0270382 14.7897
859000 0.0234607 14.8131
860000 0.0233199 14.8364
861000 0.0235737 14.86
862000 0.023922 14.8839
863000 0.0233123 14.9073
864000 0.0237405 14.931
865000 0.0237072 14.9547
866000 0.0233788 14.9781
867000 0.023355 15.0014
868000 0.0233787 15.0248
869000 0.0233714 15.0482
870000 0.0234599 15.0716
871000 0.0236615 15.0953
872000 0.0235528 15.1189
873000 0.0232916 15.1422
874000 0.0233197 15.1655
875000 0.023543 15.189
876000 0.0234334 15.2124
877000 0.0295733 15.242
878000 0.0250634 15.2671
879000 0.0234981 15.2906
880000 0.0235605 15.3141
881000 0.0235937 15.3377
882000 0.0235457 15.3613
883000 0.0238671 15.3851
884000 0.023744 15.4089
885000 0.023919 15.4328
886000 0.0233035 15.4561
887000 0.0234228 15.4795
888000 0.0234912 15.503
889000 0.0237107 15.5267
890000 0.0249575 15.5517
891000 0.0238745 15.5756
892000 0.0238157 15.5994
893000 0.0240594 15.6234
894000 0.0238398 15.6473
895000 0.0236971 15.671
896000 0.0239017 15.6949
897000 0.0240223 15.7189
898000 0.0240475 15.743
899000 0.0235743 15.7665
900000 0.0240589 15.7906
901000 0.0238694 15.8145
902000 0.0240325 15.8385
903000 0.0237152 15.8622
904000 0.0237619 15.886
905000 0.0267509 15.9127
906000 0.0277649 15.9405
907000 0.0238559 15.9643
908000 0.024754 15.9891
909000 0.024476 16.0136
910000 0.0240668 16.0376
911000 0.0240331 16.0617
912000 0.023905 16.0856
913000 0.0241626 16.1097
914000 0.023829 16.1336
915000 0.0240703 16.1576
916000 0.024542 16.1822
917000 0.024571 16.2068
918000 0.0252756 16.232
919000 0.0235818 16.2556
920000 0.0239654 16.2796
921000 0.0241605 16.3037
922000 0.0241558 16.3279
923000 0.0244837 16.3524
924000 0.023927 16.3763
925000 0.0240035 16.4003
926000 0.0240259 16.4243
927000 0.0238689 16.4482
928000 0.0243907 16.4726
929000 0.0238105 16.4964
930000 0.0242113 16.5206
931000 0.0244699 16.5451
932000 0.0245596 16.5696
933000 0.023873 16.5935
934000 0.0241389 16.6177
935000 0.0241281 16.6418
936000 0.024779 16.6666
937000 0.0238964 16.6905
938000 0.0241015 16.7146
939000 0.0243591 16.7389
940000 0.024402 16.7633
941000 0.0243943 16.7877
942000 0.0247439 16.8125
943000 0.0242834 16.8367
944000 0.0243024 16.861
945000 0.0238372 16.8849
946000 0.0240608 16.9089
947000 0.0256108 16.9346
948000 0.0247165 16.9593
949000 0.0245471 16.9838
950000 0.0242007 17.008
951000 0.0247114 17.0327
952000 0.0242149 17.0569
953000 0.0257393 17.0827
954000 0.0244506 17.1071
955000 0.0245677 17.1317
956000 0.0243113 17.156
957000 0.0301654 17.1862
958000 0.0298529 17.216
959000 0.0242796 17.2403
960000 0.0244845 17.2648
961000 0.0246805 17.2895
962000 0.0254421 17.3149
963000 0.024198 17.3391
964000 0.0246772 17.3638
965000 0.0245538 17.3883
966000 0.0243965 17.4127
967000 0.0244133 17.4372
968000 0.0247142 17.4619
969000 0.0244426 17.4863
970000 0.0244888 17.5108
971000 0.0245643 17.5354
972000 0.0245114 17.5599
973000 0.0244623 17.5843
974000 0.0241258 17.6085
975000 0.0244181 17.6329
976000 0.0249635 17.6578
977000 0.0245635 17.6824
978000 0.0248694 17.7073
979000 0.0244404 17.7317
980000 0.0245691 17.7563
981000 0.0243869 17.7807
982000 0.0243173 17.805
983000 0.0244359 17.8294
984000 0.0246808 17.8541
985000 0.0246501 17.8788
986000 0.0244028 17.9032
987000 0.0245682 17.9277
988000 0.0246478 17.9524
989000 0.0260716 17.9784
990000 0.0249476 18.0034
991000 0.0248778 18.0283
992000 0.0245998 18.0529
993000 0.0246637 18.0775
994000 0.0251313 18.1027
995000 0.0262402 18.1289
996000 0.0255533 18.1545
997000 0.0259683 18.1804
998000 0.0248451 18.2053
999000 0.0248596 18.2301
1000000 0.024887 18.255
1001000 0.024806 18.2798
1002000 0.0244441 18.3043
1003000 0.0246265 18.3289
1004000 0.0246336 18.3535
1005000 0.0257918 18.3793
1006000 0.024991 18.4043
1007000 0.0249185 18.4292
1008000 0.0247635 18.454
1009000 0.0251451 18.4791
1010000 0.025459 18.5046
1011000 0.0249061 18.5295
1012000 0.0250327 18.5545
1013000 0.0265658 18.5811
1014000 0.0250526 18.6062
1015000 0.0250104 18.6312
1016000 0.0250146 18.6562
1017000 0.0248512 18.681
1018000 0.0249231 18.706
1019000 0.0251726 18.7311
1020000 0.0248499 18.756
1021000 0.0250675 18.781
1022000 0.0249178 18.806
1023000 0.024891 18.8309
1024000 0.0249854 18.8558
1025000 0.0248244 18.8807
1026000 0.0259056 18.9066
1027000 0.0250461 18.9316
1028000 0.0252398 18.9569
1029000 0.0249225 18.9818
1030000 0.0257059 19.0075
1031000 0.0337581 19.0412
1032000 0.0247695 19.066
1033000 0.0255131 19.0915
1034000 0.0252788 19.1168
1035000 0.025364 19.1422
1036000 0.025055 19.1672
1037000 0.0250934 19.1923
1038000 0.0254061 19.2177
1039000 0.0252911 19.243
1040000 0.0249648 19.268
1041000 0.025254 19.2932
1042000 0.0250724 19.3183
1043000 0.0252134 19.3435
1044000 0.0255103 19.369
1045000 0.0300374 19.3991
1046000 0.0283075 19.4274
1047000 0.0251345 19.4525
1048000 0.0253758 19.4779
