CQ
Inserting
1000 0.00789124 0.00789129
2000 0.0110663 0.0189576
3000 0.0123299 0.0312875
4000 0.012658 0.0439454
5000 0.0142849 0.0582303
6000 0.0145944 0.0728247
7000 0.0144536 0.0872783
8000 0.0142363 0.101515
9000 0.0153064 0.116821
10000 0.0162369 0.133058
11000 0.0160124 0.14907
12000 0.0161965 0.165267
13000 0.0157573 0.181024
14000 0.0159618 0.196986
15000 0.0159352 0.212921
16000 0.0159287 0.22885
17000 0.017168 0.246018
18000 0.0176267 0.263645
19000 0.017879 0.281524
20000 0.0174966 0.29902
21000 0.0176187 0.316639
22000 0.0177313 0.33437
23000 0.0171789 0.351549
24000 0.0175603 0.36911
25000 0.0176489 0.386758
26000 0.0170561 0.403815
27000 0.017042 0.420857
28000 0.0170483 0.437905
29000 0.0174572 0.455362
30000 0.0179216 0.473284
31000 0.0177124 0.490996
32000 0.0175241 0.50852
33000 0.0180291 0.526549
34000 0.0193515 0.545901
35000 0.0198415 0.565742
36000 0.0198296 0.585572
37000 0.0197658 0.605338
38000 0.0196218 0.62496
39000 0.0197098 0.644669
40000 0.0199755 0.664645
41000 0.0194693 0.684114
42000 0.0196576 0.703772
43000 0.0199704 0.723742
44000 0.0199551 0.743697
45000 0.0201185 0.763816
46000 0.0194804 0.783296
47000 0.0200141 0.80331
48000 0.0194776 0.822788
49000 0.0198789 0.842667
50000 0.0196558 0.862322
51000 0.0197617 0.882084
52000 0.0201861 0.90227
53000 0.0199635 0.922234
54000 0.0199941 0.942228
55000 0.0201237 0.962352
56000 0.0204616 0.982813
57000 0.020213 1.00303
58000 0.0202772 1.0233
59000 0.0201298 1.04343
60000 0.0199468 1.06338
61000 0.0205041 1.08388
62000 0.0202324 1.10412
63000 0.0203895 1.12451
64000 0.0207344 1.14524
65000 0.021015 1.16626
66000 0.0215433 1.1878
67000 0.0260992 1.2139
68000 0.0258558 1.23975
69000 0.0276759 1.26743
70000 0.0278093 1.29524
71000 0.0277337 1.32297
72000 0.0276029 1.35058
73000 0.027833 1.37841
74000 0.0287038 1.40711
75000 0.0271256 1.43424
76000 0.0281038 1.46234
77000 0.0279973 1.49034
78000 0.0283625 1.5187
79000 0.0281532 1.54685
80000 0.0287359 1.57559
81000 0.0282111 1.6038
82000 0.0287446 1.63255
83000 0.0261323 1.65868
84000 0.0268631 1.68554
85000 0.0270636 1.71261
86000 0.0279344 1.74054
87000 0.0275618 1.7681
88000 0.028198 1.7963
89000 0.0277197 1.82402
90000 0.027559 1.85158
91000 0.0272717 1.87885
92000 0.0283756 1.90723
93000 0.0285431 1.93577
94000 0.0285134 1.96428
95000 0.028639 1.99292
96000 0.0288199 2.02174
97000 0.0290985 2.05084
98000 0.0296953 2.08053
99000 0.0295193 2.11005
100000 0.0307343 2.14079
101000 0.0309384 2.17173
102000 0.031209 2.20294
103000 0.0316804 2.23462
104000 0.0320454 2.26666
105000 0.0319291 2.29859
106000 0.0321101 2.3307
107000 0.0319969 2.3627
108000 0.0313939 2.39409
109000 0.0320737 2.42617
110000 0.0321463 2.45831
111000 0.0327844 2.4911
112000 0.0326546 2.52375
113000 0.0332354 2.55699
114000 0.0334922 2.59048
115000 0.0333084 2.62379
116000 0.0316382 2.65542
117000 0.0325902 2.68802
118000 0.0327994 2.72081
119000 0.0333358 2.75415
120000 0.0328431 2.78699
121000 0.0335105 2.8205
122000 0.0342231 2.85473
123000 0.0339631 2.88869
124000 0.0331638 2.92185
125000 0.0338473 2.9557
126000 0.033721 2.98942
127000 0.0345139 3.02394
128000 0.0344571 3.05839
129000 0.0347457 3.09314
130000 0.0349099 3.12805
131000 0.0352222 3.16327
132000 0.0333502 3.19662
133000 0.0343244 3.23095
134000 0.0335294 3.26448
135000 0.0336248 3.2981
136000 0.0328703 3.33097
137000 0.0326921 3.36366
138000 0.0328413 3.3965
139000 0.033094 3.4296
140000 0.0316754 3.46127
141000 0.0316003 3.49287
142000 0.0316945 3.52457
143000 0.0318729 3.55644
144000 0.0313927 3.58783
145000 0.0318064 3.61964
146000 0.03149 3.65113
147000 0.0316584 3.68279
148000 0.0310306 3.71382
149000 0.0298654 3.74368
150000 0.030178 3.77386
151000 0.0297053 3.80357
152000 0.0302576 3.83383
153000 0.029973 3.8638
154000 0.0297965 3.89359
155000 0.0299709 3.92357
156000 0.0297055 3.95327
157000 0.0292649 3.98254
158000 0.0304794 4.01302
159000 0.0296761 4.04269
160000 0.0297244 4.07242
161000 0.0297387 4.10215
162000 0.0302067 4.13236
163000 0.0300523 4.16241
164000 0.0296354 4.19205
165000 0.0285681 4.22062
166000 0.027625 4.24824
167000 0.0274875 4.27573
168000 0.0277166 4.30345
169000 0.0273765 4.33082
170000 0.0278094 4.35863
171000 0.027977 4.38661
172000 0.0279387 4.41455
173000 0.0280291 4.44258
174000 0.028129 4.47071
175000 0.0278427 4.49855
176000 0.0282612 4.52681
177000 0.0280961 4.55491
178000 0.0279012 4.58281
179000 0.0280205 4.61083
180000 0.0285339 4.63936
181000 0.0285912 4.66795
182000 0.0285207 4.69647
183000 0.028668 4.72514
184000 0.0286738 4.75382
185000 0.0285531 4.78237
186000 0.0283396 4.81071
187000 0.0291911 4.8399
188000 0.0286772 4.86858
189000 0.028461 4.89704
190000 0.0282097 4.92525
191000 0.0289062 4.95415
192000 0.0285191 4.98267
193000 0.0287292 5.0114
194000 0.028577 5.03998
195000 0.0288802 5.06886
196000 0.0290307 5.09789
197000 0.0279233 5.12581
198000 0.0327686 5.15858
199000 0.0323737 5.19095
200000 0.0341109 5.22507
201000 0.0336654 5.25873
202000 0.0340175 5.29275
203000 0.0340111 5.32676
204000 0.0343628 5.36112
205000 0.0353818 5.3965
206000 0.0331886 5.42969
207000 0.0339928 5.46369
208000 0.0343475 5.49803
209000 0.0342294 5.53226
210000 0.0341121 5.56637
211000 0.0341529 5.60053
212000 0.0345572 5.63508
213000 0.0350273 5.67011
214000 0.0374693 5.70758
215000 0.0379343 5.74552
216000 0.0377051 5.78322
217000 0.0374088 5.82063
218000 0.0376459 5.85828
219000 0.0380872 5.89636
220000 0.0375693 5.93393
221000 0.037827 5.97176
222000 0.0376791 6.00944
223000 0.0382309 6.04767
224000 0.0382934 6.08596
225000 0.0382578 6.12422
226000 0.0381389 6.16236
227000 0.0384298 6.20079
228000 0.038301 6.23909
229000 0.0386694 6.27776
230000 0.0358971 6.31366
231000 0.0363538 6.35001
232000 0.036542 6.38655
233000 0.0369083 6.42346
234000 0.0369425 6.4604
235000 0.0368245 6.49723
236000 0.0370946 6.53432
237000 0.0376132 6.57194
238000 0.0365796 6.60851
239000 0.0369836 6.6455
240000 0.0370193 6.68252
241000 0.0374057 6.71992
242000 0.0376099 6.75753
243000 0.0370927 6.79463
244000 0.0372219 6.83185
245000 0.0373527 6.8692
246000 0.0374581 6.90666
247000 0.0379566 6.94462
248000 0.0378983 6.98251
249000 0.0382443 7.02076
250000 0.0393385 7.0601
251000 0.038206 7.0983
252000 0.0394511 7.13775
253000 0.0395001 7.17725
254000 0.0389259 7.21618
255000 0.0386267 7.25481
256000 0.0392894 7.2941
257000 0.0385384 7.33263
258000 0.0395715 7.37221
259000 0.0389632 7.41117
260000 0.0395424 7.45071
261000 0.038938 7.48965
262000 0.0391336 7.52878
Inserting
1000 0.00818088 0.00818095
2000 0.0114312 0.0196121
3000 0.0126357 0.0322478
4000 0.01263 0.0448778
5000 0.0146908 0.0595686
6000 0.0146917 0.0742603
7000 0.0143075 0.0885678
8000 0.0145635 0.103131
9000 0.0153313 0.118463
10000 0.0163449 0.134808
11000 0.0161072 0.150915
12000 0.0160795 0.166994
13000 0.0160123 0.183007
14000 0.0160059 0.199012
15000 0.0158336 0.214846
16000 0.0162274 0.231073
17000 0.0171454 0.248219
18000 0.0176728 0.265892
19000 0.0179005 0.283792
20000 0.0173497 0.301142
21000 0.0175393 0.318681
22000 0.0178834 0.336565
23000 0.0174429 0.354008
24000 0.017204 0.371212
25000 0.0172997 0.388511
26000 0.0172137 0.405725
27000 0.0173123 0.423037
28000 0.017049 0.440086
29000 0.0176263 0.457713
30000 0.0179734 0.475686
31000 0.0177655 0.493452
32000 0.01743 0.510881
33000 0.0183406 0.529222
34000 0.0192005 0.548423
35000 0.0197518 0.568174
36000 0.0196768 0.587851
37000 0.0193877 0.607239
38000 0.0198643 0.627103
39000 0.01991 0.647013
40000 0.0202688 0.667282
41000 0.0198078 0.68709
42000 0.0196532 0.706743
43000 0.0199003 0.726643
44000 0.0199591 0.746602
45000 0.0199067 0.766509
46000 0.0195781 0.786087
47000 0.0198929 0.80598
48000 0.0197382 0.825718
49000 0.0200238 0.845742
50000 0.0199972 0.865739
51000 0.0193064 0.885046
52000 0.0203378 0.905383
53000 0.0200287 0.925412
54000 0.0200668 0.945479
55000 0.0200882 0.965567
56000 0.0204384 0.986005
57000 0.0202331 1.00624
58000 0.0204336 1.02667
59000 0.0202929 1.04697
60000 0.0199369 1.0669
61000 0.020478 1.08738
62000 0.0205525 1.10793
63000 0.0202766 1.12821
64000 0.0203946 1.1486
65000 0.02089 1.16949
66000 0.0215491 1.19104
67000 0.0260296 1.21707
68000 0.0262003 1.24327
69000 0.0273796 1.27065
70000 0.0276434 1.2983
71000 0.0275627 1.32586
72000 0.0276023 1.35346
73000 0.0281401 1.3816
74000 0.0283887 1.40999
75000 0.0273077 1.4373
76000 0.0278048 1.4651
77000 0.0279333 1.49304
78000 0.0283866 1.52142
79000 0.0279969 1.54942
80000 0.0283527 1.57777
81000 0.0403918 1.61816
82000 0.0283542 1.64652
83000 0.0260284 1.67255
84000 0.0271308 1.69968
85000 0.0273396 1.72702
86000 0.0280336 1.75505
87000 0.0277635 1.78281
88000 0.0278947 1.81071
89000 0.0279513 1.83866
90000 0.0279533 1.86661
91000 0.0273845 1.894
92000 0.0281262 1.92212
93000 0.0282631 1.95039
94000 0.0288897 1.97928
95000 0.028224 2.0075
96000 0.0288157 2.03632
97000 0.0290976 2.06541
98000 0.0292399 2.09465
99000 0.0293945 2.12405
100000 0.0306046 2.15465
101000 0.0311711 2.18582
102000 0.0311492 2.21697
103000 0.0320722 2.24905
104000 0.0317966 2.28084
105000 0.031682 2.31252
106000 0.0323997 2.34492
107000 0.0319484 2.37687
108000 0.0317776 2.40865
109000 0.0320418 2.44069
110000 0.0320435 2.47273
111000 0.0327833 2.50552
112000 0.0326996 2.53822
113000 0.0336383 2.57186
114000 0.0337518 2.60561
115000 0.0330259 2.63863
116000 0.0319349 2.67057
117000 0.0326446 2.70321
118000 0.0329232 2.73614
119000 0.0334837 2.76962
120000 0.0328506 2.80247
121000 0.0333967 2.83587
122000 0.0343151 2.87018
123000 0.0340685 2.90425
124000 0.033359 2.93761
125000 0.033766 2.97138
126000 0.0340109 3.00539
127000 0.0341738 3.03956
128000 0.0340872 3.07365
129000 0.0347383 3.10839
130000 0.0349623 3.14335
131000 0.0350219 3.17837
132000 0.0334124 3.21178
133000 0.034393 3.24618
134000 0.0334564 3.27963
135000 0.0359554 3.31559
136000 0.0332816 3.34887
137000 0.0325837 3.38145
138000 0.0328805 3.41433
139000 0.0329391 3.44727
140000 0.0318815 3.47915
141000 0.0315739 3.51073
142000 0.0314423 3.54217
143000 0.0316117 3.57378
144000 0.0316061 3.60539
145000 0.0319213 3.63731
146000 0.0312037 3.66851
147000 0.0318331 3.70035
148000 0.0308864 3.73123
149000 0.0300119 3.76124
150000 0.030197 3.79144
151000 0.0299473 3.82139
152000 0.0301521 3.85154
153000 0.0305948 3.88214
154000 0.0300184 3.91215
155000 0.0299824 3.94214
156000 0.0296472 3.97178
157000 0.0295033 4.00129
158000 0.029483 4.03077
159000 0.029518 4.06029
160000 0.0298073 4.09009
161000 0.0300867 4.12018
162000 0.0302023 4.15038
163000 0.0302494 4.18063
164000 0.030017 4.21065
165000 0.0285889 4.23924
166000 0.0275851 4.26682
167000 0.0285816 4.29541
168000 0.0275859 4.32299
169000 0.027485 4.35048
170000 0.0275346 4.37801
171000 0.0282896 4.4063
172000 0.0276758 4.43398
173000 0.0281422 4.46212
174000 0.0280835 4.4902
175000 0.0278957 4.5181
176000 0.02843 4.54653
177000 0.0281278 4.57466
178000 0.0281243 4.60278
179000 0.0282072 4.63099
180000 0.0298929 4.66088
181000 0.0286996 4.68958
182000 0.0288028 4.71838
183000 0.0287142 4.7471
184000 0.0288754 4.77597
185000 0.0287845 4.80476
186000 0.0285581 4.83332
187000 0.0357929 4.86911
188000 0.0290302 4.89814
189000 0.0286706 4.92681
190000 0.0282899 4.9551
191000 0.0282393 4.98334
192000 0.0288339 5.01217
193000 0.0284962 5.04067
194000 0.0285772 5.06925
195000 0.0288693 5.09811
196000 0.0291635 5.12728
197000 0.0278211 5.1551
198000 0.0330169 5.18812
199000 0.0323947 5.22051
200000 0.034015 5.25453
201000 0.0340293 5.28856
202000 0.0334705 5.32203
203000 0.0340832 5.35611
204000 0.0340777 5.39019
205000 0.0345629 5.42475
206000 0.033149 5.4579
207000 0.0338402 5.49174
208000 0.0343501 5.52609
209000 0.0339209 5.56001
210000 0.0341439 5.59415
211000 0.0342236 5.62838
212000 0.0344175 5.66279
213000 0.0348605 5.69766
214000 0.0367752 5.73443
215000 0.0376057 5.77204
216000 0.0376537 5.80969
217000 0.0377932 5.84748
218000 0.0372486 5.88473
219000 0.0382541 5.92299
220000 0.0371902 5.96018
221000 0.0383719 5.99855
222000 0.0378352 6.03638
223000 0.0383859 6.07477
224000 0.0382995 6.11307
225000 0.038712 6.15178
226000 0.0382836 6.19006
227000 0.038242 6.22831
228000 0.0383017 6.26661
229000 0.0392012 6.30581
230000 0.0359118 6.34172
231000 0.0361733 6.37789
232000 0.0369381 6.41483
233000 0.0370317 6.45186
234000 0.0369371 6.4888
235000 0.0368219 6.52562
236000 0.0374894 6.56311
237000 0.0374927 6.60061
238000 0.036885 6.63749
239000 0.0371162 6.67461
240000 0.0370272 6.71163
241000 0.0374423 6.74908
242000 0.0375416 6.78662
243000 0.0369995 6.82362
244000 0.0373248 6.86094
245000 0.0375335 6.89848
246000 0.0379033 6.93638
247000 0.0423973 6.97878
248000 0.0379288 7.0167
249000 0.0382463 7.05495
250000 0.0390621 7.09401
251000 0.038224 7.13224
252000 0.0390697 7.17131
253000 0.0392634 7.21057
254000 0.0391525 7.24972
255000 0.0385042 7.28823
256000 0.0390369 7.32726
257000 0.0386989 7.36596
258000 0.0392248 7.40519
259000 0.0391519 7.44434
260000 0.0392639 7.4836
261000 0.0390531 7.52266
262000 0.0393151 7.56197
Inserting
1000 0.00846759 0.00846768
2000 0.0114879 0.0199556
3000 0.0130254 0.032981
4000 0.0130597 0.0460407
5000 0.015058 0.0610987
6000 0.0150188 0.0761175
7000 0.0147309 0.0908484
8000 0.0149851 0.105834
9000 0.01566 0.121494
10000 0.0163115 0.137805
11000 0.0165523 0.154357
12000 0.0164021 0.17076
13000 0.0160159 0.186775
14000 0.016855 0.20363
15000 0.0162401 0.219871
16000 0.0163051 0.236176
17000 0.0172997 0.253475
18000 0.0180821 0.271557
19000 0.0181778 0.289735
20000 0.0178015 0.307537
21000 0.0178679 0.325405
22000 0.0178058 0.343211
23000 0.0175645 0.360775
24000 0.0179487 0.378724
25000 0.0177669 0.396491
26000 0.0175704 0.414061
27000 0.0173797 0.431441
28000 0.0174478 0.448889
29000 0.0180214 0.46691
30000 0.018064 0.484974
31000 0.0228847 0.507859
32000 0.017758 0.525617
33000 0.0182468 0.543863
34000 0.0196983 0.563562
35000 0.0200762 0.583638
36000 0.0200743 0.603712
37000 0.0200327 0.623745
38000 0.0196437 0.643389
39000 0.0200394 0.663428
40000 0.0199284 0.683356
41000 0.0200585 0.703415
42000 0.0199151 0.72333
43000 0.0202773 0.743607
44000 0.0202527 0.76386
45000 0.0201583 0.784018
46000 0.019933 0.803951
47000 0.0201091 0.82406
48000 0.0197458 0.843806
49000 0.0202183 0.864024
50000 0.0198902 0.883915
51000 0.019991 0.903906
52000 0.020213 0.924119
53000 0.0203287 0.944447
54000 0.0204936 0.964941
55000 0.0204616 0.985402
56000 0.0208231 1.00623
57000 0.0206742 1.0269
58000 0.0206296 1.04753
59000 0.0203748 1.0679
60000 0.0201519 1.08806
61000 0.021591 1.10965
62000 0.0207394 1.13039
63000 0.020683 1.15107
64000 0.021002 1.17207
65000 0.0212607 1.19333
66000 0.0218096 1.21514
67000 0.0262741 1.24142
68000 0.0264417 1.26786
69000 0.027974 1.29583
70000 0.0283065 1.32414
71000 0.0281954 1.35233
72000 0.0280071 1.38034
73000 0.0286027 1.40894
74000 0.029006 1.43795
75000 0.0287139 1.46666
76000 0.028522 1.49519
77000 0.0281932 1.52338
78000 0.0283988 1.55178
79000 0.0285247 1.5803
80000 0.0289855 1.60929
81000 0.028849 1.63814
82000 0.0290854 1.66722
83000 0.0265072 1.69373
84000 0.0273012 1.72103
85000 0.0274269 1.74846
86000 0.0280805 1.77654
87000 0.0276702 1.80421
88000 0.0282647 1.83247
89000 0.028176 1.86065
90000 0.0280475 1.8887
91000 0.0277639 1.91646
92000 0.0286696 1.94513
93000 0.0285319 1.97366
94000 0.0292096 2.00287
95000 0.0287265 2.0316
96000 0.0289415 2.06054
97000 0.0292985 2.08984
98000 0.0296539 2.11949
99000 0.0295039 2.149
100000 0.0307549 2.17975
101000 0.0310145 2.21077
102000 0.0315619 2.24233
103000 0.0320044 2.27433
104000 0.0322355 2.30657
105000 0.0320424 2.33861
106000 0.0325189 2.37113
107000 0.0322525 2.40338
108000 0.0319345 2.43532
109000 0.0324588 2.46777
110000 0.0326006 2.50037
111000 0.0330501 2.53342
112000 0.0331066 2.56653
113000 0.0336786 2.60021
114000 0.0338848 2.63409
115000 0.0335518 2.66765
116000 0.0323353 2.69998
117000 0.0328945 2.73288
118000 0.0330199 2.7659
119000 0.0339879 2.79988
120000 0.0331849 2.83307
121000 0.0337818 2.86685
122000 0.034551 2.9014
123000 0.0342021 2.9356
124000 0.0334246 2.96903
125000 0.0340804 3.00311
126000 0.034175 3.03728
127000 0.0343218 3.07161
128000 0.0344466 3.10605
129000 0.0352261 3.14128
130000 0.0433201 3.1846
131000 0.0374097 3.22201
132000 0.0351441 3.25715
133000 0.0361571 3.29331
134000 0.0357309 3.32904
135000 0.0357431 3.36478
136000 0.0346358 3.39942
137000 0.0330927 3.43251
138000 0.033388 3.4659
139000 0.0337526 3.49965
140000 0.0320348 3.53169
141000 0.0317867 3.56347
142000 0.0320065 3.59548
143000 0.0323215 3.6278
144000 0.0316561 3.65946
145000 0.032249 3.69171
146000 0.0319994 3.72371
147000 0.0321439 3.75585
148000 0.0310712 3.78692
149000 0.030607 3.81753
150000 0.0303592 3.84789
151000 0.0304351 3.87832
152000 0.0303176 3.90864
153000 0.0304071 3.93905
154000 0.0306074 3.96966
155000 0.0302989 3.99995
156000 0.029899 4.02985
157000 0.029471 4.05932
158000 0.0296326 4.08896
159000 0.0299264 4.11888
160000 0.030044 4.14893
161000 0.0303651 4.17929
162000 0.0304311 4.20972
163000 0.0303439 4.24007
164000 0.0299765 4.27004
165000 0.0274974 4.29754
166000 0.0278862 4.32543
167000 0.0278588 4.35329
168000 0.028045 4.38133
169000 0.0280437 4.40937
170000 0.0277225 4.4371
171000 0.0284877 4.46559
172000 0.0280338 4.49362
173000 0.028505 4.52212
174000 0.0282443 4.55037
175000 0.0281829 4.57855
176000 0.0282804 4.60683
177000 0.0280227 4.63485
178000 0.0285302 4.66338
179000 0.0282211 4.69161
180000 0.0289476 4.72055
181000 0.0290001 4.74955
182000 0.0288733 4.77843
183000 0.0288318 4.80726
184000 0.0289948 4.83625
185000 0.0289668 4.86522
186000 0.0284734 4.89369
187000 0.0293334 4.92303
188000 0.0289955 4.95202
189000 0.0301346 4.98216
190000 0.0284713 5.01063
191000 0.028563 5.03919
192000 0.0290835 5.06827
193000 0.0289355 5.09721
194000 0.0287473 5.12596
195000 0.0289317 5.15489
196000 0.0295426 5.18443
197000 0.0280088 5.21244
198000 0.0328873 5.24533
199000 0.0328447 5.27817
200000 0.0345267 5.3127
201000 0.0338594 5.34656
202000 0.0340207 5.38058
203000 0.0338327 5.41441
204000 0.0345306 5.44894
205000 0.0344993 5.48344
206000 0.0336261 5.51707
207000 0.034006 5.55107
208000 0.0349432 5.58602
209000 0.0344361 5.62045
210000 0.0342335 5.65469
211000 0.0348284 5.68952
212000 0.0347594 5.72427
213000 0.0348345 5.75911
214000 0.0368461 5.79596
215000 0.0377637 5.83372
216000 0.0379085 5.87163
217000 0.0378807 5.90951
218000 0.0378455 5.94735
219000 0.0380361 5.98539
220000 0.0378898 6.02328
221000 0.0381729 6.06145
222000 0.0378033 6.09926
223000 0.0382688 6.13752
224000 0.0380675 6.17559
225000 0.0383367 6.21393
226000 0.0382084 6.25214
227000 0.0384402 6.29058
228000 0.0387292 6.32931
229000 0.0389624 6.36827
230000 0.0364202 6.40469
231000 0.036397 6.44109
232000 0.0375697 6.47866
233000 0.0381885 6.51684
234000 0.0366737 6.55352
235000 0.0371254 6.59064
236000 0.0371301 6.62777
237000 0.0374172 6.66519
238000 0.0368832 6.70207
239000 0.0371323 6.73921
240000 0.0372452 6.77645
241000 0.0378388 6.81429
242000 0.0377899 6.85208
243000 0.0374499 6.88953
244000 0.0375916 6.92712
245000 0.037791 6.96491
246000 0.0377409 7.00265
247000 0.0376043 7.04026
248000 0.0378902 7.07815
249000 0.0387705 7.11692
250000 0.0391772 7.1561
251000 0.0383612 7.19446
252000 0.0395036 7.23396
253000 0.0391068 7.27307
254000 0.0390366 7.3121
255000 0.0389109 7.35101
256000 0.0393477 7.39036
257000 0.0388586 7.42922
258000 0.0393585 7.46858
259000 0.038972 7.50755
260000 0.0395665 7.54712
261000 0.0392381 7.58636
262000 0.0393084 7.62566
