CQ
Inserting
1000 0.00865492 0.00865502
2000 0.0111541 0.0198092
3000 0.0130007 0.0328099
4000 0.0142413 0.0470512
5000 0.0157166 0.0627678
6000 0.0161859 0.0789537
7000 0.0168027 0.0957565
8000 0.0173197 0.113076
9000 0.0180892 0.131165
10000 0.0185362 0.149702
11000 0.0188336 0.168535
12000 0.0189984 0.187534
13000 0.0192402 0.206774
14000 0.0196009 0.226375
15000 0.0196333 0.246008
16000 0.0200756 0.266084
17000 0.0202278 0.286311
18000 0.020539 0.30685
19000 0.0209035 0.327754
20000 0.0211067 0.348861
21000 0.0211522 0.370013
22000 0.0215756 0.391588
23000 0.0218357 0.413424
24000 0.0221883 0.435612
25000 0.0221723 0.457785
26000 0.0223655 0.48015
27000 0.0224963 0.502646
28000 0.0226761 0.525323
29000 0.02316 0.548483
30000 0.0233354 0.571818
31000 0.0234267 0.595245
32000 0.0237226 0.618967
33000 0.0239644 0.642932
34000 0.0243056 0.667237
35000 0.0243753 0.691613
36000 0.0244569 0.716069
37000 0.0244049 0.740474
38000 0.0243943 0.764869
39000 0.024482 0.789351
40000 0.0246024 0.813953
41000 0.0250757 0.839029
42000 0.0255207 0.86455
43000 0.025266 0.889816
44000 0.0252773 0.915093
45000 0.0257056 0.940798
46000 0.0255632 0.966362
47000 0.0265328 0.992894
48000 0.0256133 1.01851
49000 0.0255752 1.04408
50000 0.0264454 1.07053
51000 0.0261 1.09663
52000 0.0263234 1.12295
53000 0.0266196 1.14957
54000 0.0265627 1.17613
55000 0.026498 1.20263
56000 0.0265646 1.2292
57000 0.0265767 1.25577
58000 0.0265225 1.2823
59000 0.0266678 1.30896
60000 0.02681 1.33577
61000 0.0269647 1.36274
62000 0.0270591 1.3898
63000 0.0269924 1.41679
64000 0.027223 1.44401
65000 0.0275701 1.47158
66000 0.0272962 1.49888
67000 0.0270257 1.5259
68000 0.0282618 1.55417
69000 0.0276671 1.58183
70000 0.0278872 1.60972
71000 0.0275366 1.63726
72000 0.0277921 1.66505
73000 0.027961 1.69301
74000 0.0279855 1.721
75000 0.0277814 1.74878
76000 0.0280256 1.7768
77000 0.0279471 1.80475
78000 0.0280106 1.83276
79000 0.0281636 1.86092
80000 0.0282879 1.88921
81000 0.0282441 1.91746
82000 0.0281165 1.94557
83000 0.0282531 1.97383
84000 0.0282525 2.00208
85000 0.0282987 2.03038
86000 0.0285226 2.0589
87000 0.0286857 2.08759
88000 0.0286712 2.11626
89000 0.0285939 2.14485
90000 0.0288061 2.17366
91000 0.0291195 2.20278
92000 0.0289605 2.23174
93000 0.0289729 2.26071
94000 0.0290028 2.28971
95000 0.0288974 2.31861
96000 0.0291046 2.34771
97000 0.0291746 2.37689
98000 0.0289776 2.40587
99000 0.0292013 2.43507
100000 0.0291389 2.46421
101000 0.0290494 2.49326
102000 0.0291229 2.52238
103000 0.028922 2.5513
104000 0.0293432 2.58064
105000 0.0293124 2.60996
106000 0.0293213 2.63928
107000 0.0295602 2.66884
108000 0.0294541 2.69829
109000 0.0294516 2.72774
110000 0.029816 2.75756
111000 0.0298402 2.7874
112000 0.0296809 2.81708
113000 0.0298691 2.84695
114000 0.0299427 2.87689
115000 0.0299496 2.90684
116000 0.0299318 2.93677
117000 0.0300041 2.96678
118000 0.0299117 2.99669
119000 0.0308309 3.02752
120000 0.0298935 3.05741
121000 0.0300528 3.08747
122000 0.0303633 3.11783
123000 0.0307453 3.14858
124000 0.0304483 3.17902
125000 0.0303105 3.20933
126000 0.0303214 3.23966
127000 0.0308174 3.27047
128000 0.0306422 3.30112
129000 0.0307485 3.33186
130000 0.0306196 3.36248
131000 0.0310643 3.39355
132000 0.0309 3.42445
133000 0.0311591 3.45561
134000 0.0307091 3.48632
135000 0.0309371 3.51725
136000 0.0311115 3.54837
137000 0.0311278 3.57949
138000 0.031227 3.61072
139000 0.0309528 3.64167
140000 0.0312771 3.67295
141000 0.0313173 3.70427
142000 0.0313393 3.73561
143000 0.0312884 3.76689
144000 0.0313709 3.79827
145000 0.03163 3.8299
146000 0.0316069 3.8615
147000 0.0317454 3.89325
148000 0.0317509 3.925
149000 0.0315936 3.95659
150000 0.0316365 3.98823
151000 0.0321755 4.0204
152000 0.0318695 4.05227
153000 0.031917 4.08419
154000 0.0319844 4.11618
155000 0.0317252 4.1479
156000 0.0320327 4.17993
157000 0.0318094 4.21174
158000 0.0319458 4.24369
159000 0.0318905 4.27558
160000 0.0322337 4.30781
161000 0.0318842 4.3397
162000 0.0323495 4.37205
163000 0.0321187 4.40417
164000 0.0320801 4.43625
165000 0.0321189 4.46836
166000 0.0320152 4.50038
167000 0.032101 4.53248
168000 0.0326517 4.56513
169000 0.0321627 4.59729
170000 0.0322116 4.62951
171000 0.0324296 4.66194
172000 0.0321471 4.69408
173000 0.032305 4.72639
174000 0.0325355 4.75892
175000 0.0324832 4.79141
176000 0.0323942 4.8238
177000 0.0325876 4.85639
178000 0.032615 4.889
179000 0.0325 4.9215
180000 0.0320206 4.95352
181000 0.0324689 4.98599
182000 0.0326927 5.01869
183000 0.0322418 5.05093
184000 0.0325617 5.08349
185000 0.0329145 5.1164
186000 0.0326328 5.14904
187000 0.0329245 5.18196
188000 0.0329556 5.21492
189000 0.0325813 5.2475
190000 0.0327051 5.2802
191000 0.0329331 5.31314
192000 0.0325265 5.34566
193000 0.0326087 5.37827
194000 0.0327415 5.41101
195000 0.032719 5.44373
196000 0.0328918 5.47662
197000 0.032741 5.50936
198000 0.0327061 5.54207
199000 0.0332625 5.57533
200000 0.0331151 5.60845
201000 0.0328954 5.64134
202000 0.033318 5.67466
203000 0.0332796 5.70794
204000 0.0333697 5.74131
205000 0.0331762 5.77449
206000 0.0334084 5.8079
207000 0.0336595 5.84156
208000 0.0332572 5.87481
209000 0.033452 5.90826
210000 0.0334432 5.94171
211000 0.0335298 5.97524
212000 0.0335452 6.00878
213000 0.033344 6.04213
214000 0.0337817 6.07591
215000 0.0334862 6.10939
216000 0.0336566 6.14305
217000 0.0338423 6.17689
218000 0.0340285 6.21092
219000 0.0336574 6.24458
220000 0.0337322 6.27831
221000 0.0341366 6.31245
222000 0.0337548 6.3462
223000 0.0338623 6.38006
224000 0.0338137 6.41388
225000 0.0338904 6.44777
226000 0.0345202 6.48229
227000 0.0341222 6.51641
228000 0.0344775 6.55089
229000 0.0340461 6.58494
230000 0.0340372 6.61897
231000 0.0341824 6.65315
232000 0.0343145 6.68747
233000 0.0343226 6.72179
234000 0.0340767 6.75587
235000 0.0343063 6.79017
236000 0.0345317 6.82471
237000 0.0345082 6.85921
238000 0.0342847 6.8935
239000 0.0341588 6.92766
240000 0.0343939 6.96205
241000 0.0344528 6.9965
242000 0.0344412 7.03095
243000 0.0341239 7.06507
244000 0.0343135 7.09938
245000 0.0346453 7.13403
246000 0.0349174 7.16895
247000 0.0346402 7.20359
248000 0.0344868 7.23807
249000 0.0348092 7.27288
250000 0.0348248 7.30771
251000 0.0345299 7.34224
252000 0.0351361 7.37737
253000 0.0345377 7.41191
254000 0.0347805 7.44669
255000 0.0347406 7.48143
256000 0.0354472 7.51688
257000 0.0347908 7.55167
258000 0.034676 7.58635
259000 0.0349168 7.62126
260000 0.0350806 7.65634
261000 0.0349043 7.69125
262000 0.0349786 7.72623
Inserting
1000 0.00854741 0.00854748
2000 0.0112697 0.0198172
3000 0.0132467 0.0330639
4000 0.014458 0.0475219
5000 0.0156289 0.0631508
6000 0.0161513 0.0793021
7000 0.01702 0.0963222
8000 0.01772 0.114042
9000 0.0178374 0.13188
10000 0.0203298 0.152209
11000 0.0187348 0.170944
12000 0.0189214 0.189866
13000 0.0241566 0.214022
14000 0.0196046 0.233627
15000 0.0198019 0.253429
16000 0.0200621 0.273491
17000 0.0203338 0.293825
18000 0.0208405 0.314665
19000 0.0207842 0.335449
20000 0.021227 0.356676
21000 0.0211375 0.377814
22000 0.0217218 0.399535
23000 0.0221504 0.421686
24000 0.021926 0.443612
25000 0.0220815 0.465693
26000 0.0222283 0.487922
27000 0.0226266 0.510548
28000 0.023464 0.534012
29000 0.023178 0.55719
30000 0.0232094 0.5804
31000 0.0265467 0.606946
32000 0.0237889 0.630735
33000 0.0237752 0.654511
34000 0.02433 0.678841
35000 0.0244918 0.703332
36000 0.0240875 0.72742
37000 0.0246498 0.75207
38000 0.0246504 0.77672
39000 0.0244385 0.801158
40000 0.0247666 0.825925
41000 0.0251302 0.851055
42000 0.0251506 0.876206
43000 0.0251342 0.90134
44000 0.0253277 0.926668
45000 0.0254924 0.95216
46000 0.0255325 0.977693
47000 0.025616 1.00331
48000 0.0254378 1.02875
49000 0.0256705 1.05442
50000 0.0263563 1.08077
51000 0.0260585 1.10683
52000 0.0261084 1.13294
53000 0.026138 1.15908
54000 0.026932 1.18601
55000 0.0265038 1.21251
56000 0.0263531 1.23887
57000 0.0263341 1.2652
58000 0.0266562 1.29186
59000 0.0266174 1.31847
60000 0.0265766 1.34505
61000 0.0271529 1.3722
62000 0.0269187 1.39912
63000 0.0268022 1.42593
64000 0.0267193 1.45264
65000 0.0271695 1.47981
66000 0.0273806 1.50719
67000 0.0271159 1.53431
68000 0.0274724 1.56178
69000 0.0272338 1.58902
70000 0.0279537 1.61697
71000 0.0274355 1.64441
72000 0.0274901 1.6719
73000 0.0279094 1.69981
74000 0.027917 1.72772
75000 0.0278583 1.75558
76000 0.0277572 1.78334
77000 0.0280064 1.81134
78000 0.0278144 1.83916
79000 0.0281513 1.86731
80000 0.0280387 1.89535
81000 0.0282403 1.92359
82000 0.0281873 1.95178
83000 0.0283153 1.98009
84000 0.0285878 2.00868
85000 0.0285106 2.03719
86000 0.0284517 2.06564
87000 0.0284712 2.09411
88000 0.0288149 2.12293
89000 0.0288488 2.15178
90000 0.028727 2.1805
91000 0.02871 2.20921
92000 0.0287745 2.23799
93000 0.028732 2.26672
94000 0.0285958 2.29532
95000 0.0288952 2.32421
96000 0.0290566 2.35327
97000 0.028991 2.38226
98000 0.0291107 2.41137
99000 0.0289897 2.44036
100000 0.0290426 2.4694
101000 0.0291026 2.4985
102000 0.028972 2.52748
103000 0.0290895 2.55657
104000 0.0290911 2.58566
105000 0.0294253 2.61508
106000 0.0296193 2.6447
107000 0.0294557 2.67416
108000 0.0294075 2.70356
109000 0.0294331 2.733
110000 0.0296194 2.76262
111000 0.0298743 2.79249
112000 0.0298111 2.8223
113000 0.0298551 2.85216
114000 0.0298371 2.88199
115000 0.0297478 2.91174
116000 0.0298506 2.94159
117000 0.0301264 2.97172
118000 0.0302954 3.00202
119000 0.0300586 3.03207
120000 0.0301514 3.06223
121000 0.0298755 3.0921
122000 0.0303052 3.12241
123000 0.0302719 3.15268
124000 0.0323286 3.18501
125000 0.0304758 3.21548
126000 0.0304146 3.2459
127000 0.0305117 3.27641
128000 0.0307553 3.30716
129000 0.0357135 3.34288
130000 0.030655 3.37353
131000 0.0307785 3.40431
132000 0.0308007 3.43511
133000 0.0309316 3.46604
134000 0.0307611 3.4968
135000 0.0310278 3.52783
136000 0.0311396 3.55897
137000 0.0310951 3.59007
138000 0.0310693 3.62114
139000 0.0311622 3.6523
140000 0.0324916 3.68479
141000 0.0319275 3.71672
142000 0.0317098 3.74843
143000 0.0314936 3.77992
144000 0.0314659 3.81139
145000 0.0315082 3.84289
146000 0.0317211 3.87462
147000 0.0315707 3.90619
148000 0.0315509 3.93774
149000 0.0315122 3.96925
150000 0.0318141 4.00106
151000 0.0318222 4.03289
152000 0.0317998 4.06469
153000 0.0320297 4.09672
154000 0.0315564 4.12827
155000 0.0318485 4.16012
156000 0.0317483 4.19187
157000 0.0320606 4.22393
158000 0.0351635 4.25909
159000 0.0322222 4.29131
160000 0.0322717 4.32359
161000 0.0318911 4.35548
162000 0.0319317 4.38741
163000 0.031789 4.4192
164000 0.0322624 4.45146
165000 0.032107 4.48357
166000 0.0321891 4.51576
167000 0.0321521 4.54791
168000 0.0322577 4.58017
169000 0.0319003 4.61207
170000 0.0329301 4.645
171000 0.0329299 4.67793
172000 0.0322915 4.71022
173000 0.0324258 4.74264
174000 0.0328724 4.77552
175000 0.0326576 4.80817
176000 0.0326525 4.84083
177000 0.0323596 4.87319
178000 0.0324228 4.90561
179000 0.0324649 4.93807
180000 0.0325132 4.97059
181000 0.0328703 5.00346
182000 0.0324912 5.03595
183000 0.0323557 5.0683
184000 0.0325896 5.10089
185000 0.0325851 5.13348
186000 0.0326281 5.16611
187000 0.0329201 5.19903
188000 0.0328177 5.23184
189000 0.032621 5.26447
190000 0.0325011 5.29697
191000 0.0325905 5.32956
192000 0.0324023 5.36196
193000 0.0327932 5.39475
194000 0.0329027 5.42766
195000 0.0329257 5.46058
196000 0.0328617 5.49344
197000 0.0328551 5.5263
198000 0.0325981 5.5589
199000 0.0329675 5.59186
200000 0.0329747 5.62484
201000 0.0331251 5.65796
202000 0.0331598 5.69112
203000 0.0332721 5.7244
204000 0.0332546 5.75765
205000 0.0332015 5.79085
206000 0.0336213 5.82447
207000 0.0332155 5.85769
208000 0.0332549 5.89094
209000 0.0330663 5.92401
210000 0.0334925 5.9575
211000 0.0334483 5.99095
212000 0.0333479 6.0243
213000 0.0335032 6.0578
214000 0.0336189 6.09142
215000 0.0336358 6.12506
216000 0.0335876 6.15864
217000 0.0338867 6.19253
218000 0.0337286 6.22626
219000 0.0337104 6.25997
220000 0.033682 6.29365
221000 0.0341114 6.32776
222000 0.0336441 6.36141
223000 0.0339584 6.39537
224000 0.0339353 6.4293
225000 0.0356392 6.46494
226000 0.0340455 6.49899
227000 0.0341131 6.5331
228000 0.0343439 6.56744
229000 0.0339961 6.60144
230000 0.0346081 6.63605
231000 0.0342138 6.67026
232000 0.0363342 6.70659
233000 0.0341042 6.7407
234000 0.0384746 6.77917
235000 0.0343463 6.81352
236000 0.0347383 6.84826
237000 0.0344397 6.8827
238000 0.0341451 6.91684
239000 0.0344248 6.95127
240000 0.0343916 6.98566
241000 0.0348311 7.02049
242000 0.0343412 7.05483
243000 0.0345021 7.08933
244000 0.034512 7.12385
245000 0.0342783 7.15812
246000 0.0347672 7.19289
247000 0.0347496 7.22764
248000 0.0349089 7.26255
249000 0.0348048 7.29735
250000 0.0348953 7.33225
251000 0.0347703 7.36702
252000 0.0344373 7.40146
253000 0.0347691 7.43623
254000 0.0346431 7.47087
255000 0.0346447 7.50551
256000 0.0350924 7.54061
257000 0.0349911 7.5756
258000 0.0346149 7.61021
259000 0.0348303 7.64504
260000 0.0350081 7.68005
261000 0.0352668 7.71532
262000 0.0351724 7.75049
Inserting
1000 0.00882147 0.00882155
2000 0.0112738 0.0200954
3000 0.0131878 0.0332831
4000 0.0144885 0.0477717
5000 0.0155215 0.0632931
6000 0.0160597 0.0793528
7000 0.0170214 0.0963742
8000 0.0176104 0.113985
9000 0.017898 0.131883
10000 0.0187492 0.150632
11000 0.0188313 0.169463
12000 0.0190165 0.18848
13000 0.0193165 0.207796
14000 0.0196072 0.227403
15000 0.0198344 0.247238
16000 0.0199998 0.267238
17000 0.020207 0.287445
18000 0.0205168 0.307961
19000 0.0208464 0.328808
20000 0.0210255 0.349833
21000 0.0213995 0.371233
22000 0.0216529 0.392886
23000 0.0218875 0.414773
24000 0.0220228 0.436796
25000 0.0221441 0.45894
26000 0.0224535 0.481394
27000 0.0224673 0.503861
28000 0.022718 0.526579
29000 0.0229789 0.549558
30000 0.0231894 0.572747
31000 0.023566 0.596313
32000 0.0237493 0.620062
33000 0.0236596 0.643722
34000 0.0241894 0.667911
35000 0.0243782 0.69229
36000 0.0242688 0.716558
37000 0.0244523 0.741011
38000 0.0244837 0.765494
39000 0.0241789 0.789673
40000 0.0248733 0.814547
41000 0.0249693 0.839516
42000 0.0249903 0.864506
43000 0.025064 0.88957
44000 0.0254198 0.91499
45000 0.0265434 0.941534
46000 0.025507 0.967041
47000 0.0255027 0.992543
48000 0.0255579 1.0181
49000 0.0256614 1.04376
50000 0.0258337 1.0696
51000 0.0258948 1.09549
52000 0.0263333 1.12182
53000 0.0262547 1.14808
54000 0.0258626 1.17394
55000 0.0267605 1.2007
56000 0.0263339 1.22704
57000 0.0269897 1.25403
58000 0.0263207 1.28035
59000 0.0266863 1.30703
60000 0.0270404 1.33407
61000 0.0271606 1.36123
62000 0.0272891 1.38852
63000 0.0269393 1.41546
64000 0.0270464 1.44251
65000 0.0274754 1.46998
66000 0.0272032 1.49719
67000 0.0272415 1.52443
68000 0.027574 1.552
69000 0.0271552 1.57916
70000 0.0276761 1.60683
71000 0.027486 1.63432
72000 0.0275212 1.66184
73000 0.0276581 1.6895
74000 0.0276407 1.71714
75000 0.0274437 1.74458
76000 0.0280225 1.77261
77000 0.0279889 1.80059
78000 0.0281648 1.82876
79000 0.028252 1.85701
80000 0.0279281 1.88494
81000 0.02814 1.91308
82000 0.0282499 1.94133
83000 0.0282513 1.96958
84000 0.0283108 1.99789
85000 0.0285675 2.02646
86000 0.0285437 2.055
87000 0.02861 2.08361
88000 0.0287456 2.11236
89000 0.0289046 2.14126
90000 0.0287678 2.17003
91000 0.0289479 2.19898
92000 0.0292346 2.22821
93000 0.0295388 2.25775
94000 0.0303301 2.28808
95000 0.028807 2.31689
96000 0.0291708 2.34606
97000 0.0302793 2.37634
98000 0.030854 2.40719
99000 0.0295398 2.43673
100000 0.0304363 2.46717
101000 0.0306569 2.49783
102000 0.0311455 2.52897
103000 0.0314523 2.56042
104000 0.0316158 2.59204
105000 0.0317117 2.62375
106000 0.0317338 2.65549
107000 0.0319048 2.68739
108000 0.0319507 2.71934
109000 0.0319578 2.7513
110000 0.032136 2.78343
111000 0.0322754 2.81571
112000 0.0322111 2.84792
113000 0.0326519 2.88057
114000 0.0324083 2.91298
115000 0.0325519 2.94553
116000 0.0327947 2.97833
117000 0.0328003 3.01113
118000 0.0324899 3.04362
119000 0.0326404 3.07626
120000 0.0333548 3.10961
121000 0.0326631 3.14228
122000 0.0402814 3.18256
123000 0.0334447 3.216
124000 0.0326298 3.24863
125000 0.0330734 3.28171
126000 0.033446 3.31515
127000 0.0336786 3.34883
128000 0.0331131 3.38194
129000 0.0389722 3.42092
130000 0.0343025 3.45522
131000 0.0347818 3.49
132000 0.0339125 3.52391
133000 0.03286 3.55677
134000 0.031215 3.58799
135000 0.032399 3.62039
136000 0.0329503 3.65334
137000 0.032238 3.68557
138000 0.0311577 3.71673
139000 0.0312254 3.74796
140000 0.0314121 3.77937
141000 0.0315992 3.81097
142000 0.0313297 3.8423
143000 0.0314543 3.87375
144000 0.0313769 3.90513
145000 0.0317495 3.93688
146000 0.0323085 3.96919
147000 0.031537 4.00072
148000 0.0315003 4.03223
149000 0.0316722 4.0639
150000 0.0319122 4.09581
151000 0.0320163 4.12783
152000 0.0320706 4.1599
153000 0.0321324 4.19203
154000 0.0314197 4.22345
155000 0.0317917 4.25524
156000 0.0317349 4.28698
157000 0.0321628 4.31914
158000 0.0319057 4.35104
159000 0.0318449 4.38289
160000 0.0321624 4.41505
161000 0.0319499 4.447
162000 0.0322288 4.47923
163000 0.0321593 4.51139
164000 0.032401 4.54379
165000 0.0335038 4.57729
166000 0.0359525 4.61325
167000 0.0320566 4.6453
168000 0.0324605 4.67776
169000 0.0320098 4.70977
170000 0.0323998 4.74217
171000 0.034469 4.77664
172000 0.0324876 4.80913
173000 0.0323521 4.84148
174000 0.0330343 4.87452
175000 0.0344106 4.90893
176000 0.0346526 4.94358
177000 0.0332229 4.9768
178000 0.0356357 5.01244
179000 0.0338372 5.04628
180000 0.0336138 5.07989
181000 0.0329833 5.11287
182000 0.0324649 5.14534
183000 0.0327431 5.17808
184000 0.0328051 5.21089
185000 0.0330421 5.24393
186000 0.0328263 5.27675
187000 0.0330161 5.30977
188000 0.0330613 5.34283
189000 0.0327422 5.37557
190000 0.0326947 5.40827
191000 0.0327024 5.44097
192000 0.0327655 5.47374
193000 0.0328343 5.50657
194000 0.0329787 5.53955
195000 0.0331149 5.57266
196000 0.0333778 5.60604
197000 0.033042 5.63908
198000 0.0328907 5.67197
199000 0.0368634 5.70884
200000 0.0330879 5.74193
201000 0.0329855 5.77491
202000 0.0332312 5.80814
203000 0.0342496 5.84239
204000 0.0360932 5.87849
205000 0.0376608 5.91615
206000 0.0385818 5.95473
207000 0.0361371 5.99086
208000 0.0346066 6.02547
209000 0.0353272 6.0608
210000 0.0361083 6.09691
211000 0.0359891 6.1329
212000 0.0354735 6.16837
213000 0.0342025 6.20257
214000 0.0341402 6.23671
215000 0.0342951 6.27101
216000 0.034421 6.30543
217000 0.0339818 6.33941
218000 0.0340517 6.37346
219000 0.0341746 6.40764
220000 0.034085 6.44172
221000 0.0340166 6.47574
222000 0.0339477 6.50969
223000 0.0339929 6.54368
224000 0.0339923 6.57767
225000 0.0346691 6.61234
226000 0.0345719 6.64691
227000 0.0341858 6.6811
228000 0.0340055 6.7151
229000 0.034051 6.74915
230000 0.0339537 6.78311
231000 0.0342052 6.81731
232000 0.038811 6.85612
233000 0.0398096 6.89593
234000 0.034431 6.93036
235000 0.0341749 6.96454
236000 0.0342984 6.99884
237000 0.034508 7.03335
238000 0.0345032 7.06785
239000 0.0343668 7.10222
240000 0.0344583 7.13667
241000 0.0344175 7.17109
242000 0.0345327 7.20562
243000 0.0345242 7.24015
244000 0.0344585 7.27461
245000 0.0343844 7.30899
246000 0.0347155 7.34371
247000 0.034752 7.37846
248000 0.034363 7.41282
249000 0.0351213 7.44794
250000 0.0346712 7.48261
251000 0.0346026 7.51722
252000 0.0345299 7.55175
253000 0.0343634 7.58611
254000 0.0387323 7.62484
255000 0.0348724 7.65972
256000 0.0353366 7.69505
257000 0.0347633 7.72981
258000 0.0345503 7.76437
259000 0.0349974 7.79936
260000 0.035248 7.83461
261000 0.0351614 7.86977
262000 0.0345191 7.90429
