CQ
Inserting
1000 0.0102553 0.0102554
2000 0.0135113 0.0237666
3000 0.0153619 0.0391285
4000 0.0165713 0.0556998
5000 0.0178422 0.073542
6000 0.0188448 0.0923869
7000 0.0194534 0.11184
8000 0.0197053 0.131546
9000 0.0203727 0.151918
10000 0.0208318 0.17275
11000 0.0215131 0.194263
12000 0.0216663 0.215929
13000 0.0222863 0.238216
14000 0.0227949 0.261011
15000 0.022812 0.283823
16000 0.0233213 0.307144
17000 0.023493 0.330637
18000 0.0239721 0.354609
19000 0.0243637 0.378973
20000 0.0244837 0.403457
21000 0.0247336 0.42819
22000 0.0250624 0.453253
23000 0.0251867 0.478439
24000 0.0254956 0.503935
25000 0.0256722 0.529607
26000 0.0261853 0.555792
27000 0.0261918 0.581984
28000 0.0266103 0.608594
29000 0.0267584 0.635353
30000 0.02702 0.662373
31000 0.0272419 0.689615
32000 0.0273897 0.717004
33000 0.0275092 0.744514
34000 0.0280144 0.772528
35000 0.0285026 0.801031
36000 0.0281094 0.82914
37000 0.0285425 0.857682
38000 0.0284079 0.88609
39000 0.0287695 0.91486
40000 0.0282929 0.943153
41000 0.0286415 0.971794
42000 0.0290172 1.00081
43000 0.0292403 1.03005
44000 0.0294634 1.05951
45000 0.029646 1.08916
46000 0.02964 1.1188
47000 0.029966 1.14877
48000 0.0297859 1.17855
49000 0.0297749 1.20833
50000 0.0298849 1.23821
51000 0.0308163 1.26903
52000 0.0302855 1.29931
53000 0.0302006 1.32952
54000 0.0308541 1.36037
55000 0.0305665 1.39094
56000 0.0307033 1.42164
57000 0.0309352 1.45257
58000 0.0311197 1.48369
59000 0.0314281 1.51512
60000 0.0316178 1.54674
61000 0.0315658 1.57831
62000 0.0317375 1.61004
63000 0.0319902 1.64203
64000 0.031741 1.67377
65000 0.0319374 1.70571
66000 0.0319896 1.7377
67000 0.031934 1.76964
68000 0.0322516 1.80189
69000 0.032963 1.83485
70000 0.0320994 1.86695
71000 0.0320884 1.89904
72000 0.032359 1.9314
73000 0.0320912 1.96349
74000 0.0321048 1.99559
75000 0.0323483 2.02794
76000 0.0322745 2.06022
77000 0.0324111 2.09263
78000 0.0323819 2.12501
79000 0.0324382 2.15745
80000 0.0325028 2.18995
81000 0.0324573 2.22241
82000 0.0324981 2.2549
83000 0.0327802 2.28769
84000 0.0329849 2.32067
85000 0.0331436 2.35381
86000 0.0332631 2.38708
87000 0.0331974 2.42027
88000 0.0335054 2.45378
89000 0.0335279 2.48731
90000 0.0335203 2.52083
91000 0.0339618 2.55479
92000 0.0334873 2.58828
93000 0.0338563 2.62213
94000 0.0335734 2.65571
95000 0.0344591 2.69017
96000 0.0346562 2.72482
97000 0.0341184 2.75894
98000 0.034059 2.793
99000 0.0340235 2.82702
100000 0.0340831 2.86111
101000 0.0341979 2.8953
102000 0.0342542 2.92956
103000 0.0344691 2.96403
104000 0.0345252 2.99855
105000 0.0343833 3.03294
106000 0.0344995 3.06744
107000 0.0346529 3.10209
108000 0.0349116 3.137
109000 0.0349346 3.17193
110000 0.0355713 3.20751
111000 0.0349096 3.24242
112000 0.0348456 3.27726
113000 0.0348379 3.3121
114000 0.0354747 3.34757
115000 0.0351569 3.38273
116000 0.0353851 3.41812
117000 0.0350865 3.4532
118000 0.0353003 3.4885
119000 0.0351896 3.52369
120000 0.0355637 3.55926
121000 0.0353648 3.59462
122000 0.0354553 3.63008
123000 0.0353995 3.66548
124000 0.0353223 3.7008
125000 0.0355998 3.7364
126000 0.0356346 3.77203
127000 0.0357221 3.80775
128000 0.0354626 3.84322
129000 0.0356881 3.8789
130000 0.0357406 3.91465
131000 0.0355547 3.9502
132000 0.0359934 3.98619
133000 0.0361872 4.02238
134000 0.0359355 4.05832
135000 0.0360083 4.09432
136000 0.0360431 4.13037
137000 0.0360671 4.16643
138000 0.0360658 4.2025
139000 0.0360419 4.23854
140000 0.0360178 4.27456
141000 0.0362249 4.31078
142000 0.0365356 4.34732
143000 0.0361915 4.38351
144000 0.0368355 4.42035
145000 0.0365989 4.45695
146000 0.036814 4.49376
147000 0.0367986 4.53056
148000 0.0367739 4.56733
149000 0.0369074 4.60424
150000 0.0367868 4.64103
151000 0.0366431 4.67767
152000 0.0370021 4.71467
153000 0.0370922 4.75176
154000 0.0368897 4.78865
155000 0.0369397 4.82559
156000 0.0366911 4.86229
157000 0.0367977 4.89908
158000 0.0369044 4.93599
159000 0.0369637 4.97295
160000 0.037056 5.01001
161000 0.0371391 5.04715
162000 0.0372496 5.0844
163000 0.037289 5.12168
164000 0.0372986 5.15898
165000 0.0378747 5.19686
166000 0.0375967 5.23445
167000 0.0374888 5.27194
168000 0.0371954 5.30914
169000 0.0376367 5.34678
170000 0.0371465 5.38392
171000 0.0374151 5.42134
172000 0.0376808 5.45902
173000 0.0379144 5.49693
174000 0.0376093 5.53454
175000 0.0374852 5.57203
176000 0.0373944 5.60942
177000 0.0375517 5.64697
178000 0.0376651 5.68464
179000 0.037847 5.72249
180000 0.038228 5.76071
181000 0.0376979 5.79841
182000 0.0380457 5.83646
183000 0.0375977 5.87405
184000 0.0376817 5.91174
185000 0.0376609 5.9494
186000 0.0379505 5.98735
187000 0.0379237 6.02527
188000 0.0378898 6.06316
189000 0.0385509 6.10171
190000 0.0381163 6.13983
191000 0.0380924 6.17792
192000 0.0380293 6.21595
193000 0.0393733 6.25532
194000 0.0382748 6.2936
195000 0.0383447 6.33194
196000 0.0383682 6.37031
197000 0.0381808 6.40849
198000 0.0382828 6.44677
199000 0.0393686 6.48614
200000 0.0471169 6.53326
201000 0.0465241 6.57978
202000 0.0417227 6.62151
203000 0.0404162 6.66192
204000 0.0388137 6.70074
205000 0.0401152 6.74085
206000 0.0386839 6.77954
207000 0.038959 6.81849
208000 0.0388186 6.85731
209000 0.0386628 6.89598
210000 0.038786 6.93476
211000 0.0387543 6.97352
212000 0.0386724 7.01219
213000 0.0387533 7.05094
214000 0.0388632 7.08981
215000 0.0390009 7.12881
216000 0.0389031 7.16771
217000 0.038757 7.20647
218000 0.0390399 7.24551
219000 0.0390349 7.28454
220000 0.0392124 7.32375
221000 0.0388784 7.36263
222000 0.0390465 7.40168
223000 0.0390313 7.44071
224000 0.038995 7.4797
225000 0.0407423 7.52045
226000 0.0393605 7.55981
227000 0.0402173 7.60002
228000 0.0400436 7.64007
229000 0.0394762 7.67954
230000 0.0401671 7.71971
231000 0.0395065 7.75922
232000 0.0396547 7.79887
233000 0.0395999 7.83847
234000 0.0395583 7.87803
235000 0.0395985 7.91763
236000 0.0393698 7.957
237000 0.0398571 7.99686
238000 0.0396245 8.03648
239000 0.0401759 8.07666
240000 0.0395998 8.11626
241000 0.0397323 8.15599
242000 0.0395528 8.19554
243000 0.0401136 8.23566
244000 0.0399906 8.27565
245000 0.0399129 8.31556
246000 0.0396372 8.3552
247000 0.0398436 8.39504
248000 0.0397691 8.43481
249000 0.0397666 8.47458
250000 0.0398859 8.51446
251000 0.0398195 8.55428
252000 0.0403278 8.59461
253000 0.0402915 8.6349
254000 0.0398566 8.67476
255000 0.0399639 8.71472
256000 0.040277 8.755
257000 0.0398424 8.79484
258000 0.0400473 8.83489
259000 0.0412257 8.87611
260000 0.0401306 8.91624
261000 0.0398475 8.95609
262000 0.0404997 8.99659
Inserting
1000 0.0101378 0.0101379
2000 0.0134449 0.0235827
3000 0.0150164 0.0385992
4000 0.0166 0.0551991
5000 0.017694 0.0728931
6000 0.0186474 0.0915405
7000 0.0191337 0.110674
8000 0.0196708 0.130345
9000 0.0203908 0.150736
10000 0.0209436 0.171679
11000 0.0217279 0.193407
12000 0.0218469 0.215254
13000 0.0225501 0.237804
14000 0.0227699 0.260574
15000 0.0229066 0.283481
16000 0.0233702 0.306851
17000 0.0236168 0.330468
18000 0.0242641 0.354732
19000 0.0242527 0.378985
20000 0.0246929 0.403677
21000 0.0247088 0.428386
22000 0.0252097 0.453596
23000 0.0252947 0.478891
24000 0.0253713 0.504262
25000 0.0257521 0.530014
26000 0.0259801 0.555994
27000 0.0262442 0.582238
28000 0.0263482 0.608587
29000 0.0267606 0.635347
30000 0.027112 0.662459
31000 0.0274745 0.689934
32000 0.0273793 0.717313
33000 0.0276195 0.744933
34000 0.0276664 0.772599
35000 0.02818 0.800779
36000 0.0282002 0.828979
37000 0.0284299 0.857409
38000 0.0283544 0.885763
39000 0.0288509 0.914614
40000 0.0287198 0.943334
41000 0.0287438 0.972078
42000 0.0291023 1.00118
43000 0.0294611 1.03064
44000 0.0295644 1.06021
45000 0.0297477 1.08995
46000 0.0302399 1.12019
47000 0.0306705 1.15086
48000 0.0298474 1.18071
49000 0.0299929 1.2107
50000 0.0299525 1.24066
51000 0.0300047 1.27066
52000 0.0301203 1.30078
53000 0.0304131 1.33119
54000 0.0299855 1.36118
55000 0.0299283 1.39111
56000 0.0310319 1.42214
57000 0.0308954 1.45304
58000 0.0311177 1.48415
59000 0.0312375 1.51539
60000 0.0314112 1.5468
61000 0.0348739 1.58168
62000 0.031913 1.61359
63000 0.0320085 1.6456
64000 0.0316211 1.67722
65000 0.0320704 1.70929
66000 0.0319931 1.74128
67000 0.0327996 1.77408
68000 0.0321357 1.80622
69000 0.0323605 1.83858
70000 0.0319956 1.87057
71000 0.0319501 1.90252
72000 0.0331443 1.93567
73000 0.0321865 1.96785
74000 0.0322569 2.00011
75000 0.0324409 2.03255
76000 0.0328124 2.06536
77000 0.0327504 2.09811
78000 0.0325032 2.13062
79000 0.0326629 2.16328
80000 0.0328616 2.19614
81000 0.0327289 2.22887
82000 0.0329034 2.26177
83000 0.0328157 2.29459
84000 0.0328011 2.32739
85000 0.0332327 2.36062
86000 0.0330922 2.39372
87000 0.0332836 2.427
88000 0.0335656 2.46057
89000 0.0332974 2.49386
90000 0.0335428 2.52741
91000 0.0342633 2.56167
92000 0.0335639 2.59523
93000 0.0337999 2.62903
94000 0.0337598 2.66279
95000 0.0338836 2.69668
96000 0.0338347 2.73051
97000 0.0340402 2.76455
98000 0.0341617 2.79871
99000 0.0341191 2.83283
100000 0.0342966 2.86713
101000 0.0341512 2.90128
102000 0.0343397 2.93562
103000 0.0343251 2.96994
104000 0.0345566 3.0045
105000 0.0345769 3.03908
106000 0.0353471 3.07443
107000 0.0349777 3.1094
108000 0.0348987 3.1443
109000 0.0349011 3.1792
110000 0.034831 3.21403
111000 0.0350101 3.24904
112000 0.0352085 3.28425
113000 0.0350289 3.31928
114000 0.0352573 3.35454
115000 0.0360353 3.39057
116000 0.0360426 3.42662
117000 0.0355537 3.46217
118000 0.0351463 3.49732
119000 0.0355794 3.5329
120000 0.0362292 3.56913
121000 0.0364179 3.60554
122000 0.0361072 3.64165
123000 0.0359847 3.67764
124000 0.0359864 3.71362
125000 0.0356558 3.74928
126000 0.0357535 3.78503
127000 0.0366313 3.82166
128000 0.0363687 3.85803
129000 0.0362355 3.89427
130000 0.0364892 3.93076
131000 0.0365742 3.96733
132000 0.0385089 4.00584
133000 0.0363042 4.04214
134000 0.0363594 4.0785
135000 0.0362521 4.11475
136000 0.0367792 4.15153
137000 0.0366144 4.18815
138000 0.0369925 4.22514
139000 0.0360842 4.26122
140000 0.0368216 4.29805
141000 0.0367194 4.33477
142000 0.037466 4.37223
143000 0.0374134 4.40964
144000 0.0366227 4.44627
145000 0.0365625 4.48283
146000 0.0370323 4.51986
147000 0.0375492 4.55741
148000 0.0368841 4.5943
149000 0.0374264 4.63172
150000 0.0377192 4.66944
151000 0.0372805 4.70672
152000 0.0373756 4.7441
153000 0.0375016 4.7816
154000 0.0376199 4.81922
155000 0.0378617 4.85708
156000 0.0373079 4.89439
157000 0.0371911 4.93158
158000 0.0375005 4.96908
159000 0.0379452 5.00703
160000 0.0376913 5.04472
161000 0.03778 5.0825
162000 0.0374836 5.11998
163000 0.0375506 5.15753
164000 0.0376723 5.1952
165000 0.0377757 5.23298
166000 0.037807 5.27079
167000 0.0373482 5.30813
168000 0.0378935 5.34603
169000 0.0379149 5.38394
170000 0.0377916 5.42173
171000 0.0375182 5.45925
172000 0.038025 5.49728
173000 0.0379606 5.53524
174000 0.0384585 5.5737
175000 0.0377064 5.6114
176000 0.0376176 5.64902
177000 0.0382695 5.68729
178000 0.0382402 5.72553
179000 0.0385375 5.76407
180000 0.0389908 5.80306
181000 0.0380938 5.84115
182000 0.0381468 5.8793
183000 0.0382587 5.91756
184000 0.0384124 5.95597
185000 0.037966 5.99394
186000 0.0387904 6.03273
187000 0.0384897 6.07122
188000 0.0383439 6.10956
189000 0.0384143 6.14797
190000 0.038646 6.18662
191000 0.0384258 6.22505
192000 0.0383625 6.26341
193000 0.0385834 6.30199
194000 0.0386843 6.34068
195000 0.0385171 6.37919
196000 0.0390172 6.41821
197000 0.0385973 6.45681
198000 0.0386233 6.49543
199000 0.0390267 6.53446
200000 0.0423297 6.57679
201000 0.0386983 6.61549
202000 0.038685 6.65417
203000 0.0387291 6.6929
204000 0.0389879 6.73189
205000 0.0392712 6.77116
206000 0.0393556 6.81052
207000 0.0393518 6.84987
208000 0.0391774 6.88904
209000 0.0390741 6.92812
210000 0.0389107 6.96703
211000 0.0389041 7.00593
212000 0.0391889 7.04512
213000 0.0392854 7.08441
214000 0.0390267 7.12343
215000 0.0392002 7.16263
216000 0.0396067 7.20224
217000 0.039041 7.24128
218000 0.0390947 7.28038
219000 0.0392075 7.31958
220000 0.0397782 7.35936
221000 0.0392813 7.39864
222000 0.0390948 7.43774
223000 0.0391303 7.47687
224000 0.0390145 7.51588
225000 0.0391673 7.55505
226000 0.0394251 7.59448
227000 0.0396199 7.6341
228000 0.0399744 7.67407
229000 0.040105 7.71418
230000 0.0395834 7.75376
231000 0.0396485 7.79341
232000 0.0400461 7.83345
233000 0.0402044 7.87366
234000 0.03986 7.91352
235000 0.0398151 7.95333
236000 0.0397582 7.99309
237000 0.0396385 8.03273
238000 0.0406073 8.07334
239000 0.0404322 8.11377
240000 0.0399779 8.15375
241000 0.0401695 8.19392
242000 0.0397209 8.23364
243000 0.0401839 8.27382
244000 0.0406468 8.31447
245000 0.0403016 8.35477
246000 0.0401847 8.39495
247000 0.0402159 8.43517
248000 0.0404712 8.47564
249000 0.0405909 8.51623
250000 0.0399641 8.5562
251000 0.040442 8.59664
252000 0.0408714 8.63751
253000 0.04084 8.67835
254000 0.0401504 8.7185
255000 0.0406256 8.75913
256000 0.0405172 8.79964
257000 0.0404341 8.84008
258000 0.0406303 8.88071
259000 0.0405843 8.92129
260000 0.0404792 8.96177
261000 0.0405589 9.00233
262000 0.0401831 9.04251
Inserting
1000 0.0101887 0.0101887
2000 0.0138514 0.0240402
3000 0.015826 0.0398662
4000 0.0168501 0.0567162
5000 0.0177858 0.074502
6000 0.0187568 0.0932588
7000 0.0201713 0.11343
8000 0.0199916 0.133422
9000 0.0208273 0.154249
10000 0.0214277 0.175677
11000 0.021801 0.197478
12000 0.0220671 0.219545
13000 0.0229809 0.242526
14000 0.0228239 0.26535
15000 0.0230384 0.288388
16000 0.0236625 0.312051
17000 0.0239399 0.33599
18000 0.0243998 0.36039
19000 0.0245375 0.384928
20000 0.0249713 0.409899
21000 0.0251611 0.43506
22000 0.0252813 0.460341
23000 0.0250792 0.485421
24000 0.0256328 0.511053
25000 0.0257751 0.536828
26000 0.0260881 0.562917
27000 0.0263047 0.589221
28000 0.0266216 0.615843
29000 0.0272999 0.643143
30000 0.0272613 0.670404
31000 0.0278678 0.698272
32000 0.0277067 0.725979
33000 0.0280778 0.754056
34000 0.027959 0.782015
35000 0.0291312 0.811147
36000 0.0283402 0.839487
37000 0.0287338 0.868221
38000 0.0289388 0.897159
39000 0.0285986 0.925758
40000 0.028734 0.954492
41000 0.0286765 0.983168
42000 0.0289788 1.01215
43000 0.0293264 1.04147
44000 0.0296971 1.07117
45000 0.0297969 1.10097
46000 0.030418 1.13139
47000 0.0308865 1.16227
48000 0.0300712 1.19234
49000 0.0303031 1.22265
50000 0.0299337 1.25258
51000 0.0302634 1.28284
52000 0.0298984 1.31274
53000 0.0302704 1.34301
54000 0.0306284 1.37364
55000 0.0307156 1.40436
56000 0.0310043 1.43536
57000 0.0311948 1.46656
58000 0.0313786 1.49793
59000 0.0318673 1.5298
60000 0.0318356 1.56164
61000 0.0351949 1.59683
62000 0.0315963 1.62843
63000 0.0320598 1.66049
64000 0.0327838 1.69327
65000 0.0324356 1.72571
66000 0.0321564 1.75786
67000 0.0324138 1.79028
68000 0.0321143 1.82239
69000 0.0329977 1.85539
70000 0.0324156 1.88781
71000 0.0324957 1.9203
72000 0.0335343 1.95384
73000 0.0326184 1.98645
74000 0.0326782 2.01913
75000 0.0327599 2.05189
76000 0.0325166 2.08441
77000 0.0326258 2.11703
78000 0.0332513 2.15029
79000 0.0326438 2.18293
80000 0.032711 2.21564
81000 0.0331201 2.24876
82000 0.0330543 2.28181
83000 0.0334129 2.31523
84000 0.0332159 2.34844
85000 0.0335858 2.38203
86000 0.033812 2.41584
87000 0.033741 2.44958
88000 0.0336323 2.48321
89000 0.0336679 2.51688
90000 0.0338479 2.55073
91000 0.0338993 2.58463
92000 0.0342211 2.61885
93000 0.0338306 2.65268
94000 0.0342297 2.68691
95000 0.0343729 2.72128
96000 0.0342058 2.75549
97000 0.0342621 2.78975
98000 0.0344451 2.8242
99000 0.0345646 2.85876
100000 0.034743 2.8935
101000 0.0348025 2.92831
102000 0.034684 2.96299
103000 0.0353171 2.99831
104000 0.0350467 3.03336
105000 0.0346622 3.06802
106000 0.0351147 3.10313
107000 0.0350861 3.13822
108000 0.0352852 3.1735
109000 0.0350355 3.20854
110000 0.0353384 3.24388
111000 0.0348415 3.27872
112000 0.0352033 3.31392
113000 0.0360246 3.34995
114000 0.0353646 3.38531
115000 0.0356626 3.42097
116000 0.0355954 3.45657
117000 0.0356449 3.49221
118000 0.0354324 3.52765
119000 0.0356341 3.56328
120000 0.0359404 3.59922
121000 0.0360221 3.63524
122000 0.0367603 3.672
123000 0.0374121 3.70942
124000 0.0367559 3.74617
125000 0.0365601 3.78273
126000 0.0359999 3.81873
127000 0.0366839 3.85542
128000 0.0364476 3.89186
129000 0.0365179 3.92838
130000 0.0361023 3.96448
131000 0.0361969 4.00068
132000 0.0364696 4.03715
133000 0.0362947 4.07344
134000 0.0363838 4.10983
135000 0.0371267 4.14695
136000 0.0364411 4.1834
137000 0.0365355 4.21993
138000 0.0367538 4.25669
139000 0.0364383 4.29312
140000 0.0366857 4.32981
141000 0.036953 4.36676
142000 0.0368659 4.40363
143000 0.0377667 4.44139
144000 0.0370959 4.47849
145000 0.0369455 4.51544
146000 0.0370897 4.55253
147000 0.0370287 4.58955
148000 0.0373209 4.62688
149000 0.0376306 4.66451
150000 0.0371425 4.70165
151000 0.0373351 4.73898
152000 0.037403 4.77639
153000 0.0377328 4.81412
154000 0.037635 4.85175
155000 0.0374976 4.88925
156000 0.0372079 4.92646
157000 0.0376692 4.96413
158000 0.0375803 5.00171
159000 0.0375566 5.03927
160000 0.037917 5.07718
161000 0.0378213 5.115
162000 0.0376756 5.15268
163000 0.0376798 5.19036
164000 0.0375627 5.22792
165000 0.0374099 5.26533
166000 0.03757 5.3029
167000 0.0376907 5.34059
168000 0.0379332 5.37853
169000 0.0379679 5.41649
170000 0.0377181 5.45421
171000 0.0375628 5.49178
172000 0.0380137 5.52979
173000 0.0378266 5.56762
174000 0.0379086 5.60552
175000 0.0377322 5.64326
176000 0.0380761 5.68133
177000 0.038428 5.71976
178000 0.0379237 5.75768
179000 0.0383444 5.79603
180000 0.0391208 5.83515
181000 0.038907 5.87406
182000 0.0385153 5.91257
183000 0.0380628 5.95063
184000 0.0380884 5.98872
185000 0.0381713 6.02689
186000 0.0412456 6.06814
187000 0.0384775 6.10662
188000 0.0383588 6.14498
189000 0.038479 6.18346
190000 0.0387631 6.22222
191000 0.038505 6.26072
192000 0.0383643 6.29909
193000 0.0387848 6.33787
194000 0.0390561 6.37693
195000 0.0388234 6.41575
196000 0.0387554 6.45451
197000 0.0387106 6.49322
198000 0.0386432 6.53186
199000 0.0388487 6.57071
200000 0.0390458 6.60976
201000 0.038747 6.6485
202000 0.0387755 6.68728
203000 0.0389782 6.72626
204000 0.0391991 6.76546
205000 0.0390266 6.80448
206000 0.0388855 6.84337
207000 0.0401098 6.88348
208000 0.0414614 6.92494
209000 0.0392718 6.96421
210000 0.0390324 7.00324
211000 0.0388084 7.04205
212000 0.0389664 7.08102
213000 0.0392702 7.12029
214000 0.0410398 7.16133
215000 0.0398407 7.20117
216000 0.0391972 7.24037
217000 0.0389591 7.27932
218000 0.0390934 7.31842
219000 0.0392544 7.35767
220000 0.0394358 7.39711
221000 0.0394758 7.43658
222000 0.0389347 7.47552
223000 0.0389173 7.51444
224000 0.0397467 7.55418
225000 0.0406246 7.59481
226000 0.0396854 7.63449
227000 0.0397844 7.67428
228000 0.0397617 7.71404
229000 0.0399785 7.75402
230000 0.0401982 7.79422
231000 0.0398425 7.83406
232000 0.0398394 7.8739
233000 0.0400456 7.91394
234000 0.0403409 7.95428
235000 0.0403575 7.99464
236000 0.0400592 8.0347
237000 0.0402879 8.07499
238000 0.0403632 8.11535
239000 0.040767 8.15612
240000 0.0404052 8.19652
241000 0.0499073 8.24643
242000 0.0423993 8.28883
243000 0.0414954 8.33033
244000 0.0407969 8.37112
245000 0.0408431 8.41197
246000 0.0424079 8.45437
247000 0.0404517 8.49483
248000 0.0403248 8.53515
249000 0.0401775 8.57533
250000 0.0406505 8.61598
251000 0.0408047 8.65678
252000 0.0408173 8.6976
253000 0.0407371 8.73834
254000 0.0404646 8.7788
255000 0.040458 8.81926
256000 0.0408275 8.86009
257000 0.040527 8.90061
258000 0.0407297 8.94134
259000 0.0413708 8.98271
260000 0.0401909 9.02291
261000 0.0406256 9.06353
262000 0.0410128 9.10454
