CQ
Inserting
1000 0.00966372 0.00966377
2000 0.0128459 0.0225096
3000 0.0143093 0.036819
4000 0.0156533 0.0524723
5000 0.0168646 0.0693369
6000 0.0177566 0.0870935
7000 0.0178667 0.10496
8000 0.018399 0.123359
9000 0.0187048 0.142064
10000 0.019623 0.161687
11000 0.0198362 0.181523
12000 0.0203431 0.201866
13000 0.0205937 0.22246
14000 0.0214202 0.24388
15000 0.0215161 0.265396
16000 0.0217244 0.287121
17000 0.0219944 0.309115
18000 0.0222925 0.331408
19000 0.0222448 0.353653
20000 0.022433 0.376086
21000 0.0226346 0.39872
22000 0.0231265 0.421847
23000 0.0237603 0.445607
24000 0.0236402 0.469247
25000 0.0236863 0.492934
26000 0.0236639 0.516597
27000 0.0239274 0.540525
28000 0.0246223 0.565147
29000 0.0247843 0.589932
30000 0.0249291 0.614861
31000 0.0253245 0.640185
32000 0.0252782 0.665463
33000 0.0253591 0.690822
34000 0.0259143 0.716737
35000 0.0262587 0.742995
36000 0.0263677 0.769363
37000 0.0264266 0.79579
38000 0.0265163 0.822306
39000 0.0266521 0.848958
40000 0.0277631 0.876721
41000 0.0268341 0.903555
42000 0.0272015 0.930757
43000 0.0273609 0.958118
44000 0.0275055 0.985623
45000 0.0275773 1.0132
46000 0.0278424 1.04104
47000 0.0277141 1.06876
48000 0.0276803 1.09644
49000 0.0274133 1.12385
50000 0.027969 1.15182
51000 0.027876 1.1797
52000 0.0312532 1.21095
53000 0.0289784 1.23993
54000 0.0292633 1.26919
55000 0.0293378 1.29853
56000 0.0289004 1.32743
57000 0.0286123 1.35604
58000 0.0289103 1.38495
59000 0.0289745 1.41393
60000 0.0292978 1.44322
61000 0.0295801 1.4728
62000 0.0291642 1.50197
63000 0.0291568 1.53112
64000 0.0295053 1.56063
65000 0.0293024 1.58993
66000 0.0292455 1.61918
67000 0.029849 1.64903
68000 0.0341557 1.68318
69000 0.0322959 1.71548
70000 0.030553 1.74603
71000 0.0305747 1.77661
72000 0.0302053 1.80681
73000 0.0305306 1.83734
74000 0.0307346 1.86808
75000 0.0307327 1.89881
76000 0.0306596 1.92947
77000 0.0305399 1.96001
78000 0.0304787 1.99049
79000 0.0302671 2.02075
80000 0.0306097 2.05136
81000 0.0329926 2.08436
82000 0.0304999 2.11486
83000 0.0308698 2.14573
84000 0.0305544 2.17628
85000 0.0305198 2.2068
86000 0.0308172 2.23762
87000 0.030896 2.26851
88000 0.0310253 2.29954
89000 0.0309299 2.33047
90000 0.0310986 2.36157
91000 0.0314312 2.393
92000 0.0311718 2.42417
93000 0.0313222 2.45549
94000 0.0312738 2.48677
95000 0.0313828 2.51815
96000 0.0313947 2.54954
97000 0.0319556 2.5815
98000 0.0317054 2.61321
99000 0.0321941 2.6454
100000 0.0327808 2.67818
101000 0.0318356 2.71002
102000 0.0323044 2.74232
103000 0.0326379 2.77496
104000 0.0319242 2.80688
105000 0.0319478 2.83883
106000 0.0321854 2.87102
107000 0.0324138 2.90343
108000 0.032348 2.93578
109000 0.0324975 2.96827
110000 0.0323281 3.0006
111000 0.0324126 3.03302
112000 0.0322109 3.06523
113000 0.0325776 3.0978
114000 0.0324011 3.13021
115000 0.0331231 3.16333
116000 0.0330268 3.19636
117000 0.0324824 3.22884
118000 0.0329029 3.26174
119000 0.0328117 3.29455
120000 0.0329045 3.32746
121000 0.0332171 3.36067
122000 0.0331447 3.39382
123000 0.0330785 3.4269
124000 0.0329317 3.45983
125000 0.0332252 3.49305
126000 0.0329878 3.52604
127000 0.0354363 3.56148
128000 0.033342 3.59482
129000 0.0333365 3.62816
130000 0.0334648 3.66162
131000 0.0335035 3.69512
132000 0.0331693 3.72829
133000 0.0333717 3.76167
134000 0.0337151 3.79538
135000 0.0337524 3.82913
136000 0.0337377 3.86287
137000 0.0337789 3.89665
138000 0.0334915 3.93014
139000 0.0336386 3.96378
140000 0.0332669 3.99705
141000 0.0336168 4.03066
142000 0.0335676 4.06423
143000 0.0338462 4.09808
144000 0.0339623 4.13204
145000 0.0337724 4.16581
146000 0.0336177 4.19943
147000 0.0339791 4.23341
148000 0.0338736 4.26728
149000 0.0341012 4.30138
150000 0.0338439 4.33523
151000 0.0341843 4.36941
152000 0.034276 4.40369
153000 0.0344745 4.43816
154000 0.0347475 4.47291
155000 0.0344639 4.50737
156000 0.0348016 4.54218
157000 0.0346123 4.57679
158000 0.0346534 4.61144
159000 0.0346396 4.64608
160000 0.0349618 4.68104
161000 0.0352785 4.71632
162000 0.0349235 4.75124
163000 0.034857 4.7861
164000 0.0348268 4.82093
165000 0.0350544 4.85598
166000 0.0350257 4.89101
167000 0.0349473 4.92596
168000 0.0352388 4.96119
169000 0.0345416 4.99574
170000 0.0352822 5.03102
171000 0.0352046 5.06622
172000 0.0351413 5.10136
173000 0.0355556 5.13692
174000 0.0353226 5.17224
175000 0.0356268 5.20787
176000 0.0354242 5.24329
177000 0.0359212 5.27921
178000 0.0354785 5.31469
179000 0.0353078 5.35
180000 0.0353502 5.38535
181000 0.0358545 5.42121
182000 0.0350105 5.45622
183000 0.0354175 5.49163
184000 0.0353833 5.52702
185000 0.0357581 5.56278
186000 0.0351556 5.59793
187000 0.0354981 5.63343
188000 0.0357867 5.66922
189000 0.0356159 5.70483
190000 0.0357235 5.74056
191000 0.0358218 5.77638
192000 0.0356745 5.81205
193000 0.0355609 5.84761
194000 0.0355498 5.88316
195000 0.0360622 5.91922
196000 0.0363014 5.95553
197000 0.0356511 5.99118
198000 0.0355008 6.02668
199000 0.0358179 6.0625
200000 0.0358621 6.09836
201000 0.0361106 6.13447
202000 0.0363793 6.17085
203000 0.036253 6.2071
204000 0.036275 6.24338
205000 0.03941 6.28279
206000 0.0363916 6.31918
207000 0.0363014 6.35548
208000 0.0363912 6.39187
209000 0.0365181 6.42839
210000 0.036393 6.46478
211000 0.0361239 6.5009
212000 0.0365918 6.5375
213000 0.0367381 6.57423
214000 0.0365139 6.61075
215000 0.0366674 6.64742
216000 0.0368846 6.6843
217000 0.0365176 6.72082
218000 0.0367766 6.75759
219000 0.0370822 6.79468
220000 0.0368874 6.83156
221000 0.0370058 6.86857
222000 0.0371646 6.90573
223000 0.0368123 6.94255
224000 0.0365691 6.97912
225000 0.0361339 7.01525
226000 0.0367824 7.05203
227000 0.0387259 7.09076
228000 0.0367534 7.12751
229000 0.036736 7.16425
230000 0.0371832 7.20143
231000 0.0370891 7.23852
232000 0.037144 7.27566
233000 0.036542 7.31221
234000 0.0364266 7.34863
235000 0.0368542 7.38549
236000 0.0370898 7.42258
237000 0.0373047 7.45988
238000 0.0370903 7.49697
239000 0.0366122 7.53358
240000 0.0373513 7.57093
241000 0.036901 7.60784
242000 0.0374451 7.64528
243000 0.0371653 7.68245
244000 0.0370791 7.71953
245000 0.0374235 7.75695
246000 0.0375341 7.79448
247000 0.0371904 7.83167
248000 0.0367342 7.86841
249000 0.0369971 7.9054
250000 0.037907 7.94331
251000 0.0376166 7.98093
252000 0.0375042 8.01843
253000 0.0372439 8.05568
254000 0.0374727 8.09315
255000 0.0381973 8.13135
256000 0.0378015 8.16915
257000 0.0378744 8.20702
258000 0.0370226 8.24405
259000 0.0376131 8.28166
260000 0.0386341 8.32029
261000 0.0380397 8.35833
262000 0.0377345 8.39607
Inserting
1000 0.0098149 0.00981498
2000 0.0131929 0.0230079
3000 0.0149204 0.0379283
4000 0.0163816 0.0543099
5000 0.0170064 0.0713163
6000 0.0177058 0.089022
7000 0.0182359 0.107258
8000 0.0186696 0.125928
9000 0.0188329 0.14476
10000 0.0193519 0.164112
11000 0.0199584 0.184071
12000 0.0201849 0.204256
13000 0.0206906 0.224946
14000 0.0211498 0.246096
15000 0.0218638 0.26796
16000 0.0220331 0.289993
17000 0.0224185 0.312411
18000 0.0226302 0.335042
19000 0.0225679 0.357609
20000 0.022657 0.380266
21000 0.0228892 0.403156
22000 0.0230938 0.426249
23000 0.0235006 0.44975
24000 0.0235642 0.473314
25000 0.0238049 0.497119
26000 0.0241504 0.521269
27000 0.0245774 0.545847
28000 0.0247216 0.570569
29000 0.0248856 0.595454
30000 0.0252124 0.620667
31000 0.0254945 0.646161
32000 0.0256162 0.671777
33000 0.0256564 0.697434
34000 0.0257147 0.723148
35000 0.0262524 0.749401
36000 0.0266666 0.776067
37000 0.0265311 0.802598
38000 0.0271706 0.829769
39000 0.0272767 0.857046
40000 0.0271876 0.884233
41000 0.0272042 0.911438
42000 0.0271569 0.938594
43000 0.0272873 0.965882
44000 0.0275492 0.993431
45000 0.0277846 1.02122
46000 0.0282378 1.04945
47000 0.027706 1.07716
48000 0.0277411 1.1049
49000 0.0277378 1.13264
50000 0.0277978 1.16044
51000 0.0278109 1.18825
52000 0.0280413 1.21629
53000 0.0294435 1.24573
54000 0.0289414 1.27467
55000 0.0287206 1.30339
56000 0.0291188 1.33251
57000 0.0289476 1.36146
58000 0.028926 1.39039
59000 0.0295389 1.41993
60000 0.0293832 1.44931
61000 0.0292883 1.4786
62000 0.029437 1.50803
63000 0.0296725 1.53771
64000 0.0293987 1.5671
65000 0.0302344 1.59734
66000 0.0298283 1.62717
67000 0.0298589 1.65703
68000 0.0303274 1.68735
69000 0.0301876 1.71754
70000 0.0307221 1.74826
71000 0.0371003 1.78536
72000 0.0305886 1.81595
73000 0.0306195 1.84657
74000 0.0311191 1.87769
75000 0.0313042 1.909
76000 0.0305663 1.93956
77000 0.0308268 1.97039
78000 0.0307475 2.00114
79000 0.0304061 2.03154
80000 0.0308394 2.06238
81000 0.030858 2.09324
82000 0.0309679 2.12421
83000 0.0336106 2.15782
84000 0.041979 2.1998
85000 0.0307554 2.23055
86000 0.0309125 2.26147
87000 0.0311509 2.29262
88000 0.0309315 2.32355
89000 0.0315141 2.35506
90000 0.0313647 2.38643
91000 0.0314139 2.41784
92000 0.0316 2.44944
93000 0.0317098 2.48115
94000 0.0313834 2.51253
95000 0.03158 2.54411
96000 0.0318367 2.57595
97000 0.031939 2.60789
98000 0.0319761 2.63987
99000 0.0322962 2.67216
100000 0.0320407 2.7042
101000 0.032196 2.7364
102000 0.0320772 2.76848
103000 0.0332316 2.80171
104000 0.032597 2.8343
105000 0.0323781 2.86668
106000 0.0321853 2.89887
107000 0.0326373 2.9315
108000 0.0321609 2.96367
109000 0.0320519 2.99572
110000 0.0333164 3.02903
111000 0.0325002 3.06153
112000 0.0324889 3.09402
113000 0.0466918 3.14071
114000 0.0323307 3.17305
115000 0.0326797 3.20572
116000 0.0344197 3.24014
117000 0.0327336 3.27288
118000 0.0330465 3.30592
119000 0.032926 3.33885
120000 0.0331233 3.37197
121000 0.033112 3.40509
122000 0.0333626 3.43845
123000 0.0328443 3.47129
124000 0.0330412 3.50433
125000 0.0331954 3.53753
126000 0.0327314 3.57026
127000 0.0333982 3.60366
128000 0.0332509 3.63691
129000 0.0331374 3.67005
130000 0.0332716 3.70332
131000 0.0332959 3.73662
132000 0.0333935 3.77001
133000 0.0333215 3.80333
134000 0.0336195 3.83695
135000 0.0336251 3.87057
136000 0.033261 3.90384
137000 0.0335915 3.93743
138000 0.0330854 3.97051
139000 0.0335222 4.00403
140000 0.0339369 4.03797
141000 0.0337509 4.07172
142000 0.0337146 4.10544
143000 0.0337651 4.1392
144000 0.0338547 4.17306
145000 0.0331858 4.20624
146000 0.0333228 4.23957
147000 0.0379618 4.27753
148000 0.0335759 4.3111
149000 0.0339492 4.34505
150000 0.0339129 4.37897
151000 0.0338658 4.41283
152000 0.0345236 4.44735
153000 0.0344655 4.48182
154000 0.0352123 4.51703
155000 0.0345089 4.55154
156000 0.034818 4.58636
157000 0.0350662 4.62143
158000 0.0344164 4.65584
159000 0.0346561 4.6905
160000 0.0346881 4.72519
161000 0.0345875 4.75977
162000 0.0346807 4.79445
163000 0.0346938 4.82915
164000 0.0352539 4.8644
165000 0.0349327 4.89933
166000 0.0354485 4.93478
167000 0.035769 4.97055
168000 0.0351845 5.00574
169000 0.0352042 5.04094
170000 0.0353752 5.07632
171000 0.0352815 5.1116
172000 0.0352648 5.14686
173000 0.0347911 5.18165
174000 0.0354684 5.21712
175000 0.0353639 5.25249
176000 0.0354398 5.28793
177000 0.0355475 5.32347
178000 0.0353284 5.3588
179000 0.0354008 5.3942
180000 0.0360483 5.43025
181000 0.0357282 5.46598
182000 0.035367 5.50135
183000 0.0355771 5.53692
184000 0.0352239 5.57215
185000 0.0356527 5.6078
186000 0.0365098 5.64431
187000 0.0356483 5.67996
188000 0.0354457 5.7154
189000 0.035753 5.75116
190000 0.0357223 5.78688
191000 0.0354544 5.82233
192000 0.0357701 5.8581
193000 0.0358264 5.89393
194000 0.0359156 5.92985
195000 0.0357258 5.96557
196000 0.0357449 6.00132
197000 0.0353989 6.03671
198000 0.0356684 6.07238
199000 0.0358955 6.10828
200000 0.0362185 6.1445
201000 0.0359526 6.18045
202000 0.0356838 6.21613
203000 0.0361603 6.25229
204000 0.0358166 6.28811
205000 0.0362998 6.32441
206000 0.0364232 6.36083
207000 0.0362973 6.39713
208000 0.0364314 6.43356
209000 0.0362643 6.46983
210000 0.0363563 6.50618
211000 0.0360802 6.54226
212000 0.036347 6.57861
213000 0.0365764 6.61519
214000 0.0368823 6.65207
215000 0.0362992 6.68837
216000 0.0362063 6.72457
217000 0.036658 6.76123
218000 0.0365437 6.79778
219000 0.0370599 6.83484
220000 0.0368509 6.87169
221000 0.0367821 6.90847
222000 0.0364719 6.94494
223000 0.0364144 6.98136
224000 0.0364273 7.01778
225000 0.0364678 7.05425
226000 0.0366754 7.09093
227000 0.036872 7.1278
228000 0.0369496 7.16475
229000 0.0363688 7.20112
230000 0.0367832 7.2379
231000 0.0362895 7.27419
232000 0.0372037 7.31139
233000 0.0368913 7.34828
234000 0.0369165 7.3852
235000 0.0361905 7.42139
236000 0.0368429 7.45823
237000 0.0367383 7.49497
238000 0.0369801 7.53195
239000 0.0370468 7.569
240000 0.0383868 7.60739
241000 0.0371645 7.64455
242000 0.0370073 7.68156
243000 0.0365722 7.71813
244000 0.037898 7.75603
245000 0.0370198 7.79305
246000 0.0379983 7.83105
247000 0.0377908 7.86884
248000 0.0375855 7.90642
249000 0.0368663 7.94329
250000 0.0376758 7.98096
251000 0.0381475 8.01911
252000 0.0374865 8.0566
253000 0.0376418 8.09424
254000 0.0377232 8.13196
255000 0.0377181 8.16968
256000 0.0377277 8.20741
257000 0.03744 8.24485
258000 0.0376145 8.28246
259000 0.0376985 8.32016
260000 0.0378901 8.35805
261000 0.0372054 8.39526
262000 0.0378256 8.43308
Inserting
1000 0.00976022 0.0097603
2000 0.0128381 0.0225984
3000 0.0144192 0.0370176
4000 0.0158304 0.052848
5000 0.016681 0.0695289
6000 0.0174574 0.0869863
7000 0.0175869 0.104573
8000 0.0182429 0.122816
9000 0.0184638 0.14128
10000 0.0191267 0.160407
11000 0.0198476 0.180254
12000 0.02021 0.200464
13000 0.0205082 0.220972
14000 0.0210366 0.242009
15000 0.0214602 0.263469
16000 0.0217487 0.285218
17000 0.0221053 0.307323
18000 0.0223878 0.329711
19000 0.0225139 0.352225
20000 0.0227111 0.374936
21000 0.0229438 0.39788
22000 0.0240796 0.42196
23000 0.0243503 0.44631
24000 0.0245059 0.470816
25000 0.0245172 0.495333
26000 0.0247319 0.520065
27000 0.0247059 0.544771
28000 0.0245109 0.569282
29000 0.025 0.594282
30000 0.0249995 0.619281
31000 0.0253597 0.644641
32000 0.0256959 0.670337
33000 0.0256808 0.696017
34000 0.0262439 0.722261
35000 0.0263339 0.748595
36000 0.0267509 0.775346
37000 0.0265522 0.801898
38000 0.0262182 0.828117
39000 0.0265389 0.854655
40000 0.0270253 0.881681
41000 0.0268111 0.908492
42000 0.0269357 0.935428
43000 0.0271101 0.962538
44000 0.0272274 0.989765
45000 0.0276347 1.0174
46000 0.0277301 1.04513
47000 0.0280069 1.07314
48000 0.0281888 1.10133
49000 0.0275695 1.1289
50000 0.0276979 1.15659
51000 0.0277076 1.1843
52000 0.0280138 1.21231
53000 0.0287313 1.24105
54000 0.0286984 1.26974
55000 0.0289659 1.29871
56000 0.0285594 1.32727
57000 0.0288766 1.35615
58000 0.0287916 1.38494
59000 0.0288508 1.41379
60000 0.0292405 1.44303
61000 0.0299502 1.47298
62000 0.0295107 1.50249
63000 0.0295353 1.53203
64000 0.0295874 1.56161
65000 0.029081 1.59069
66000 0.0296369 1.62033
67000 0.0301368 1.65047
68000 0.0299349 1.6804
69000 0.030056 1.71046
70000 0.0302393 1.7407
71000 0.030316 1.77101
72000 0.030108 1.80112
73000 0.0301419 1.83126
74000 0.0306575 1.86192
75000 0.030414 1.89233
76000 0.0305774 1.92291
77000 0.0308042 1.95372
78000 0.0306668 1.98438
79000 0.0303756 2.01476
80000 0.0307085 2.04547
81000 0.0305741 2.07604
82000 0.0310563 2.1071
83000 0.0306567 2.13775
84000 0.0306782 2.16843
85000 0.0309043 2.19934
86000 0.0306446 2.22998
87000 0.0310536 2.26104
88000 0.0306109 2.29165
89000 0.0308959 2.32254
90000 0.0310007 2.35354
91000 0.0310854 2.38463
92000 0.0312449 2.41587
93000 0.0314498 2.44732
94000 0.0311968 2.47852
95000 0.0315393 2.51006
96000 0.0315945 2.54165
97000 0.0317449 2.5734
98000 0.0320431 2.60544
99000 0.0318795 2.63732
100000 0.0320164 2.66934
101000 0.0319453 2.70128
102000 0.0319168 2.7332
103000 0.0321058 2.76531
104000 0.0320944 2.7974
105000 0.0321522 2.82955
106000 0.0321686 2.86172
107000 0.0319453 2.89367
108000 0.0315476 2.92521
109000 0.0324739 2.95769
110000 0.0323283 2.99002
111000 0.0325203 3.02254
112000 0.0323691 3.0549
113000 0.0323658 3.08727
114000 0.0325663 3.11984
115000 0.0325951 3.15243
116000 0.0327902 3.18522
117000 0.0332775 3.2185
118000 0.0332326 3.25173
119000 0.0329292 3.28466
120000 0.0331459 3.31781
121000 0.032826 3.35063
122000 0.032598 3.38323
123000 0.0328126 3.41604
124000 0.0332193 3.44926
125000 0.033122 3.48239
126000 0.0335463 3.51593
127000 0.0333335 3.54927
128000 0.033465 3.58273
129000 0.0332224 3.61595
130000 0.0336848 3.64964
131000 0.0332547 3.68289
132000 0.0333702 3.71626
133000 0.0333114 3.74957
134000 0.0335871 3.78316
135000 0.0337619 3.81692
136000 0.0333516 3.85027
137000 0.0338571 3.88413
138000 0.033312 3.91744
139000 0.037187 3.95463
140000 0.0336009 3.98823
141000 0.033967 4.0222
142000 0.0337613 4.05596
143000 0.0338512 4.08981
144000 0.0338734 4.12368
145000 0.0335445 4.15723
146000 0.033225 4.19045
147000 0.0336491 4.2241
148000 0.0338801 4.25798
149000 0.0339973 4.29198
150000 0.0341666 4.32615
151000 0.0343831 4.36053
152000 0.033744 4.39427
153000 0.0341751 4.42845
154000 0.034465 4.46291
155000 0.0349179 4.49783
156000 0.0348333 4.53267
157000 0.0344639 4.56713
158000 0.0344349 4.60156
159000 0.0349258 4.63649
160000 0.0346093 4.6711
161000 0.0344192 4.70552
162000 0.0346784 4.7402
163000 0.035472 4.77567
164000 0.0353631 4.81103
165000 0.0348214 4.84585
166000 0.0345102 4.88036
167000 0.0344428 4.91481
168000 0.0351506 4.94996
169000 0.0352417 4.9852
170000 0.0353835 5.02058
171000 0.0353537 5.05594
172000 0.035063 5.091
173000 0.0353447 5.12634
174000 0.0354658 5.16181
175000 0.0356703 5.19748
176000 0.0350137 5.23249
177000 0.0353902 5.26788
178000 0.0354904 5.30337
179000 0.0353623 5.33874
180000 0.0354417 5.37418
181000 0.036452 5.41063
182000 0.035338 5.44597
183000 0.0358815 5.48185
184000 0.0353484 5.5172
185000 0.0360345 5.55323
186000 0.0362012 5.58943
187000 0.0358013 5.62523
188000 0.035651 5.66089
189000 0.0354785 5.69636
190000 0.0357379 5.7321
191000 0.0357591 5.76786
192000 0.0355638 5.80342
193000 0.0359898 5.83941
194000 0.0355125 5.87493
195000 0.0355088 5.91044
196000 0.0354805 5.94592
197000 0.0354858 5.9814
198000 0.0360189 6.01742
199000 0.0358999 6.05332
200000 0.0360119 6.08933
201000 0.0360993 6.12543
202000 0.0367658 6.1622
203000 0.0361752 6.19837
204000 0.0361141 6.23449
205000 0.0363434 6.27083
206000 0.0361405 6.30697
207000 0.0365685 6.34354
208000 0.036277 6.37982
209000 0.0367333 6.41655
210000 0.0363048 6.45286
211000 0.0361919 6.48905
212000 0.0369651 6.52601
213000 0.036689 6.5627
214000 0.0367039 6.5994
215000 0.0365489 6.63595
216000 0.0363582 6.67231
217000 0.0366007 6.70891
218000 0.0365747 6.74549
219000 0.0368893 6.78238
220000 0.0366557 6.81903
221000 0.0369967 6.85603
222000 0.0367727 6.8928
223000 0.0370505 6.92985
224000 0.0366803 6.96653
225000 0.0366602 7.00319
226000 0.0366125 7.03981
227000 0.0367602 7.07657
228000 0.0366587 7.11322
229000 0.036796 7.15002
230000 0.0368487 7.18687
231000 0.0366518 7.22352
232000 0.037165 7.26069
233000 0.0369632 7.29765
234000 0.0369366 7.33459
235000 0.0369564 7.37154
236000 0.0374015 7.40894
237000 0.0374547 7.4464
238000 0.0368787 7.48328
239000 0.0369223 7.5202
240000 0.0374308 7.55763
241000 0.0368377 7.59447
242000 0.036957 7.63142
243000 0.0369719 7.6684
244000 0.0372026 7.7056
245000 0.0371125 7.74271
246000 0.0373467 7.78006
247000 0.0373021 7.81736
248000 0.0371595 7.85452
249000 0.0374283 7.89195
250000 0.0374938 7.92944
251000 0.0375958 7.96704
252000 0.0371547 8.00419
253000 0.0373011 8.04149
254000 0.0385106 8.08
255000 0.0383961 8.1184
256000 0.0377954 8.1562
257000 0.0378709 8.19407
258000 0.0378116 8.23188
259000 0.0376559 8.26953
260000 0.0376019 8.30714
261000 0.0376086 8.34474
262000 0.0373826 8.38213
