GA
Inserting
10000 0.000755669 0.000755723
20000 0.00145564 0.00221137
30000 0.00230239 0.00451376
40000 0.00305389 0.00756765
50000 0.00384612 0.0114138
60000 0.00502289 0.0164367
70000 0.0056452 0.0220819
80000 0.00666093 0.0287428
90000 0.00755789 0.0363007
100000 0.00833002 0.0446307
110000 0.00922878 0.0538595
120000 0.0102477 0.0641072
130000 0.0111365 0.0752437
140000 0.0122176 0.0874613
150000 0.0129443 0.100406
160000 0.0140003 0.114406
170000 0.0148034 0.129209
180000 0.0156441 0.144853
190000 0.0165536 0.161407
200000 0.0176355 0.179042
210000 0.0185662 0.197609
220000 0.0197514 0.21736
230000 0.0205011 0.237861
240000 0.0214204 0.259282
250000 0.0224558 0.281737
260000 0.0234583 0.305196
270000 0.0241724 0.329368
280000 0.0252699 0.354638
290000 0.0262871 0.380925
300000 0.0272002 0.408125
310000 0.0280774 0.436203
320000 0.0292431 0.465446
330000 0.0303481 0.495794
340000 0.0310584 0.526852
350000 0.032434 0.559286
360000 0.0332191 0.592505
370000 0.0344823 0.626988
380000 0.0351424 0.66213
390000 0.0362968 0.698427
400000 0.0370983 0.735525
410000 0.0381748 0.7737
420000 0.039133 0.812833
430000 0.0403366 0.853169
440000 0.0416237 0.894793
450000 0.0426749 0.937468
460000 0.0434618 0.98093
470000 0.0452008 1.02613
480000 0.0452735 1.0714
490000 0.0460714 1.11748
500000 0.0477377 1.16521
510000 0.0482772 1.21349
520000 0.0489898 1.26248
530000 0.0504211 1.3129
540000 0.0515795 1.36448
550000 0.0530177 1.4175
560000 0.0525039 1.47
570000 0.054342 1.52434
580000 0.0557465 1.58009
590000 0.0563596 1.63645
600000 0.0580613 1.69451
610000 0.0592562 1.75377
620000 0.0599338 1.8137
630000 0.0607105 1.87441
640000 0.0615811 1.93599
650000 0.0626132 1.99861
660000 0.0638299 2.06244
670000 0.0652349 2.12767
680000 0.0661721 2.19384
690000 0.0676758 2.26152
700000 0.0685339 2.33005
710000 0.069296 2.39935
720000 0.0703032 2.46965
730000 0.0707158 2.54037
740000 0.0717499 2.61212
750000 0.0741359 2.68625
760000 0.0749161 2.76117
770000 0.0755288 2.8367
780000 0.0770301 2.91373
790000 0.0779239 2.99165
800000 0.0789955 3.07065
810000 0.0803679 3.15102
820000 0.080949 3.23197
830000 0.0822189 3.31418
840000 0.0839085 3.39809
850000 0.0834966 3.48159
860000 0.084659 3.56625
870000 0.0856304 3.65188
880000 0.0875608 3.73944
890000 0.0897199 3.82916
900000 0.0892348 3.91839
910000 0.0906928 4.00909
920000 0.0914526 4.10054
930000 0.0931526 4.19369
940000 0.0935034 4.2872
950000 0.0955499 4.38275
960000 0.0960083 4.47875
970000 0.0982366 4.57699
980000 0.0985005 4.67549
990000 0.0986873 4.77418
1000000 0.100128 4.87431
1010000 0.103135 4.97744
1020000 0.102586 5.08003
1030000 0.104153 5.18418
1040000 0.104374 5.28855
1050000 0.110686 5.39924
1060000 0.111704 5.51094
1070000 0.111948 5.62289
1080000 0.113455 5.73635
1090000 0.114888 5.85123
1100000 0.116789 5.96802
1110000 0.117653 6.08568
1120000 0.117676 6.20335
1130000 0.118404 6.32176
1140000 0.119697 6.44145
1150000 0.121824 6.56328
1160000 0.122186 6.68546
1170000 0.123342 6.8088
1180000 0.125612 6.93442
1190000 0.125612 7.06003
1200000 0.128163 7.18819
1210000 0.127674 7.31587
1220000 0.129322 7.44519
1230000 0.129915 7.5751
1240000 0.132789 7.70789
1250000 0.132781 7.84067
1260000 0.133694 7.97437
1270000 0.135496 8.10986
1280000 0.136641 8.24651
1290000 0.137474 8.38398
1300000 0.137953 8.52193
1310000 0.138965 8.6609
1320000 0.141875 8.80277
1330000 0.141796 8.94457
1340000 0.143612 9.08818
1350000 0.144408 9.23259
1360000 0.14515 9.37774
1370000 0.144975 9.52272
1380000 0.147546 9.67026
1390000 0.148233 9.81849
1400000 0.149143 9.96764
1410000 0.149551 10.1172
1420000 0.153559 10.2707
1430000 0.153396 10.4241
1440000 0.154106 10.5782
1450000 0.155221 10.7335
1460000 0.156164 10.8896
1470000 0.158212 11.0478
1480000 0.160058 11.2079
1490000 0.16025 11.3682
1500000 0.16141 11.5296
1510000 0.161816 11.6914
1520000 0.162572 11.854
1530000 0.16469 12.0186
1540000 0.165172 12.1838
1550000 0.164948 12.3488
1560000 0.16825 12.517
1570000 0.169239 12.6863
1580000 0.170236 12.8565
1590000 0.169905 13.0264
1600000 0.171651 13.198
1610000 0.171696 13.3697
1620000 0.173731 13.5435
1630000 0.174453 13.7179
1640000 0.175665 13.8936
1650000 0.177138 14.0707
1660000 0.176905 14.2476
1670000 0.180748 14.4284
1680000 0.179521 14.6079
1690000 0.180393 14.7883
1700000 0.182999 14.9713
1710000 0.182976 15.1543
1720000 0.183787 15.3381
1730000 0.185387 15.5234
1740000 0.199609 15.7231
1750000 0.187212 15.9103
1760000 0.186113 16.0964
1770000 0.187702 16.2841
1780000 0.1895 16.4736
1790000 0.190979 16.6646
1800000 0.189936 16.8545
1810000 0.191703 17.0462
1820000 0.192969 17.2392
1830000 0.195331 17.4345
1840000 0.195919 17.6304
1850000 0.196587 17.827
1860000 0.197806 18.0248
1870000 0.199425 18.2242
1880000 0.199863 18.4241
1890000 0.198864 18.623
1900000 0.20217 18.8251
1910000 0.201041 19.0262
1920000 0.204611 19.2308
1930000 0.205679 19.4365
1940000 0.20494 19.6414
1950000 0.204919 19.8463
1960000 0.208828 20.0551
1970000 0.208746 20.2639
1980000 0.209594 20.4735
1990000 0.209728 20.6832
2000000 0.210511 20.8937
2010000 0.213509 21.1072
2020000 0.211034 21.3183
2030000 0.211559 21.5298
2040000 0.212627 21.7425
2050000 0.215755 21.9582
2060000 0.215761 22.174
2070000 0.215087 22.3891
2080000 0.218458 22.6075
2090000 0.218071 22.8256
Inserting
10000 0.000770211 0.000770277
20000 0.00145875 0.00222903
30000 0.00233153 0.00456056
40000 0.00307921 0.00763977
50000 0.00388757 0.0115273
60000 0.00511588 0.0166432
70000 0.00578926 0.0224325
80000 0.00675966 0.0291921
90000 0.00769052 0.0368827
100000 0.00840456 0.0452872
110000 0.00958414 0.0548714
120000 0.0104027 0.0652741
130000 0.011194 0.0764681
140000 0.0123659 0.088834
150000 0.0130558 0.10189
160000 0.0141192 0.116009
170000 0.0149895 0.130998
180000 0.0159193 0.146918
190000 0.0168459 0.163764
200000 0.0177197 0.181483
210000 0.0187916 0.200275
220000 0.0197468 0.220022
230000 0.0206768 0.240698
240000 0.0218735 0.262572
250000 0.0225346 0.285107
260000 0.0237059 0.308812
270000 0.0245033 0.333316
280000 0.0276204 0.360936
290000 0.0284108 0.389347
300000 0.0275602 0.416907
310000 0.0284576 0.445365
320000 0.0299897 0.475354
330000 0.0307448 0.506099
340000 0.0314775 0.537577
350000 0.0326717 0.570248
360000 0.0336492 0.603898
370000 0.0347841 0.638682
380000 0.0354306 0.674112
390000 0.0367087 0.710821
400000 0.0375794 0.7484
410000 0.0382863 0.786687
420000 0.0396396 0.826326
430000 0.040468 0.866794
440000 0.0417291 0.908523
450000 0.0428964 0.95142
460000 0.043807 0.995227
470000 0.044618 1.03984
480000 0.0455674 1.08541
490000 0.0463379 1.13175
500000 0.0474854 1.17924
510000 0.049085 1.22832
520000 0.0495712 1.27789
530000 0.0507261 1.32862
540000 0.0515389 1.38016
550000 0.053227 1.43338
560000 0.0539452 1.48733
570000 0.0548785 1.54221
580000 0.0561051 1.59831
590000 0.0569572 1.65527
600000 0.0591041 1.71437
610000 0.0598966 1.77427
620000 0.0603464 1.83462
630000 0.0614276 1.89604
640000 0.0623133 1.95836
650000 0.0632205 2.02158
660000 0.0643315 2.08591
670000 0.0660641 2.15197
680000 0.0667318 2.21871
690000 0.0678784 2.28658
700000 0.0696569 2.35624
710000 0.0698266 2.42607
720000 0.0712624 2.49733
730000 0.0710703 2.5684
740000 0.072387 2.64079
750000 0.0743956 2.71518
760000 0.0755375 2.79072
770000 0.0762093 2.86693
780000 0.0777035 2.94463
790000 0.0786731 3.02331
800000 0.0798402 3.10315
810000 0.11202 3.21517
820000 0.0818788 3.29704
830000 0.0836695 3.38071
840000 0.0844914 3.46521
850000 0.0845884 3.54979
860000 0.0860025 3.6358
870000 0.0871056 3.7229
880000 0.0881651 3.81107
890000 0.0892598 3.90033
900000 0.091162 3.99149
910000 0.0946153 4.0861
920000 0.0923485 4.17845
930000 0.101295 4.27975
940000 0.0951162 4.37486
950000 0.0971367 4.472
960000 0.0972725 4.56927
970000 0.0990515 4.66832
980000 0.0992267 4.76755
990000 0.100701 4.86825
1000000 0.101594 4.96985
1010000 0.103746 5.07359
1020000 0.103901 5.17749
1030000 0.106456 5.28395
1040000 0.105879 5.38983
1050000 0.115038 5.50487
1060000 0.11381 5.61868
1070000 0.114312 5.73299
1080000 0.116949 5.84994
1090000 0.11747 5.96741
1100000 0.118042 6.08545
1110000 0.119355 6.2048
1120000 0.120495 6.3253
1130000 0.119957 6.44525
1140000 0.12564 6.57089
1150000 0.125967 6.69686
1160000 0.124658 6.82152
1170000 0.127113 6.94863
1180000 0.127764 7.0764
1190000 0.127852 7.20425
1200000 0.129364 7.33361
1210000 0.129912 7.46352
1220000 0.131823 7.59535
1230000 0.13197 7.72732
1240000 0.134677 7.86199
1250000 0.135215 7.99721
1260000 0.135903 8.13311
1270000 0.137068 8.27018
1280000 0.139992 8.41017
1290000 0.139628 8.5498
1300000 0.140141 8.68994
1310000 0.140287 8.83023
1320000 0.145452 8.97568
1330000 0.144256 9.11994
1340000 0.145825 9.26576
1350000 0.146576 9.41234
1360000 0.147302 9.55964
1370000 0.149449 9.70909
1380000 0.149881 9.85897
1390000 0.150899 10.0099
1400000 0.151219 10.1611
1410000 0.152728 10.3138
1420000 0.154341 10.4682
1430000 0.155094 10.6233
1440000 0.156145 10.7794
1450000 0.159279 10.9387
1460000 0.159382 11.0981
1470000 0.159671 11.2577
1480000 0.162754 11.4205
1490000 0.162772 11.5833
1500000 0.162339 11.7456
1510000 0.163547 11.9091
1520000 0.163824 12.073
1530000 0.166066 12.239
1540000 0.166888 12.4059
1550000 0.168233 12.5742
1560000 0.171514 12.7457
1570000 0.17082 12.9165
1580000 0.172701 13.0892
1590000 0.173603 13.2628
1600000 0.173847 13.4366
1610000 0.174643 13.6113
1620000 0.175654 13.7869
1630000 0.177741 13.9647
1640000 0.176966 14.1416
1650000 0.17949 14.3211
1660000 0.177965 14.4991
1670000 0.182695 14.6818
1680000 0.181885 14.8637
1690000 0.18361 15.0473
1700000 0.18691 15.2342
1710000 0.186191 15.4204
1720000 0.185317 15.6057
1730000 0.187044 15.7927
1740000 0.188351 15.9811
1750000 0.190111 16.1712
1760000 0.191131 16.3623
1770000 0.189686 16.552
1780000 0.191268 16.7433
1790000 0.193665 16.937
1800000 0.192511 17.1295
1810000 0.19487 17.3243
1820000 0.196706 17.521
1830000 0.195549 17.7166
1840000 0.197576 17.9142
1850000 0.19845 18.1126
1860000 0.201595 18.3142
1870000 0.201189 18.5154
1880000 0.201484 18.7169
1890000 0.201422 18.9183
1900000 0.2044 19.1227
1910000 0.203349 19.3261
1920000 0.205188 19.5312
1930000 0.20547 19.7367
1940000 0.207899 19.9446
1950000 0.206114 20.1507
1960000 0.212471 20.3632
1970000 0.211682 20.5749
1980000 0.211561 20.7864
1990000 0.213308 20.9998
2000000 0.211384 21.2111
2010000 0.213314 21.4245
2020000 0.212734 21.6372
2030000 0.213525 21.8507
2040000 0.215205 22.0659
2050000 0.21797 22.2839
2060000 0.218103 22.502
2070000 0.21692 22.7189
2080000 0.221525 22.9404
2090000 0.220624 23.1611
Inserting
10000 0.00078888 0.000788951
20000 0.0014585 0.00224745
30000 0.00229518 0.00454264
40000 0.00307899 0.00762163
50000 0.00399621 0.0116178
60000 0.0050674 0.0166852
70000 0.00561482 0.0223001
80000 0.00670552 0.0290056
90000 0.00758334 0.0365889
100000 0.00835077 0.0449397
110000 0.00934131 0.054281
120000 0.0102315 0.0645125
130000 0.0112285 0.075741
140000 0.0120597 0.0878007
150000 0.0128677 0.100668
160000 0.0140224 0.114691
170000 0.0148223 0.129513
180000 0.0157267 0.14524
190000 0.016561 0.161801
200000 0.0177199 0.179521
210000 0.019055 0.198576
220000 0.0198091 0.218385
230000 0.0206064 0.238991
240000 0.021538 0.260529
250000 0.0223811 0.28291
260000 0.0233493 0.30626
270000 0.0245149 0.330775
280000 0.0254377 0.356212
290000 0.027013 0.383225
300000 0.0270865 0.410312
310000 0.0284489 0.438761
320000 0.0293803 0.468141
330000 0.0306336 0.498775
340000 0.0313271 0.530102
350000 0.0324415 0.562543
360000 0.0334317 0.595975
370000 0.0345166 0.630491
380000 0.0356382 0.66613
390000 0.0364225 0.702552
400000 0.0374 0.739952
410000 0.0388559 0.778808
420000 0.0406846 0.819493
430000 0.0401821 0.859675
440000 0.0414624 0.901137
450000 0.0427236 0.943861
460000 0.0432673 0.987128
470000 0.0446843 1.03181
480000 0.0454197 1.07723
490000 0.0461253 1.12336
500000 0.0475334 1.17089
510000 0.0484428 1.21933
520000 0.0493736 1.26871
530000 0.0503515 1.31906
540000 0.0515296 1.37059
550000 0.0535538 1.42414
560000 0.0529067 1.47705
570000 0.0549985 1.53205
580000 0.0559919 1.58804
590000 0.0568228 1.64486
600000 0.0581277 1.70299
610000 0.0593138 1.7623
620000 0.0612745 1.82358
630000 0.0632939 1.88687
640000 0.0630357 1.94991
650000 0.0643165 2.01422
660000 0.0656509 2.07987
670000 0.0668278 2.1467
680000 0.0671928 2.2139
690000 0.0691902 2.28309
700000 0.0705209 2.35361
710000 0.0734278 2.42703
720000 0.0717787 2.49881
730000 0.0723922 2.57121
740000 0.0726476 2.64385
750000 0.0743897 2.71824
760000 0.0791444 2.79739
770000 0.0787113 2.8761
780000 0.079546 2.95564
790000 0.0805932 3.03624
800000 0.0829138 3.11915
810000 0.0868011 3.20595
820000 0.0951027 3.30106
830000 0.0955958 3.39665
840000 0.0873483 3.484
850000 0.0870926 3.57109
860000 0.0862458 3.65734
870000 0.0865746 3.74391
880000 0.0893343 3.83325
890000 0.0891468 3.92239
900000 0.0902621 4.01266
910000 0.0912638 4.10392
920000 0.091594 4.19551
930000 0.0959998 4.29151
940000 0.0971454 4.38866
950000 0.0994795 4.48814
960000 0.098626 4.58676
970000 0.098181 4.68494
980000 0.0999336 4.78488
990000 0.100276 4.88515
1000000 0.1011 4.98625
1010000 0.107494 5.09375
1020000 0.106197 5.19995
1030000 0.104879 5.30482
1040000 0.11446 5.41928
1050000 0.123781 5.54307
1060000 0.132355 5.67542
1070000 0.134405 5.80983
1080000 0.120673 5.9305
1090000 0.120134 6.05063
1100000 0.130417 6.18105
1110000 0.124304 6.30535
1120000 0.122902 6.42825
1130000 0.123643 6.5519
1140000 0.126536 6.67843
1150000 0.132379 6.81081
1160000 0.129799 6.94061
1170000 0.128623 7.06923
1180000 0.129352 7.19859
1190000 0.130237 7.32882
1200000 0.133927 7.46275
1210000 0.132792 7.59554
1220000 0.138624 7.73417
1230000 0.139038 7.8732
1240000 0.142955 8.01616
1250000 0.149696 8.16585
1260000 0.147269 8.31312
1270000 0.144642 8.45777
1280000 0.157021 8.61479
1290000 0.149976 8.76476
1300000 0.151935 8.9167
1310000 0.151022 9.06772
1320000 0.148256 9.21597
1330000 0.150185 9.36616
1340000 0.15666 9.52282
1350000 0.154559 9.67738
1360000 0.151258 9.82864
1370000 0.151445 9.98008
1380000 0.153489 10.1336
1390000 0.157965 10.2915
1400000 0.157542 10.4491
1410000 0.161912 10.611
1420000 0.163811 10.7748
1430000 0.165178 10.94
1440000 0.162472 11.1025
1450000 0.160414 11.2629
1460000 0.16409 11.427
1470000 0.168084 11.595
1480000 0.169795 11.7648
1490000 0.168537 11.9334
1500000 0.169851 12.1032
1510000 0.168612 12.2718
1520000 0.182476 12.4543
1530000 0.181977 12.6363
1540000 0.18512 12.8214
1550000 0.177602 12.999
1560000 0.178531 13.1775
1570000 0.18547 13.363
1580000 0.178759 13.5418
1590000 0.187593 13.7294
1600000 0.184076 13.9134
1610000 0.184146 14.0976
1620000 0.184628 14.2822
1630000 0.184964 14.4672
1640000 0.182499 14.6497
1650000 0.185089 14.8348
1660000 0.183204 15.018
1670000 0.189762 15.2077
1680000 0.18914 15.3969
1690000 0.192268 15.5891
1700000 0.19223 15.7814
1710000 0.200248 15.9816
1720000 0.198652 16.1803
1730000 0.197065 16.3773
1740000 0.196057 16.5734
1750000 0.196572 16.77
1760000 0.198399 16.9684
1770000 0.196258 17.1646
1780000 0.198452 17.3631
1790000 0.197937 17.561
1800000 0.204613 17.7656
1810000 0.206017 17.9716
1820000 0.203516 18.1752
1830000 0.207029 18.3822
1840000 0.203802 18.586
1850000 0.202907 18.7889
1860000 0.20673 18.9956
1870000 0.20855 19.2042
1880000 0.209067 19.4132
1890000 0.209914 19.6232
1900000 0.208616 19.8318
1910000 0.210021 20.0418
1920000 0.212943 20.2547
1930000 0.213995 20.4687
1940000 0.212383 20.6811
1950000 0.211845 20.893
1960000 0.213805 21.1068
1970000 0.216556 21.3233
1980000 0.219381 21.5427
1990000 0.219321 21.762
2000000 0.217436 21.9795
2010000 0.219196 22.1987
2020000 0.217589 22.4162
2030000 0.219556 22.6358
2040000 0.220834 22.8566
2050000 0.220947 23.0776
2060000 0.22237 23.2999
2070000 0.222559 23.5225
2080000 0.227168 23.7497
2090000 0.225752 23.9754
