GA
Inserting
10000 0.000638775 0.000638833
20000 0.00136227 0.00200111
30000 0.00197485 0.00397596
40000 0.00271091 0.00668687
50000 0.00353188 0.0102187
60000 0.00414414 0.0143629
70000 0.00476267 0.0191256
80000 0.00555343 0.024679
90000 0.00628963 0.0309686
100000 0.00710442 0.038073
110000 0.00803941 0.0461124
120000 0.00871702 0.0548295
130000 0.00968001 0.0645095
140000 0.0103424 0.0748519
150000 0.0112287 0.0860806
160000 0.0119998 0.0980804
170000 0.0128653 0.110946
180000 0.0137219 0.124668
190000 0.014513 0.139181
200000 0.0153029 0.154484
210000 0.0167175 0.171201
220000 0.0172372 0.188438
230000 0.0183954 0.206834
240000 0.0187188 0.225552
250000 0.019572 0.245124
260000 0.0203693 0.265494
270000 0.0211161 0.28661
280000 0.0221916 0.308801
290000 0.0228356 0.331637
300000 0.0237568 0.355394
310000 0.0244408 0.379835
320000 0.0259226 0.405757
330000 0.0266053 0.432363
340000 0.027264 0.459627
350000 0.0282752 0.487902
360000 0.0287805 0.516682
370000 0.0299287 0.546611
380000 0.0312544 0.577865
390000 0.0313767 0.609242
400000 0.0322598 0.641502
410000 0.0330199 0.674522
420000 0.0338887 0.708411
430000 0.0348745 0.743285
440000 0.0359276 0.779213
450000 0.0371818 0.816395
460000 0.0377496 0.854144
470000 0.0391572 0.893301
480000 0.0395874 0.932889
490000 0.0401522 0.973041
500000 0.0416076 1.01465
510000 0.0418068 1.05646
520000 0.0431597 1.09962
530000 0.0476368 1.14725
540000 0.0480563 1.19531
550000 0.0491106 1.24442
560000 0.049669 1.29409
570000 0.0497095 1.3438
580000 0.0515792 1.39538
590000 0.0523749 1.44775
600000 0.0534947 1.50125
610000 0.0534708 1.55472
620000 0.0551267 1.60984
630000 0.0584643 1.66831
640000 0.0586745 1.72698
650000 0.0574957 1.78448
660000 0.0594355 1.84391
670000 0.062881 1.90679
680000 0.0641587 1.97095
690000 0.0667889 2.03774
700000 0.0639093 2.10165
710000 0.068259 2.16991
720000 0.0688389 2.23875
730000 0.0689343 2.30768
740000 0.0707319 2.37842
750000 0.0697122 2.44813
760000 0.0732242 2.52135
770000 0.071708 2.59306
780000 0.0737019 2.66676
790000 0.0755483 2.74231
800000 0.0758022 2.81811
810000 0.0742587 2.89237
820000 0.0750429 2.96741
830000 0.0754895 3.0429
840000 0.0772314 3.12014
850000 0.0785153 3.19865
860000 0.078386 3.27704
870000 0.0803727 3.35741
880000 0.0804995 3.43791
890000 0.0829228 3.52083
900000 0.0831856 3.60402
910000 0.0839962 3.68801
920000 0.0852307 3.77324
930000 0.0882517 3.8615
940000 0.0864363 3.94793
950000 0.0878027 4.03573
960000 0.0889045 4.12464
970000 0.0892774 4.21392
980000 0.090683 4.3046
990000 0.0922411 4.39684
1000000 0.0938241 4.49066
1010000 0.0939788 4.58464
1020000 0.0945595 4.6792
1030000 0.0960517 4.77525
1040000 0.098572 4.87383
Inserting
10000 0.000653529 0.000653652
20000 0.00135257 0.00200622
30000 0.00202447 0.00403069
40000 0.00285979 0.00689049
50000 0.00364071 0.0105312
60000 0.00421285 0.014744
70000 0.00494996 0.019694
80000 0.00602032 0.0257143
90000 0.00648459 0.0321989
100000 0.00714692 0.0393458
110000 0.0080607 0.0474065
120000 0.00878473 0.0561913
130000 0.00963389 0.0658251
140000 0.0104369 0.076262
150000 0.0111732 0.0874352
160000 0.0119479 0.0993831
170000 0.0129742 0.112357
180000 0.0144337 0.126791
190000 0.0157453 0.142536
200000 0.0159712 0.158507
210000 0.0163494 0.174857
220000 0.0168071 0.191664
230000 0.0177662 0.20943
240000 0.0184465 0.227877
250000 0.0193772 0.247254
260000 0.0201708 0.267425
270000 0.0209865 0.288411
280000 0.0219913 0.310402
290000 0.0230124 0.333415
300000 0.0253782 0.358793
310000 0.0246102 0.383403
320000 0.0253878 0.408791
330000 0.026264 0.435055
340000 0.0269744 0.462029
350000 0.0298351 0.491864
360000 0.0293446 0.521209
370000 0.0300409 0.55125
380000 0.0304627 0.581713
390000 0.0321903 0.613903
400000 0.0351821 0.649085
410000 0.0332955 0.682381
420000 0.0340032 0.716384
430000 0.0347207 0.751104
440000 0.0359459 0.78705
450000 0.0368987 0.823949
460000 0.0377799 0.861729
470000 0.0387905 0.90052
480000 0.0392562 0.939776
490000 0.0446713 0.984447
500000 0.0461386 1.03059
510000 0.0432366 1.07382
520000 0.0525886 1.12641
530000 0.0465581 1.17297
540000 0.0470422 1.22001
550000 0.0497726 1.26978
560000 0.0506752 1.32046
570000 0.0494621 1.36992
580000 0.0506703 1.42059
590000 0.0519395 1.47253
600000 0.0560425 1.52857
610000 0.0540481 1.58262
620000 0.0614356 1.64406
630000 0.067071 1.71113
640000 0.0618758 1.773
650000 0.0594055 1.83241
660000 0.0634293 1.89584
670000 0.064736 1.96057
680000 0.0664659 2.02704
690000 0.0623336 2.08937
700000 0.063904 2.15328
710000 0.0656786 2.21896
720000 0.066078 2.28503
730000 0.0665056 2.35154
740000 0.0715691 2.42311
750000 0.0681281 2.49124
760000 0.0704109 2.56165
770000 0.0702159 2.63186
780000 0.0712199 2.70308
790000 0.0722576 2.77534
800000 0.0726671 2.84801
810000 0.0737277 2.92174
820000 0.0748043 2.99654
830000 0.0750962 3.07164
840000 0.0776007 3.14924
850000 0.0775693 3.22681
860000 0.077773 3.30458
870000 0.080239 3.38482
880000 0.0812463 3.46607
890000 0.0832523 3.54932
900000 0.0873211 3.63664
910000 0.0847628 3.7214
920000 0.0848912 3.80629
930000 0.0857771 3.89207
940000 0.0862038 3.97827
950000 0.0879383 4.06621
960000 0.0903494 4.15656
970000 0.090728 4.24729
980000 0.0926309 4.33992
990000 0.0924853 4.43241
1000000 0.0933002 4.52571
1010000 0.0949558 4.62066
1020000 0.0949354 4.7156
1030000 0.0968539 4.81245
1040000 0.0967713 4.90922
Inserting
10000 0.000609842 0.000609913
20000 0.00131715 0.00192706
30000 0.00189204 0.00381911
40000 0.00258877 0.00640788
50000 0.00330104 0.00970892
60000 0.00402557 0.0137345
70000 0.00468193 0.0184164
80000 0.00532289 0.0237393
90000 0.00617582 0.0299151
100000 0.00688616 0.0368013
110000 0.00766478 0.0444661
120000 0.00846673 0.0529328
130000 0.0092777 0.0622105
140000 0.0101224 0.0723329
150000 0.0109081 0.0832411
160000 0.0116185 0.0948596
170000 0.0124726 0.107332
180000 0.0132233 0.120556
190000 0.0139525 0.134508
200000 0.0151062 0.149614
210000 0.0153958 0.16501
220000 0.0163596 0.18137
230000 0.0171481 0.198518
240000 0.0179369 0.216455
250000 0.0186844 0.235139
260000 0.0209118 0.256051
270000 0.0203488 0.2764
280000 0.0213312 0.297731
290000 0.0219783 0.319709
300000 0.0237423 0.343452
310000 0.0240974 0.367549
320000 0.0246008 0.39215
330000 0.0256827 0.417832
340000 0.0260123 0.443845
350000 0.0272121 0.471057
360000 0.0277549 0.498812
370000 0.0289122 0.527724
380000 0.0295235 0.557247
390000 0.0298732 0.58712
400000 0.0313103 0.618431
410000 0.0326526 0.651083
420000 0.0337764 0.68486
430000 0.0336088 0.718468
440000 0.0346705 0.753139
450000 0.0356953 0.788834
460000 0.036459 0.825293
470000 0.0387628 0.864056
480000 0.038466 0.902522
490000 0.0391412 0.941663
500000 0.039579 0.981242
510000 0.040115 1.02136
520000 0.0414219 1.06278
530000 0.0453235 1.1081
540000 0.0454149 1.15352
550000 0.0460954 1.19961
560000 0.0480317 1.24764
570000 0.0500317 1.29768
580000 0.0492419 1.34692
590000 0.0498751 1.39679
600000 0.0510532 1.44785
610000 0.0518518 1.4997
620000 0.0528661 1.55256
630000 0.0532604 1.60582
640000 0.0563278 1.66215
650000 0.0553764 1.71753
660000 0.0569475 1.77448
670000 0.0578393 1.83232
680000 0.0590439 1.89136
690000 0.05912 1.95048
700000 0.060407 2.01089
710000 0.0629834 2.07387
720000 0.0629466 2.13682
730000 0.0635607 2.20038
740000 0.0652773 2.26565
750000 0.0651851 2.33084
760000 0.0699238 2.40076
770000 0.0675948 2.46836
780000 0.0689863 2.53734
790000 0.0694554 2.6068
800000 0.069915 2.67672
810000 0.0736338 2.75035
820000 0.0727439 2.82309
830000 0.0730012 2.89609
840000 0.0743573 2.97045
850000 0.0753505 3.0458
860000 0.0756204 3.12142
870000 0.0776082 3.19903
880000 0.0809972 3.28003
890000 0.0823995 3.36243
900000 0.0861147 3.44854
910000 0.0822216 3.53076
920000 0.0822311 3.61299
930000 0.0827709 3.69577
940000 0.083877 3.77964
950000 0.0849379 3.86458
960000 0.0884083 3.95299
970000 0.0953257 4.04831
980000 0.0900087 4.13832
990000 0.0985416 4.23686
1000000 0.0942311 4.3311
1010000 0.0915821 4.42268
1020000 0.0932242 4.5159
1030000 0.096783 4.61269
1040000 0.094907 4.70759
