GA
Inserting
10000 0.000625755 0.000625826
20000 0.0012899 0.00191573
30000 0.001949 0.00386473
40000 0.00285308 0.0067178
50000 0.00355432 0.0102721
60000 0.00437343 0.0146456
70000 0.00541461 0.0200602
80000 0.00593289 0.0259931
90000 0.00676485 0.0327579
100000 0.00756353 0.0403214
110000 0.00866812 0.0489895
120000 0.00928448 0.058274
130000 0.00986026 0.0681343
140000 0.0106503 0.0787846
150000 0.0115145 0.0902991
160000 0.012308 0.102607
170000 0.0130913 0.115698
180000 0.0142971 0.129995
190000 0.0147608 0.144756
200000 0.0156349 0.160391
210000 0.0168849 0.177276
220000 0.0174224 0.194698
230000 0.0180229 0.212721
240000 0.0189414 0.231663
250000 0.0198747 0.251537
260000 0.0205329 0.27207
270000 0.0215624 0.293633
280000 0.0220118 0.315645
290000 0.0234257 0.33907
300000 0.0238072 0.362877
310000 0.0249874 0.387865
320000 0.0258955 0.41376
330000 0.0270855 0.440846
340000 0.0286319 0.469478
350000 0.0284754 0.497953
360000 0.0293859 0.527339
370000 0.0304479 0.557787
380000 0.0309967 0.588784
390000 0.0323234 0.621107
400000 0.0329374 0.654044
410000 0.0334343 0.687479
420000 0.0350975 0.722576
430000 0.0362162 0.758792
440000 0.0365102 0.795303
450000 0.0374854 0.832788
460000 0.0382445 0.871033
470000 0.0396088 0.910641
480000 0.0407844 0.951426
490000 0.0410085 0.992434
500000 0.0420792 1.03451
510000 0.0433482 1.07786
520000 0.0441932 1.12205
530000 0.0448489 1.1669
540000 0.0465903 1.21349
550000 0.0467734 1.26027
560000 0.0469345 1.3072
570000 0.0484248 1.35563
580000 0.0493813 1.40501
590000 0.0503897 1.4554
600000 0.0508212 1.50622
610000 0.0521249 1.55834
620000 0.0535087 1.61185
630000 0.0539601 1.66581
640000 0.0546343 1.72045
650000 0.0556287 1.77608
660000 0.0562148 1.83229
670000 0.0568517 1.88914
680000 0.0598417 1.94898
690000 0.0597098 2.00869
700000 0.0615984 2.07029
710000 0.061043 2.13134
720000 0.0634021 2.19474
730000 0.0631743 2.25791
740000 0.063607 2.32152
750000 0.0647118 2.38623
760000 0.0668026 2.45303
770000 0.0671535 2.52019
780000 0.0692077 2.58939
790000 0.0695664 2.65896
800000 0.0693332 2.72829
810000 0.070964 2.79926
820000 0.0724074 2.87167
830000 0.0727285 2.94439
840000 0.0744674 3.01886
850000 0.0754405 3.0943
860000 0.0772954 3.1716
870000 0.0824805 3.25408
880000 0.0844593 3.33854
890000 0.0849545 3.42349
900000 0.0873407 3.51083
910000 0.085935 3.59677
920000 0.0898032 3.68657
930000 0.0847863 3.77136
940000 0.0868384 3.85819
950000 0.0860439 3.94424
960000 0.085917 4.03016
970000 0.0863383 4.11649
980000 0.0875611 4.20406
990000 0.0887974 4.29285
1000000 0.0906773 4.38353
1010000 0.0945732 4.4781
1020000 0.103351 4.58145
1030000 0.100475 4.68193
1040000 0.102841 4.78477
1050000 0.109904 4.89467
1060000 0.111988 5.00666
1070000 0.127599 5.13426
1080000 0.124417 5.25868
1090000 0.119032 5.37771
1100000 0.118478 5.49619
1110000 0.117918 5.61411
1120000 0.112976 5.72708
1130000 0.113007 5.84009
1140000 0.114425 5.95451
1150000 0.110752 6.06527
1160000 0.109697 6.17496
1170000 0.109661 6.28462
1180000 0.110866 6.39549
1190000 0.114059 6.50955
1200000 0.116266 6.62582
1210000 0.115505 6.74132
1220000 0.115898 6.85722
1230000 0.117595 6.97481
1240000 0.117004 7.09182
1250000 0.11764 7.20946
1260000 0.118793 7.32825
1270000 0.120714 7.44897
1280000 0.120821 7.56979
1290000 0.122386 7.69217
1300000 0.123454 7.81563
1310000 0.124888 7.94051
1320000 0.126312 8.06683
1330000 0.126375 8.1932
1340000 0.126801 8.32
1350000 0.127932 8.44793
1360000 0.129691 8.57763
1370000 0.129519 8.70714
1380000 0.130691 8.83784
1390000 0.134023 8.97186
1400000 0.134076 9.10593
1410000 0.13627 9.2422
1420000 0.138141 9.38035
1430000 0.137341 9.51769
1440000 0.137461 9.65515
1450000 0.137944 9.79309
1460000 0.14072 9.93381
1470000 0.141144 10.075
1480000 0.142472 10.2174
1490000 0.142797 10.3602
1500000 0.145691 10.5059
1510000 0.14381 10.6497
1520000 0.144289 10.794
1530000 0.146982 10.941
1540000 0.148824 11.0898
1550000 0.148651 11.2385
1560000 0.149226 11.3877
1570000 0.152995 11.5407
1580000 0.154014 11.6947
1590000 0.152808 11.8475
1600000 0.155411 12.0029
1610000 0.15346 12.1564
1620000 0.156206 12.3126
1630000 0.157192 12.4698
1640000 0.15786 12.6276
1650000 0.16077 12.7884
1660000 0.161748 12.9502
1670000 0.163089 13.1133
1680000 0.16451 13.2778
1690000 0.16494 13.4427
1700000 0.16562 13.6083
1710000 0.165398 13.7737
1720000 0.177302 13.951
1730000 0.185075 14.1361
1740000 0.182596 14.3187
1750000 0.184999 14.5037
1760000 0.191192 14.6949
1770000 0.190464 14.8853
1780000 0.191217 15.0766
1790000 0.185815 15.2624
1800000 0.19556 15.4579
1810000 0.194195 15.6521
1820000 0.185507 15.8376
1830000 0.18185 16.0195
1840000 0.182225 16.2017
1850000 0.184861 16.3866
1860000 0.182644 16.5692
1870000 0.186096 16.7553
1880000 0.185345 16.9407
1890000 0.184837 17.1255
1900000 0.187651 17.3131
1910000 0.188415 17.5016
1920000 0.188353 17.6899
1930000 0.18932 17.8792
1940000 0.189867 18.0691
1950000 0.190986 18.2601
1960000 0.190619 18.4507
1970000 0.193457 18.6442
1980000 0.19475 18.8389
1990000 0.194435 19.0334
2000000 0.197841 19.2312
2010000 0.196422 19.4276
2020000 0.202101 19.6297
2030000 0.204615 19.8343
2040000 0.206162 20.0405
2050000 0.207295 20.2478
2060000 0.212503 20.4603
2070000 0.207888 20.6682
2080000 0.21277 20.8809
2090000 0.216816 21.0978
Inserting
10000 0.000735942 0.000736023
20000 0.00146611 0.00220213
30000 0.0021677 0.00436983
40000 0.00292651 0.00729634
50000 0.00370607 0.0110024
60000 0.00454433 0.0155467
70000 0.00539961 0.0209463
80000 0.00637609 0.0273224
90000 0.00729972 0.0346222
100000 0.00825363 0.0428758
110000 0.00876304 0.0516388
120000 0.0102749 0.0619137
130000 0.0111442 0.0730579
140000 0.0117542 0.0848121
150000 0.0129112 0.0977233
160000 0.0137196 0.111443
170000 0.0145885 0.126031
180000 0.0159631 0.141994
190000 0.0166055 0.1586
200000 0.0175991 0.176199
210000 0.0193079 0.195507
220000 0.0198494 0.215356
230000 0.0215408 0.236897
240000 0.0225995 0.259497
250000 0.0236217 0.283118
260000 0.0243919 0.30751
270000 0.0254645 0.332975
280000 0.0264974 0.359472
290000 0.0282475 0.38772
300000 0.0286079 0.416327
310000 0.0304157 0.446743
320000 0.0294537 0.476197
330000 0.0296864 0.505883
340000 0.0304727 0.536356
350000 0.0309492 0.567305
360000 0.0316055 0.598911
370000 0.0326265 0.631537
380000 0.0343375 0.665875
390000 0.0359427 0.701817
400000 0.0345981 0.736416
410000 0.0351543 0.77157
420000 0.0366309 0.808201
430000 0.0395196 0.84772
440000 0.0387453 0.886466
450000 0.0416822 0.928148
460000 0.0411162 0.969264
470000 0.0438575 1.01312
480000 0.0447581 1.05788
490000 0.0431206 1.101
500000 0.0438175 1.14482
510000 0.0438891 1.18871
520000 0.0448184 1.23353
530000 0.0451978 1.27872
540000 0.0456258 1.32435
550000 0.0492289 1.37358
560000 0.0521877 1.42577
570000 0.0514394 1.4772
580000 0.0549562 1.53216
590000 0.0525588 1.58472
600000 0.0565141 1.64123
610000 0.0551224 1.69636
620000 0.0557639 1.75212
630000 0.0551143 1.80723
640000 0.0549541 1.86219
650000 0.0557179 1.91791
660000 0.055865 1.97377
670000 0.0570303 2.0308
680000 0.0593037 2.09011
690000 0.0605114 2.15062
700000 0.0607694 2.21139
710000 0.0632769 2.27466
720000 0.0635477 2.33821
730000 0.063673 2.40188
740000 0.0637719 2.46566
750000 0.0649678 2.53062
760000 0.0660078 2.59663
770000 0.06854 2.66517
780000 0.0674935 2.73266
790000 0.0691795 2.80184
800000 0.0692316 2.87108
810000 0.0707855 2.94186
820000 0.0722693 3.01413
830000 0.0723785 3.08651
840000 0.0740641 3.16057
850000 0.0744081 3.23498
860000 0.0771724 3.31215
870000 0.0772717 3.38943
880000 0.0785561 3.46798
890000 0.0774542 3.54544
900000 0.0795094 3.62494
910000 0.0814292 3.70637
920000 0.0818427 3.78822
930000 0.0825409 3.87076
940000 0.0840025 3.95476
950000 0.0852914 4.04005
960000 0.0856947 4.12575
970000 0.0858745 4.21162
980000 0.088004 4.29962
990000 0.0882 4.38782
1000000 0.0888528 4.47668
1010000 0.092766 4.56944
1020000 0.0919185 4.66136
1030000 0.0928316 4.75419
1040000 0.0930415 4.84724
1050000 0.100249 4.94748
1060000 0.100139 5.04762
1070000 0.103842 5.15147
1080000 0.110407 5.26187
1090000 0.109857 5.37173
1100000 0.115422 5.48715
1110000 0.117954 5.6051
1120000 0.118143 5.72325
1130000 0.123363 5.84661
1140000 0.131063 5.97767
1150000 0.134813 6.11249
1160000 0.142972 6.25546
1170000 0.135903 6.39136
1180000 0.132869 6.52423
1190000 0.133471 6.6577
1200000 0.135963 6.79366
1210000 0.140254 6.93392
1220000 0.140891 7.07481
1230000 0.128111 7.20292
1240000 0.127623 7.33054
1250000 0.124131 7.45467
1260000 0.121763 7.57644
1270000 0.122172 7.69861
1280000 0.122011 7.82062
1290000 0.125344 7.94596
1300000 0.126358 8.07232
1310000 0.124739 8.19706
1320000 0.129462 8.32652
1330000 0.126856 8.45338
1340000 0.128525 8.5819
1350000 0.1293 8.7112
1360000 0.131749 8.84295
1370000 0.132263 8.97522
1380000 0.133518 9.10873
1390000 0.133612 9.24235
1400000 0.137418 9.37976
1410000 0.13934 9.5191
1420000 0.137856 9.65696
1430000 0.138617 9.79558
1440000 0.139723 9.9353
1450000 0.140028 10.0753
1460000 0.141282 10.2166
1470000 0.143098 10.3597
1480000 0.144648 10.5044
1490000 0.145885 10.6502
1500000 0.147269 10.7975
1510000 0.146395 10.9439
1520000 0.148014 11.0919
1530000 0.149207 11.2411
1540000 0.150786 11.3919
1550000 0.151928 11.5438
1560000 0.152786 11.6966
1570000 0.153292 11.8499
1580000 0.15539 12.0053
1590000 0.156577 12.1619
1600000 0.157546 12.3194
1610000 0.155916 12.4753
1620000 0.159083 12.6344
1630000 0.159414 12.7938
1640000 0.161264 12.9551
1650000 0.163199 13.1183
1660000 0.164223 13.2825
1670000 0.164606 13.4471
1680000 0.166807 13.6139
1690000 0.166851 13.7808
1700000 0.168032 13.9488
1710000 0.167663 14.1165
1720000 0.170229 14.2867
1730000 0.169315 14.456
1740000 0.171621 14.6277
1750000 0.172735 14.8004
1760000 0.174194 14.9746
1770000 0.175027 15.1496
1780000 0.176917 15.3265
1790000 0.176791 15.5033
1800000 0.177754 15.6811
1810000 0.177362 15.8584
1820000 0.182752 16.0412
1830000 0.180853 16.222
1840000 0.18221 16.4042
1850000 0.182127 16.5864
1860000 0.186144 16.7725
1870000 0.186834 16.9594
1880000 0.187597 17.147
1890000 0.189502 17.3365
1900000 0.189579 17.526
1910000 0.192054 17.7181
1920000 0.191654 17.9097
1930000 0.191938 18.1017
1940000 0.193406 18.2951
1950000 0.193106 18.4882
1960000 0.196206 18.6844
1970000 0.19845 18.8828
1980000 0.198717 19.0816
1990000 0.197533 19.2791
2000000 0.201574 19.4807
2010000 0.200361 19.681
2020000 0.20265 19.8837
2030000 0.203691 20.0874
2040000 0.205389 20.2928
2050000 0.202283 20.495
2060000 0.205064 20.7001
2070000 0.208584 20.9087
2080000 0.20843 21.1171
2090000 0.212661 21.3298
Inserting
10000 0.000624776 0.000624856
20000 0.00126455 0.00188941
30000 0.00199164 0.00388105
40000 0.00265068 0.00653173
50000 0.00334253 0.00987426
60000 0.00415636 0.0140306
70000 0.00499213 0.0190228
80000 0.00577008 0.0247928
90000 0.00663219 0.031425
100000 0.0073098 0.0387348
110000 0.00807939 0.0468142
120000 0.00902619 0.0558404
130000 0.00964286 0.0654833
140000 0.0104425 0.0759258
150000 0.0113042 0.08723
160000 0.0122464 0.0994763
170000 0.0129133 0.11239
180000 0.0139411 0.126331
190000 0.0143657 0.140696
200000 0.0153164 0.156013
210000 0.0163994 0.172412
220000 0.017472 0.189884
230000 0.0182596 0.208144
240000 0.018751 0.226895
250000 0.0197571 0.246652
260000 0.0201281 0.26678
270000 0.0213599 0.28814
280000 0.021812 0.309952
290000 0.0230686 0.333021
300000 0.0237965 0.356817
310000 0.0246442 0.381461
320000 0.0257619 0.407223
330000 0.0263185 0.433542
340000 0.0271973 0.460739
350000 0.0283162 0.489055
360000 0.028949 0.518004
370000 0.030111 0.548115
380000 0.0307943 0.578909
390000 0.032095 0.611004
400000 0.0324338 0.643438
410000 0.0331411 0.676579
420000 0.0344494 0.711029
430000 0.0352642 0.746293
440000 0.0358735 0.782166
450000 0.0371035 0.81927
460000 0.0376228 0.856893
470000 0.0391527 0.896045
480000 0.0400324 0.936078
490000 0.0400807 0.976158
500000 0.0413884 1.01755
510000 0.0424386 1.05999
520000 0.042662 1.10265
530000 0.0439143 1.14656
540000 0.0455254 1.19209
550000 0.0457883 1.23788
560000 0.0458351 1.28371
570000 0.0476899 1.3314
580000 0.0487493 1.38015
590000 0.0490674 1.42922
600000 0.0500969 1.47931
610000 0.0509236 1.53024
620000 0.0524106 1.58265
630000 0.0542764 1.63692
640000 0.0531936 1.69012
650000 0.0548012 1.74492
660000 0.0553271 1.80025
670000 0.0564494 1.8567
680000 0.0579889 1.91469
690000 0.0587399 1.97343
700000 0.0594058 2.03283
710000 0.0604346 2.09327
720000 0.0627428 2.15601
730000 0.0623566 2.21836
740000 0.0625571 2.28092
750000 0.0641715 2.34509
760000 0.0652053 2.4103
770000 0.0663608 2.47666
780000 0.0661898 2.54285
790000 0.0684245 2.61127
800000 0.0685448 2.67982
810000 0.0700282 2.74985
820000 0.0710982 2.82095
830000 0.0712645 2.89221
840000 0.0731267 2.96534
850000 0.0776523 3.04299
860000 0.0760463 3.11903
870000 0.0766821 3.19572
880000 0.0762036 3.27192
890000 0.0763016 3.34822
900000 0.0785186 3.42674
910000 0.0803265 3.50707
920000 0.0816712 3.58874
930000 0.0824322 3.67117
940000 0.0863002 3.75747
950000 0.0853899 3.84286
960000 0.0921581 3.93502
970000 0.086674 4.02169
980000 0.091471 4.11316
990000 0.0918478 4.20501
1000000 0.0910382 4.29605
1010000 0.0926793 4.38873
1020000 0.0910106 4.47974
1030000 0.091527 4.57127
1040000 0.0993372 4.6706
1050000 0.108288 4.77889
1060000 0.0994078 4.8783
1070000 0.107077 4.98538
1080000 0.105472 5.09085
1090000 0.105042 5.19589
1100000 0.104154 5.30004
1110000 0.104038 5.40408
1120000 0.105454 5.50954
1130000 0.1079 5.61744
1140000 0.108073 5.72551
1150000 0.110289 5.8358
1160000 0.108613 5.94441
1170000 0.111511 6.05592
1180000 0.11927 6.17519
1190000 0.115441 6.29063
1200000 0.113064 6.4037
1210000 0.117681 6.52138
1220000 0.120869 6.64225
1230000 0.115193 6.75744
1240000 0.11768 6.87512
1250000 0.122799 6.99792
1260000 0.122382 7.1203
1270000 0.12116 7.24146
1280000 0.121053 7.36251
1290000 0.129985 7.4925
1300000 0.124947 7.61745
1310000 0.123128 7.74057
1320000 0.126657 7.86723
1330000 0.12482 7.99205
1340000 0.126883 8.11893
1350000 0.129424 8.24836
1360000 0.130919 8.37928
1370000 0.133161 8.51244
1380000 0.131869 8.64431
1390000 0.13217 8.77648
1400000 0.134057 8.91053
1410000 0.135259 9.04579
1420000 0.136768 9.18256
1430000 0.136995 9.31956
1440000 0.140177 9.45973
1450000 0.138854 9.59859
1460000 0.142716 9.7413
1470000 0.147869 9.88917
1480000 0.146837 10.036
1490000 0.142876 10.1789
1500000 0.149472 10.3284
1510000 0.14836 10.4767
1520000 0.149648 10.6264
1530000 0.150703 10.7771
1540000 0.153546 10.9306
1550000 0.155331 11.0859
1560000 0.164218 11.2502
1570000 0.162236 11.4124
1580000 0.159973 11.5724
1590000 0.160131 11.7325
1600000 0.15904 11.8915
1610000 0.158162 12.0497
1620000 0.160385 12.2101
1630000 0.166595 12.3767
1640000 0.163037 12.5397
1650000 0.166071 12.7058
1660000 0.169774 12.8756
1670000 0.172653 13.0482
1680000 0.177799 13.226
1690000 0.177051 13.4031
1700000 0.171069 13.5741
1710000 0.169604 13.7437
1720000 0.16969 13.9134
1730000 0.173339 14.0868
1740000 0.171156 14.2579
1750000 0.170789 14.4287
1760000 0.171193 14.5999
1770000 0.17275 14.7727
1780000 0.174122 14.9468
1790000 0.177135 15.1239
1800000 0.17533 15.2992
1810000 0.176222 15.4755
1820000 0.17742 15.6529
1830000 0.178262 15.8312
1840000 0.179763 16.0109
1850000 0.180744 16.1917
1860000 0.184207 16.3759
1870000 0.187355 16.5632
1880000 0.194848 16.7581
1890000 0.191423 16.9495
1900000 0.189568 17.1391
1910000 0.191757 17.3308
1920000 0.196029 17.5268
1930000 0.203917 17.7308
1940000 0.198582 17.9293
1950000 0.193709 18.1231
1960000 0.195425 18.3185
1970000 0.199919 18.5184
1980000 0.205089 18.7235
1990000 0.209684 18.9332
2000000 0.203748 19.1369
2010000 0.202062 19.339
2020000 0.20673 19.5457
2030000 0.211038 19.7567
2040000 0.215893 19.9726
2050000 0.218206 20.1908
2060000 0.216667 20.4075
2070000 0.228153 20.6357
2080000 0.224647 20.8603
2090000 0.216739 21.0771
