GA
Inserting
10000 0.000690984 0.000691081
20000 0.00143153 0.00212262
30000 0.00205641 0.00417903
40000 0.00281348 0.00699251
50000 0.00359007 0.0105826
60000 0.0043878 0.0149704
70000 0.0052326 0.020203
80000 0.00593722 0.0261402
90000 0.00659187 0.0327321
100000 0.0074525 0.0401846
110000 0.00814694 0.0483315
120000 0.0090768 0.0574083
130000 0.0097476 0.0671559
140000 0.010432 0.0775879
150000 0.0113729 0.0889608
160000 0.0120396 0.101
170000 0.012756 0.113756
180000 0.0137984 0.127555
190000 0.0144334 0.141988
200000 0.014988 0.156976
210000 0.0160806 0.173057
220000 0.0174273 0.190484
230000 0.0174504 0.207935
240000 0.0185499 0.226484
250000 0.0204747 0.246959
260000 0.019511 0.26647
270000 0.0204338 0.286904
280000 0.0212025 0.308106
290000 0.0225207 0.330627
300000 0.0241916 0.354819
310000 0.0239222 0.378741
320000 0.0246749 0.403416
330000 0.0255379 0.428954
340000 0.0265918 0.455546
350000 0.0276932 0.483239
360000 0.0279008 0.51114
370000 0.028593 0.539733
380000 0.0300288 0.569761
390000 0.0311201 0.600881
400000 0.0313559 0.632237
410000 0.0314443 0.663682
420000 0.032974 0.696656
430000 0.0345471 0.731203
440000 0.0345406 0.765743
450000 0.0363451 0.802088
460000 0.0412137 0.843302
470000 0.0388547 0.882157
480000 0.0420628 0.92422
490000 0.0403493 0.964569
500000 0.0403635 1.00493
510000 0.04151 1.04644
520000 0.0412707 1.08771
530000 0.0415455 1.12926
540000 0.0425472 1.17181
550000 0.043511 1.21532
560000 0.0463295 1.26165
570000 0.0485056 1.31015
580000 0.0487963 1.35895
590000 0.0495189 1.40847
600000 0.0526873 1.46115
610000 0.0524098 1.51356
620000 0.0521018 1.56567
630000 0.0551911 1.62086
640000 0.0599923 1.68085
650000 0.0588118 1.73966
660000 0.0576972 1.79736
670000 0.0580148 1.85537
680000 0.0580359 1.91341
690000 0.0582392 1.97165
700000 0.0591814 2.03083
710000 0.0604751 2.0913
720000 0.0615144 2.15282
730000 0.0621111 2.21493
740000 0.0638792 2.27881
750000 0.0646092 2.34342
760000 0.0642657 2.40768
770000 0.0650788 2.47276
780000 0.065733 2.5385
790000 0.0675905 2.60609
800000 0.0684538 2.67454
810000 0.0700505 2.74459
820000 0.0702015 2.81479
830000 0.0703214 2.88511
840000 0.0721922 2.95731
850000 0.0731302 3.03044
860000 0.0740916 3.10453
870000 0.0749482 3.17948
880000 0.0776753 3.25715
890000 0.0779669 3.33512
900000 0.0786886 3.41381
910000 0.0794674 3.49327
920000 0.0803419 3.57362
930000 0.0815968 3.65521
940000 0.0830764 3.73829
950000 0.0824144 3.8207
960000 0.0834644 3.90417
970000 0.0860508 3.99022
980000 0.0859278 4.07615
990000 0.0866304 4.16278
1000000 0.0888 4.25158
1010000 0.0918825 4.34346
1020000 0.0887909 4.43225
1030000 0.0902972 4.52255
1040000 0.0940655 4.61661
1050000 0.100112 4.71673
1060000 0.0983973 4.81512
1070000 0.100632 4.91575
1080000 0.101216 5.01697
1090000 0.101201 5.11817
1100000 0.102732 5.2209
1110000 0.109168 5.33007
1120000 0.105263 5.43533
1130000 0.104945 5.54028
1140000 0.105994 5.64627
1150000 0.112813 5.75909
1160000 0.110061 5.86915
1170000 0.110554 5.9797
1180000 0.111286 6.09099
1190000 0.112615 6.2036
1200000 0.113548 6.31715
1210000 0.113189 6.43034
1220000 0.114781 6.54512
1230000 0.119362 6.66448
1240000 0.119876 6.78436
1250000 0.12037 6.90473
1260000 0.123387 7.02811
1270000 0.121314 7.14943
1280000 0.12316 7.27259
1290000 0.123419 7.39601
1300000 0.122482 7.51849
1310000 0.126365 7.64485
1320000 0.129973 7.77483
1330000 0.128144 7.90297
1340000 0.128377 8.03135
1350000 0.129863 8.16121
1360000 0.131854 8.29307
1370000 0.131972 8.42504
1380000 0.132217 8.55726
1390000 0.134816 8.69207
1400000 0.13568 8.82775
1410000 0.136921 8.96467
1420000 0.136246 9.10092
1430000 0.137871 9.23879
1440000 0.142371 9.38116
1450000 0.14104 9.5222
1460000 0.143775 9.66598
1470000 0.144212 9.81019
1480000 0.142865 9.95305
1490000 0.144094 10.0971
1500000 0.146802 10.2439
1510000 0.152154 10.3961
1520000 0.150546 10.5466
1530000 0.151282 10.6979
1540000 0.152281 10.8502
1550000 0.150213 11.0004
1560000 0.150308 11.1507
1570000 0.154329 11.3051
1580000 0.155555 11.4606
1590000 0.155707 11.6163
1600000 0.159953 11.7763
1610000 0.159527 11.9358
1620000 0.157287 12.0931
1630000 0.16051 12.2536
1640000 0.164108 12.4177
1650000 0.164114 12.5818
1660000 0.165651 12.7475
1670000 0.167385 12.9149
1680000 0.173459 13.0883
1690000 0.169285 13.2576
1700000 0.168551 13.4262
1710000 0.169608 13.5958
1720000 0.170887 13.7666
1730000 0.170303 13.9369
1740000 0.171833 14.1088
1750000 0.178095 14.2869
1760000 0.173554 14.4604
1770000 0.175282 14.6357
1780000 0.178519 14.8142
1790000 0.177467 14.9917
1800000 0.179401 15.1711
1810000 0.187332 15.3584
1820000 0.183622 15.5421
1830000 0.186819 15.7289
1840000 0.186529 15.9154
1850000 0.187182 16.1026
1860000 0.186907 16.2895
1870000 0.18632 16.4758
1880000 0.188214 16.664
1890000 0.191867 16.8559
1900000 0.188144 17.044
1910000 0.191305 17.2353
1920000 0.201813 17.4372
1930000 0.197652 17.6348
1940000 0.200238 17.835
1950000 0.198676 18.0337
1960000 0.202793 18.2365
1970000 0.210558 18.4471
1980000 0.2067 18.6538
1990000 0.208702 18.8625
2000000 0.202517 19.065
2010000 0.204778 19.2698
2020000 0.205482 19.4753
2030000 0.214471 19.6897
2040000 0.213235 19.903
2050000 0.211672 20.1146
2060000 0.211042 20.3257
2070000 0.211098 20.5368
2080000 0.214671 20.7514
2090000 0.215515 20.967
Inserting
10000 0.000786397 0.000786514
20000 0.00155194 0.00233846
30000 0.00262276 0.00496122
40000 0.0031753 0.00813651
50000 0.00403049 0.012167
60000 0.00502596 0.017193
70000 0.00622697 0.0234199
80000 0.00673823 0.0301582
90000 0.00773339 0.0378915
100000 0.00826454 0.0461561
110000 0.0097443 0.0559004
120000 0.0102008 0.0661012
130000 0.0111817 0.0772829
140000 0.012067 0.0893499
150000 0.0132779 0.102628
160000 0.0135116 0.116139
170000 0.0150973 0.131237
180000 0.0164244 0.147661
190000 0.0171608 0.164822
200000 0.0175484 0.18237
210000 0.0178976 0.200268
220000 0.0181998 0.218468
230000 0.0189554 0.237423
240000 0.0197505 0.257174
250000 0.0205214 0.277695
260000 0.0241489 0.301844
270000 0.022839 0.324683
280000 0.0228879 0.347571
290000 0.0239687 0.371539
300000 0.0247537 0.396293
310000 0.0248568 0.42115
320000 0.0255849 0.446735
330000 0.0264069 0.473142
340000 0.0270631 0.500205
350000 0.0275347 0.52774
360000 0.0278275 0.555567
370000 0.0285396 0.584107
380000 0.0292855 0.613392
390000 0.0296583 0.64305
400000 0.0307631 0.673814
410000 0.0312674 0.705081
420000 0.0327564 0.737837
430000 0.0337174 0.771555
440000 0.0340048 0.80556
450000 0.0347906 0.84035
460000 0.0357838 0.876134
470000 0.0366291 0.912763
480000 0.0381043 0.950867
490000 0.0382778 0.989145
500000 0.0404013 1.02955
510000 0.0408159 1.07036
520000 0.0411479 1.11151
530000 0.0408619 1.15237
540000 0.0418517 1.19422
550000 0.0429483 1.23717
560000 0.045613 1.28279
570000 0.0473707 1.33016
580000 0.0491067 1.37926
590000 0.0485512 1.42781
600000 0.0500227 1.47784
610000 0.0503458 1.52818
620000 0.0507373 1.57892
630000 0.0515726 1.63049
640000 0.0534284 1.68392
650000 0.0546139 1.73853
660000 0.0552171 1.79375
670000 0.0555288 1.84928
680000 0.0569363 1.90622
690000 0.0588089 1.96503
700000 0.0587928 2.02382
710000 0.0603031 2.08412
720000 0.0607264 2.14485
730000 0.0607355 2.20558
740000 0.0631673 2.26875
750000 0.0653277 2.33408
760000 0.0645327 2.39861
770000 0.0654196 2.46403
780000 0.0665439 2.53057
790000 0.0678927 2.59847
800000 0.0673678 2.66583
810000 0.0691844 2.73502
820000 0.0726623 2.80768
830000 0.0722187 2.8799
840000 0.0731843 2.95308
850000 0.0735526 3.02664
860000 0.0743671 3.101
870000 0.0753797 3.17638
880000 0.0760358 3.25242
890000 0.0770048 3.32942
900000 0.0804029 3.40983
910000 0.0784341 3.48826
920000 0.079322 3.56758
930000 0.080263 3.64785
940000 0.0819505 3.7298
950000 0.082267 3.81206
960000 0.0833049 3.89537
970000 0.0861661 3.98154
980000 0.0853683 4.0669
990000 0.086168 4.15307
1000000 0.0875435 4.24061
1010000 0.089178 4.32979
1020000 0.092772 4.42256
1030000 0.0912459 4.51381
1040000 0.0906248 4.60444
1050000 0.0972971 4.70173
1060000 0.0976104 4.79934
1070000 0.0998646 4.89921
1080000 0.102356 5.00156
1090000 0.101945 5.10351
1100000 0.102501 5.20601
1110000 0.103111 5.30912
1120000 0.10684 5.41596
1130000 0.106003 5.52196
1140000 0.107966 5.62993
1150000 0.108045 5.73798
1160000 0.108152 5.84613
1170000 0.110149 5.95628
1180000 0.111751 6.06803
1190000 0.11134 6.17937
1200000 0.113598 6.29297
1210000 0.115695 6.40866
1220000 0.116073 6.52473
1230000 0.11652 6.64125
1240000 0.118384 6.75964
1250000 0.120302 6.87994
1260000 0.121162 7.0011
1270000 0.121421 7.12252
1280000 0.120618 7.24314
1290000 0.12343 7.36657
1300000 0.123564 7.49013
1310000 0.125854 7.61599
1320000 0.127423 7.74341
1330000 0.130522 7.87393
1340000 0.130776 8.00471
1350000 0.129111 8.13382
1360000 0.129848 8.26367
1370000 0.132427 8.3961
1380000 0.132835 8.52893
1390000 0.132905 8.66184
1400000 0.134553 8.79639
1410000 0.138833 8.93522
1420000 0.136382 9.0716
1430000 0.13938 9.21099
1440000 0.13982 9.35081
1450000 0.141095 9.4919
1460000 0.141991 9.63389
1470000 0.143297 9.77719
1480000 0.142401 9.91959
1490000 0.147662 10.0673
1500000 0.144522 10.2118
1510000 0.148891 10.3607
1520000 0.148644 10.5093
1530000 0.14919 10.6585
1540000 0.149703 10.8082
1550000 0.150261 10.9585
1560000 0.151254 11.1097
1570000 0.152066 11.2618
1580000 0.153627 11.4154
1590000 0.156384 11.5718
1600000 0.158033 11.7298
1610000 0.158026 11.8879
1620000 0.159432 12.0473
1630000 0.159618 12.2069
1640000 0.16164 12.3685
1650000 0.162243 12.5308
1660000 0.162709 12.6935
1670000 0.166364 12.8599
1680000 0.166433 13.0263
1690000 0.165818 13.1921
1700000 0.166575 13.3587
1710000 0.167304 13.526
1720000 0.173067 13.6991
1730000 0.173886 13.8729
1740000 0.184425 14.0574
1750000 0.184829 14.2422
1760000 0.191405 14.4336
1770000 0.193873 14.6275
1780000 0.190196 14.8177
1790000 0.189378 15.0071
1800000 0.181135 15.1882
1810000 0.185551 15.3737
1820000 0.194586 15.5683
1830000 0.193112 15.7614
1840000 0.193758 15.9552
1850000 0.194325 16.1495
1860000 0.192972 16.3425
1870000 0.199509 16.542
1880000 0.194535 16.7365
1890000 0.205659 16.9422
1900000 0.208311 17.1505
1910000 0.20163 17.3521
1920000 0.20327 17.5554
1930000 0.210185 17.7656
1940000 0.212396 17.978
1950000 0.210502 18.1885
1960000 0.219319 18.4078
1970000 0.204978 18.6128
1980000 0.202396 18.8152
1990000 0.202303 19.0175
2000000 0.202923 19.2204
2010000 0.20945 19.4299
2020000 0.209599 19.6395
2030000 0.208085 19.8475
2040000 0.205189 20.0527
2050000 0.213458 20.2662
2060000 0.213103 20.4793
2070000 0.217728 20.697
2080000 0.223556 20.9206
2090000 0.227226 21.1478
Inserting
10000 0.000690063 0.000690133
20000 0.00145435 0.00214448
30000 0.00214692 0.00429141
40000 0.00288487 0.00717627
50000 0.0036897 0.010866
60000 0.00446954 0.0153355
70000 0.00542336 0.0207589
80000 0.00611363 0.0268725
90000 0.00660054 0.033473
100000 0.00747567 0.0409487
110000 0.00848524 0.0494339
120000 0.00889205 0.058326
130000 0.00981008 0.0681361
140000 0.0104915 0.0786276
150000 0.0112882 0.0899158
160000 0.0120537 0.101969
170000 0.012536 0.114506
180000 0.0134719 0.127977
190000 0.014422 0.142399
200000 0.0159571 0.158357
210000 0.0171621 0.175519
220000 0.0177904 0.193309
230000 0.0182314 0.21154
240000 0.0200001 0.231541
250000 0.0201912 0.251732
260000 0.0203856 0.272117
270000 0.0213666 0.293484
280000 0.0219193 0.315403
290000 0.0236722 0.339075
300000 0.0256886 0.364764
310000 0.0247001 0.389464
320000 0.0252166 0.414681
330000 0.0278701 0.442551
340000 0.0296185 0.472169
350000 0.0283491 0.500519
360000 0.0293803 0.529899
370000 0.0304161 0.560315
380000 0.0306867 0.591002
390000 0.0313808 0.622383
400000 0.0322753 0.654658
410000 0.0328306 0.687488
420000 0.0341213 0.72161
430000 0.0343187 0.755928
440000 0.0342768 0.790205
450000 0.0347631 0.824968
460000 0.0354562 0.860424
470000 0.0368807 0.897305
480000 0.0379393 0.935245
490000 0.0387266 0.973971
500000 0.0395276 1.0135
510000 0.0408471 1.05435
520000 0.0423274 1.09667
530000 0.0419204 1.13859
540000 0.0440126 1.18261
550000 0.0441232 1.22673
560000 0.0470247 1.27375
570000 0.0481862 1.32194
580000 0.0485795 1.37052
590000 0.050471 1.42099
600000 0.0518842 1.47288
610000 0.0530475 1.52592
620000 0.0523102 1.57823
630000 0.0535364 1.63177
640000 0.0554992 1.68727
650000 0.0557604 1.74303
660000 0.0567892 1.79982
670000 0.0579712 1.85779
680000 0.0589374 1.91673
690000 0.0585521 1.97528
700000 0.0597294 2.03501
710000 0.0613332 2.09634
720000 0.0619213 2.15826
730000 0.0624458 2.22071
740000 0.0640427 2.28475
750000 0.0652502 2.35
760000 0.0654021 2.4154
770000 0.0678766 2.48328
780000 0.0699097 2.55319
790000 0.0699135 2.6231
800000 0.0699702 2.69307
810000 0.0712737 2.76435
820000 0.0724734 2.83682
830000 0.0730873 2.90991
840000 0.0740523 2.98396
850000 0.0743717 3.05833
860000 0.0778422 3.13617
870000 0.0868841 3.22306
880000 0.0867745 3.30983
890000 0.0852199 3.39505
900000 0.0878707 3.48292
910000 0.0875575 3.57048
920000 0.0915289 3.66201
930000 0.0889624 3.75097
940000 0.0954153 3.84639
950000 0.100254 3.94664
960000 0.0999736 4.04661
970000 0.102911 4.14953
980000 0.109823 4.25935
990000 0.101394 4.36074
1000000 0.0960131 4.45676
1010000 0.0929491 4.54971
1020000 0.0912469 4.64095
1030000 0.0921456 4.7331
1040000 0.0934535 4.82655
1050000 0.103849 4.9304
1060000 0.0992535 5.02965
1070000 0.100853 5.13051
1080000 0.104399 5.23491
1090000 0.102983 5.33789
1100000 0.105043 5.44293
1110000 0.112827 5.55576
1120000 0.126171 5.68193
1130000 0.132854 5.81478
1140000 0.142574 5.95736
1150000 0.132625 6.08998
1160000 0.127018 6.217
1170000 0.123315 6.34032
1180000 0.119523 6.45984
1190000 0.117197 6.57704
1200000 0.123553 6.70059
1210000 0.116823 6.81741
1220000 0.119032 6.93644
1230000 0.124041 7.06048
1240000 0.12185 7.18234
1250000 0.121816 7.30415
1260000 0.125012 7.42916
1270000 0.122797 7.55196
1280000 0.127108 7.67907
1290000 0.146272 7.82534
1300000 0.151796 7.97714
1310000 0.157888 8.13502
1320000 0.15759 8.29261
1330000 0.161181 8.45379
1340000 0.155808 8.6096
1350000 0.142474 8.75208
1360000 0.137609 8.88969
1370000 0.136463 9.02615
1380000 0.140078 9.16623
1390000 0.136606 9.30283
1400000 0.135445 9.43828
1410000 0.135467 9.57375
1420000 0.136881 9.71063
1430000 0.139452 9.85008
1440000 0.152687 10.0028
1450000 0.146195 10.149
1460000 0.146585 10.2955
1470000 0.145654 10.4412
1480000 0.150924 10.5921
1490000 0.148549 10.7407
1500000 0.151749 10.8924
1510000 0.148913 11.0413
1520000 0.155068 11.1964
1530000 0.155194 11.3516
1540000 0.159228 11.5108
1550000 0.159615 11.6704
1560000 0.158291 11.8287
1570000 0.158218 11.9869
1580000 0.155936 12.1429
1590000 0.155686 12.2986
1600000 0.158642 12.4572
1610000 0.166451 12.6237
1620000 0.160698 12.7844
1630000 0.164718 12.9491
1640000 0.171881 13.121
1650000 0.171072 13.292
1660000 0.173956 13.466
1670000 0.172418 13.6384
1680000 0.174084 13.8125
1690000 0.179843 13.9923
1700000 0.197916 14.1902
1710000 0.192111 14.3824
1720000 0.203729 14.5861
1730000 0.201219 14.7873
1740000 0.194346 14.9817
1750000 0.197822 15.1795
1760000 0.216054 15.3955
1770000 0.205134 15.6007
1780000 0.20813 15.8088
1790000 0.217014 16.0258
1800000 0.203693 16.2295
1810000 0.202708 16.4322
1820000 0.199643 16.6319
1830000 0.199926 16.8318
1840000 0.205209 17.037
1850000 0.246339 17.2833
1860000 0.260508 17.5438
1870000 0.248454 17.7923
1880000 0.211348 18.0036
1890000 0.220095 18.2237
1900000 0.229158 18.4529
1910000 0.210339 18.6632
1920000 0.196087 18.8593
1930000 0.192483 19.0518
1940000 0.192103 19.2439
1950000 0.192252 19.4362
1960000 0.196193 19.6323
1970000 0.206568 19.8389
1980000 0.212639 20.0516
1990000 0.20326 20.2548
2000000 0.199311 20.4541
2010000 0.198931 20.6531
2020000 0.200494 20.8535
2030000 0.206136 21.0597
2040000 0.203862 21.2635
2050000 0.203427 21.467
2060000 0.204562 21.6715
2070000 0.206923 21.8785
2080000 0.209111 22.0876
2090000 0.209529 22.2971
